[2025-07-25T07:25:54.761+0000] {local_task_job_runner.py:120} INFO - ::group::Pre task execution logs
[2025-07-25T07:25:54.841+0000] {taskinstance.py:2076} INFO - Dependencies all met for dep_context=non-requeueable deps ti=<TaskInstance: tunestream_etl_pipeline.Stage_songs scheduled__2025-07-25T01:00:00+00:00 [queued]>
[2025-07-25T07:25:54.883+0000] {taskinstance.py:2076} INFO - Dependencies all met for dep_context=requeueable deps ti=<TaskInstance: tunestream_etl_pipeline.Stage_songs scheduled__2025-07-25T01:00:00+00:00 [queued]>
[2025-07-25T07:25:54.885+0000] {taskinstance.py:2306} INFO - Starting attempt 1 of 4
[2025-07-25T07:25:54.948+0000] {taskinstance.py:2330} INFO - Executing <Task(PythonOperator): Stage_songs> on 2025-07-25 01:00:00+00:00
[2025-07-25T07:25:54.973+0000] {standard_task_runner.py:63} INFO - Started process 916 to run task
[2025-07-25T07:25:54.986+0000] {standard_task_runner.py:90} INFO - Running: ['***', 'tasks', 'run', 'tunestream_etl_pipeline', 'Stage_songs', 'scheduled__2025-07-25T01:00:00+00:00', '--job-id', '200', '--raw', '--subdir', 'DAGS_FOLDER/final_exam_src.py', '--cfg-path', '/tmp/tmpcgv9gpb4']
[2025-07-25T07:25:55.005+0000] {standard_task_runner.py:91} INFO - Job 200: Subtask Stage_songs
[2025-07-25T07:25:55.292+0000] {task_command.py:426} INFO - Running <TaskInstance: tunestream_etl_pipeline.Stage_songs scheduled__2025-07-25T01:00:00+00:00 [running]> on host f0ac0c7b7f5e
[2025-07-25T07:25:55.634+0000] {taskinstance.py:2648} INFO - Exporting env vars: AIRFLOW_CTX_DAG_OWNER='QuangBLM1' AIRFLOW_CTX_DAG_ID='tunestream_etl_pipeline' AIRFLOW_CTX_TASK_ID='Stage_songs' AIRFLOW_CTX_EXECUTION_DATE='2025-07-25T01:00:00+00:00' AIRFLOW_CTX_TRY_NUMBER='1' AIRFLOW_CTX_DAG_RUN_ID='scheduled__2025-07-25T01:00:00+00:00'
[2025-07-25T07:25:55.643+0000] {taskinstance.py:430} INFO - ::endgroup::
[2025-07-25T07:25:55.688+0000] {base.py:84} INFO - Using connection ID 'postgres_default' for task execution.
[2025-07-25T07:25:55.725+0000] {sql.py:487} INFO - Running statement: TRUNCATE TABLE public.staging_songs;, parameters: None
[2025-07-25T07:25:55.974+0000] {base.py:84} INFO - Using connection ID 'postgres_default' for task execution.
[2025-07-25T07:25:55.999+0000] {sql.py:487} INFO - Running statement: 
    INSERT INTO public.staging_songs (
        num_songs, artist_id, artist_name, artist_latitude, artist_longitude, artist_location, song_id, title, duration, "year"
    ) VALUES (%s,%s,%s,%s,%s,%s,%s,%s,%s,%s);
    , parameters: (1, 'ARD7TVE1187B99BFB1', 'Casual', None, None, 'California - LA', 'SOMZWCG12A8C13C480', "I Didn't Mean To", 218.93179, 0)
[2025-07-25T07:25:56.004+0000] {sql.py:496} INFO - Rows affected: 1
[2025-07-25T07:25:56.102+0000] {base.py:84} INFO - Using connection ID 'postgres_default' for task execution.
[2025-07-25T07:25:56.144+0000] {sql.py:487} INFO - Running statement: 
    INSERT INTO public.staging_songs (
        num_songs, artist_id, artist_name, artist_latitude, artist_longitude, artist_location, song_id, title, duration, "year"
    ) VALUES (%s,%s,%s,%s,%s,%s,%s,%s,%s,%s);
    , parameters: (1, 'ARMJAGH1187FB546F3', 'The Box Tops', 35.14968, -90.04892, 'Memphis, TN', 'SOCIWDW12A8C13D406', 'Soul Deep', 148.03546, 1969)
[2025-07-25T07:25:56.150+0000] {sql.py:496} INFO - Rows affected: 1
[2025-07-25T07:25:56.258+0000] {base.py:84} INFO - Using connection ID 'postgres_default' for task execution.
[2025-07-25T07:25:56.286+0000] {sql.py:487} INFO - Running statement: 
    INSERT INTO public.staging_songs (
        num_songs, artist_id, artist_name, artist_latitude, artist_longitude, artist_location, song_id, title, duration, "year"
    ) VALUES (%s,%s,%s,%s,%s,%s,%s,%s,%s,%s);
    , parameters: (1, 'ARKRRTF1187B9984DA', 'Sonora Santanera', None, None, '', 'SOXVLOJ12AB0189215', 'Amor De Cabaret', 177.47546, 0)
[2025-07-25T07:25:56.288+0000] {sql.py:496} INFO - Rows affected: 1
[2025-07-25T07:25:56.345+0000] {base.py:84} INFO - Using connection ID 'postgres_default' for task execution.
[2025-07-25T07:25:56.383+0000] {sql.py:487} INFO - Running statement: 
    INSERT INTO public.staging_songs (
        num_songs, artist_id, artist_name, artist_latitude, artist_longitude, artist_location, song_id, title, duration, "year"
    ) VALUES (%s,%s,%s,%s,%s,%s,%s,%s,%s,%s);
    , parameters: (1, 'AR7G5I41187FB4CE6C', 'Adam Ant', None, None, 'London, England', 'SONHOTT12A8C13493C', 'Something Girls', 233.40363, 1982)
[2025-07-25T07:25:56.401+0000] {sql.py:496} INFO - Rows affected: 1
[2025-07-25T07:25:56.484+0000] {base.py:84} INFO - Using connection ID 'postgres_default' for task execution.
[2025-07-25T07:25:56.505+0000] {sql.py:487} INFO - Running statement: 
    INSERT INTO public.staging_songs (
        num_songs, artist_id, artist_name, artist_latitude, artist_longitude, artist_location, song_id, title, duration, "year"
    ) VALUES (%s,%s,%s,%s,%s,%s,%s,%s,%s,%s);
    , parameters: (1, 'ARXR32B1187FB57099', 'Gob', None, None, '', 'SOFSOCN12A8C143F5D', 'Face the Ashes', 209.60608, 2007)
[2025-07-25T07:25:56.507+0000] {sql.py:496} INFO - Rows affected: 1
[2025-07-25T07:25:56.573+0000] {base.py:84} INFO - Using connection ID 'postgres_default' for task execution.
[2025-07-25T07:25:56.602+0000] {sql.py:487} INFO - Running statement: 
    INSERT INTO public.staging_songs (
        num_songs, artist_id, artist_name, artist_latitude, artist_longitude, artist_location, song_id, title, duration, "year"
    ) VALUES (%s,%s,%s,%s,%s,%s,%s,%s,%s,%s);
    , parameters: (1, 'ARKFYS91187B98E58F', 'Jeff And Sheri Easter', None, None, '', 'SOYMRWW12A6D4FAB14', 'The Moon And I (Ordinary Day Album Version)', 267.7024, 0)
[2025-07-25T07:25:56.605+0000] {sql.py:496} INFO - Rows affected: 1
[2025-07-25T07:25:56.690+0000] {base.py:84} INFO - Using connection ID 'postgres_default' for task execution.
[2025-07-25T07:25:56.718+0000] {sql.py:487} INFO - Running statement: 
    INSERT INTO public.staging_songs (
        num_songs, artist_id, artist_name, artist_latitude, artist_longitude, artist_location, song_id, title, duration, "year"
    ) VALUES (%s,%s,%s,%s,%s,%s,%s,%s,%s,%s);
    , parameters: (1, 'ARD0S291187B9B7BF5', 'Rated R', None, None, 'Ohio', 'SOMJBYD12A6D4F8557', 'Keepin It Real (Skit)', 114.78159, 0)
[2025-07-25T07:25:56.721+0000] {sql.py:496} INFO - Rows affected: 1
[2025-07-25T07:25:56.776+0000] {base.py:84} INFO - Using connection ID 'postgres_default' for task execution.
[2025-07-25T07:25:56.798+0000] {sql.py:487} INFO - Running statement: 
    INSERT INTO public.staging_songs (
        num_songs, artist_id, artist_name, artist_latitude, artist_longitude, artist_location, song_id, title, duration, "year"
    ) VALUES (%s,%s,%s,%s,%s,%s,%s,%s,%s,%s);
    , parameters: (1, 'AR10USD1187B99F3F1', 'Tweeterfriendly Music', None, None, 'Burlington, Ontario, Canada', 'SOHKNRJ12A6701D1F8', 'Drop of Rain', 189.57016, 0)
[2025-07-25T07:25:56.800+0000] {sql.py:496} INFO - Rows affected: 1
[2025-07-25T07:25:56.883+0000] {base.py:84} INFO - Using connection ID 'postgres_default' for task execution.
[2025-07-25T07:25:56.903+0000] {sql.py:487} INFO - Running statement: 
    INSERT INTO public.staging_songs (
        num_songs, artist_id, artist_name, artist_latitude, artist_longitude, artist_location, song_id, title, duration, "year"
    ) VALUES (%s,%s,%s,%s,%s,%s,%s,%s,%s,%s);
    , parameters: (1, 'AR8ZCNI1187B9A069B', 'Planet P Project', None, None, '', 'SOIAZJW12AB01853F1', 'Pink World', 269.81832, 1984)
[2025-07-25T07:25:56.906+0000] {sql.py:496} INFO - Rows affected: 1
[2025-07-25T07:25:56.974+0000] {base.py:84} INFO - Using connection ID 'postgres_default' for task execution.
[2025-07-25T07:25:57.006+0000] {sql.py:487} INFO - Running statement: 
    INSERT INTO public.staging_songs (
        num_songs, artist_id, artist_name, artist_latitude, artist_longitude, artist_location, song_id, title, duration, "year"
    ) VALUES (%s,%s,%s,%s,%s,%s,%s,%s,%s,%s);
    , parameters: (1, 'ARNTLGG11E2835DDB9', 'Clp', None, None, '', 'SOUDSGM12AC9618304', 'Insatiable (Instrumental Version)', 266.39628, 0)
[2025-07-25T07:25:57.011+0000] {sql.py:496} INFO - Rows affected: 1
[2025-07-25T07:25:57.076+0000] {base.py:84} INFO - Using connection ID 'postgres_default' for task execution.
[2025-07-25T07:25:57.096+0000] {sql.py:487} INFO - Running statement: 
    INSERT INTO public.staging_songs (
        num_songs, artist_id, artist_name, artist_latitude, artist_longitude, artist_location, song_id, title, duration, "year"
    ) VALUES (%s,%s,%s,%s,%s,%s,%s,%s,%s,%s);
    , parameters: (1, 'ARGSJW91187B9B1D6B', 'JennyAnyKind', 35.21962, -80.01955, 'North Carolina', 'SOQHXMF12AB0182363', 'Young Boy Blues', 218.77506, 0)
[2025-07-25T07:25:57.099+0000] {sql.py:496} INFO - Rows affected: 1
[2025-07-25T07:25:57.175+0000] {base.py:84} INFO - Using connection ID 'postgres_default' for task execution.
[2025-07-25T07:25:57.190+0000] {sql.py:487} INFO - Running statement: 
    INSERT INTO public.staging_songs (
        num_songs, artist_id, artist_name, artist_latitude, artist_longitude, artist_location, song_id, title, duration, "year"
    ) VALUES (%s,%s,%s,%s,%s,%s,%s,%s,%s,%s);
    , parameters: (1, 'ARC43071187B990240', 'Wayne Watson', None, None, 'Wisner, LA', 'SOKEJEJ12A8C13E0D0', 'The Urgency (LP Version)', 245.21098, 0)
[2025-07-25T07:25:57.193+0000] {sql.py:496} INFO - Rows affected: 1
[2025-07-25T07:25:57.271+0000] {base.py:84} INFO - Using connection ID 'postgres_default' for task execution.
[2025-07-25T07:25:57.311+0000] {sql.py:487} INFO - Running statement: 
    INSERT INTO public.staging_songs (
        num_songs, artist_id, artist_name, artist_latitude, artist_longitude, artist_location, song_id, title, duration, "year"
    ) VALUES (%s,%s,%s,%s,%s,%s,%s,%s,%s,%s);
    , parameters: (1, 'ARL7K851187B99ACD2', 'Andy Andy', None, None, '', 'SOMUYGI12AB0188633', 'La Culpa', 226.35057, 0)
[2025-07-25T07:25:57.315+0000] {sql.py:496} INFO - Rows affected: 1
[2025-07-25T07:25:57.375+0000] {base.py:84} INFO - Using connection ID 'postgres_default' for task execution.
[2025-07-25T07:25:57.398+0000] {sql.py:487} INFO - Running statement: 
    INSERT INTO public.staging_songs (
        num_songs, artist_id, artist_name, artist_latitude, artist_longitude, artist_location, song_id, title, duration, "year"
    ) VALUES (%s,%s,%s,%s,%s,%s,%s,%s,%s,%s);
    , parameters: (1, 'ARHHO3O1187B989413', 'Bob Azzam', None, None, '', 'SORAMLE12AB017C8B0', 'Auguri Cha Cha', 191.84281, 0)
[2025-07-25T07:25:57.401+0000] {sql.py:496} INFO - Rows affected: 1
[2025-07-25T07:25:57.450+0000] {base.py:84} INFO - Using connection ID 'postgres_default' for task execution.
[2025-07-25T07:25:57.476+0000] {sql.py:487} INFO - Running statement: 
    INSERT INTO public.staging_songs (
        num_songs, artist_id, artist_name, artist_latitude, artist_longitude, artist_location, song_id, title, duration, "year"
    ) VALUES (%s,%s,%s,%s,%s,%s,%s,%s,%s,%s);
    , parameters: (1, 'ARIK43K1187B9AE54C', 'Lionel Richie', None, None, 'Beverly Hills, CA', 'SOBONFF12A6D4F84D8', 'Tonight Will Be Alright', 307.3824, 1986)
[2025-07-25T07:25:57.479+0000] {sql.py:496} INFO - Rows affected: 1
[2025-07-25T07:25:57.526+0000] {base.py:84} INFO - Using connection ID 'postgres_default' for task execution.
[2025-07-25T07:25:57.566+0000] {sql.py:487} INFO - Running statement: 
    INSERT INTO public.staging_songs (
        num_songs, artist_id, artist_name, artist_latitude, artist_longitude, artist_location, song_id, title, duration, "year"
    ) VALUES (%s,%s,%s,%s,%s,%s,%s,%s,%s,%s);
    , parameters: (1, 'ARD842G1187B997376', 'Blue Rodeo', 43.64856, -79.38533, 'Toronto, Ontario, Canada', 'SOHUOAP12A8AE488E9', 'Floating', 491.12771, 1987)
[2025-07-25T07:25:57.575+0000] {sql.py:496} INFO - Rows affected: 1
[2025-07-25T07:25:57.633+0000] {base.py:84} INFO - Using connection ID 'postgres_default' for task execution.
[2025-07-25T07:25:57.655+0000] {sql.py:487} INFO - Running statement: 
    INSERT INTO public.staging_songs (
        num_songs, artist_id, artist_name, artist_latitude, artist_longitude, artist_location, song_id, title, duration, "year"
    ) VALUES (%s,%s,%s,%s,%s,%s,%s,%s,%s,%s);
    , parameters: (1, 'ARIG6O41187B988BDD', 'Richard Souther', 37.16793, -95.84502, 'United States', 'SOUQQEA12A8C134B1B', 'High Tide', 228.5971, 0)
[2025-07-25T07:25:57.663+0000] {sql.py:496} INFO - Rows affected: 1
[2025-07-25T07:25:57.722+0000] {base.py:84} INFO - Using connection ID 'postgres_default' for task execution.
[2025-07-25T07:25:57.749+0000] {sql.py:487} INFO - Running statement: 
    INSERT INTO public.staging_songs (
        num_songs, artist_id, artist_name, artist_latitude, artist_longitude, artist_location, song_id, title, duration, "year"
    ) VALUES (%s,%s,%s,%s,%s,%s,%s,%s,%s,%s);
    , parameters: (1, 'AR1ZHYZ1187FB3C717', 'Faiz Ali Faiz', None, None, '', 'SOILPQQ12AB017E82A', 'Sohna Nee Sohna Data', 599.24853, 0)
[2025-07-25T07:25:57.751+0000] {sql.py:496} INFO - Rows affected: 1
[2025-07-25T07:25:57.801+0000] {base.py:84} INFO - Using connection ID 'postgres_default' for task execution.
[2025-07-25T07:25:57.819+0000] {sql.py:487} INFO - Running statement: 
    INSERT INTO public.staging_songs (
        num_songs, artist_id, artist_name, artist_latitude, artist_longitude, artist_location, song_id, title, duration, "year"
    ) VALUES (%s,%s,%s,%s,%s,%s,%s,%s,%s,%s);
    , parameters: (1, 'ARYKCQI1187FB3B18F', 'Tesla', None, None, '', 'SOXLBJT12A8C140925', 'Caught In A Dream', 290.29832, 2004)
[2025-07-25T07:25:57.823+0000] {sql.py:496} INFO - Rows affected: 1
[2025-07-25T07:25:57.864+0000] {base.py:84} INFO - Using connection ID 'postgres_default' for task execution.
[2025-07-25T07:25:57.889+0000] {sql.py:487} INFO - Running statement: 
    INSERT INTO public.staging_songs (
        num_songs, artist_id, artist_name, artist_latitude, artist_longitude, artist_location, song_id, title, duration, "year"
    ) VALUES (%s,%s,%s,%s,%s,%s,%s,%s,%s,%s);
    , parameters: (1, 'ARNPAGP1241B9C7FD4', 'lextrical', None, None, '', 'SOZVMJI12AB01808AF', 'Synthetic Dream', 165.69424, 0)
[2025-07-25T07:25:57.894+0000] {sql.py:496} INFO - Rows affected: 1
[2025-07-25T07:25:57.937+0000] {base.py:84} INFO - Using connection ID 'postgres_default' for task execution.
[2025-07-25T07:25:57.972+0000] {sql.py:487} INFO - Running statement: 
    INSERT INTO public.staging_songs (
        num_songs, artist_id, artist_name, artist_latitude, artist_longitude, artist_location, song_id, title, duration, "year"
    ) VALUES (%s,%s,%s,%s,%s,%s,%s,%s,%s,%s);
    , parameters: (1, 'ARQGYP71187FB44566', 'Jimmy Wakely', 34.31109, -94.02978, 'Mineola, AR', 'SOWTBJW12AC468AC6E', 'Broken-Down Merry-Go-Round', 151.84934, 0)
[2025-07-25T07:25:57.975+0000] {sql.py:496} INFO - Rows affected: 1
[2025-07-25T07:25:58.026+0000] {base.py:84} INFO - Using connection ID 'postgres_default' for task execution.
[2025-07-25T07:25:58.053+0000] {sql.py:487} INFO - Running statement: 
    INSERT INTO public.staging_songs (
        num_songs, artist_id, artist_name, artist_latitude, artist_longitude, artist_location, song_id, title, duration, "year"
    ) VALUES (%s,%s,%s,%s,%s,%s,%s,%s,%s,%s);
    , parameters: (1, 'ARI3BMM1187FB4255E', 'Alice Stuart', 38.8991, -77.029, 'Washington', 'SOBEBDG12A58A76D60', 'Kassie Jones', 220.78649, 0)
[2025-07-25T07:25:58.056+0000] {sql.py:496} INFO - Rows affected: 1
[2025-07-25T07:25:58.123+0000] {base.py:84} INFO - Using connection ID 'postgres_default' for task execution.
[2025-07-25T07:25:58.152+0000] {sql.py:487} INFO - Running statement: 
    INSERT INTO public.staging_songs (
        num_songs, artist_id, artist_name, artist_latitude, artist_longitude, artist_location, song_id, title, duration, "year"
    ) VALUES (%s,%s,%s,%s,%s,%s,%s,%s,%s,%s);
    , parameters: (1, 'AR5KOSW1187FB35FF4', 'Elena', 49.80388, 15.47491, 'Dubai UAE', 'SOZCTXZ12AB0182364', 'Setanta matins', 269.58322, 0)
[2025-07-25T07:25:58.158+0000] {sql.py:496} INFO - Rows affected: 1
[2025-07-25T07:25:58.208+0000] {base.py:84} INFO - Using connection ID 'postgres_default' for task execution.
[2025-07-25T07:25:58.244+0000] {sql.py:487} INFO - Running statement: 
    INSERT INTO public.staging_songs (
        num_songs, artist_id, artist_name, artist_latitude, artist_longitude, artist_location, song_id, title, duration, "year"
    ) VALUES (%s,%s,%s,%s,%s,%s,%s,%s,%s,%s);
    , parameters: (1, 'ARMAC4T1187FB3FA4C', 'The Dillinger Escape Plan', 40.82624, -74.47995, 'Morris Plains, NJ', 'SOBBUGU12A8C13E95D', 'Setting Fire to Sleeping Giants', 207.77751, 2004)
[2025-07-25T07:25:58.247+0000] {sql.py:496} INFO - Rows affected: 1
[2025-07-25T07:25:58.343+0000] {base.py:84} INFO - Using connection ID 'postgres_default' for task execution.
[2025-07-25T07:25:58.354+0000] {sql.py:487} INFO - Running statement: 
    INSERT INTO public.staging_songs (
        num_songs, artist_id, artist_name, artist_latitude, artist_longitude, artist_location, song_id, title, duration, "year"
    ) VALUES (%s,%s,%s,%s,%s,%s,%s,%s,%s,%s);
    , parameters: (1, 'AR47JEX1187B995D81', 'SUE THOMPSON', 37.83721, -94.35868, 'Nevada, MO', 'SOBLGCN12AB0183212', 'James (Hold The Ladder Steady)', 124.86485, 1985)
[2025-07-25T07:25:58.360+0000] {sql.py:496} INFO - Rows affected: 1
[2025-07-25T07:25:58.406+0000] {base.py:84} INFO - Using connection ID 'postgres_default' for task execution.
[2025-07-25T07:25:58.422+0000] {sql.py:487} INFO - Running statement: 
    INSERT INTO public.staging_songs (
        num_songs, artist_id, artist_name, artist_latitude, artist_longitude, artist_location, song_id, title, duration, "year"
    ) VALUES (%s,%s,%s,%s,%s,%s,%s,%s,%s,%s);
    , parameters: (1, 'ARGIWFO1187B9B55B7', 'Five Bolt Main', None, None, '', 'SOPSWQW12A6D4F8781', 'Made Like This (Live)', 225.09669, 0)
[2025-07-25T07:25:58.426+0000] {sql.py:496} INFO - Rows affected: 1
[2025-07-25T07:25:58.491+0000] {base.py:84} INFO - Using connection ID 'postgres_default' for task execution.
[2025-07-25T07:25:58.513+0000] {sql.py:487} INFO - Running statement: 
    INSERT INTO public.staging_songs (
        num_songs, artist_id, artist_name, artist_latitude, artist_longitude, artist_location, song_id, title, duration, "year"
    ) VALUES (%s,%s,%s,%s,%s,%s,%s,%s,%s,%s);
    , parameters: (1, 'ARNTLGG11E2835DDB9', 'Clp', None, None, '', 'SOZQDIU12A58A7BCF6', 'Superconfidential', 338.31138, 0)
[2025-07-25T07:25:58.516+0000] {sql.py:496} INFO - Rows affected: 1
[2025-07-25T07:25:58.593+0000] {base.py:84} INFO - Using connection ID 'postgres_default' for task execution.
[2025-07-25T07:25:58.603+0000] {sql.py:487} INFO - Running statement: 
    INSERT INTO public.staging_songs (
        num_songs, artist_id, artist_name, artist_latitude, artist_longitude, artist_location, song_id, title, duration, "year"
    ) VALUES (%s,%s,%s,%s,%s,%s,%s,%s,%s,%s);
    , parameters: (1, 'ARDNS031187B9924F0', 'Tim Wilson', 32.67828, -83.22295, 'Georgia', 'SONYPOM12A8C13B2D7', 'I Think My Wife Is Running Around On Me (Taco Hell)', 186.48771, 2005)
[2025-07-25T07:25:58.607+0000] {sql.py:496} INFO - Rows affected: 1
[2025-07-25T07:25:58.668+0000] {base.py:84} INFO - Using connection ID 'postgres_default' for task execution.
[2025-07-25T07:25:58.687+0000] {sql.py:487} INFO - Running statement: 
    INSERT INTO public.staging_songs (
        num_songs, artist_id, artist_name, artist_latitude, artist_longitude, artist_location, song_id, title, duration, "year"
    ) VALUES (%s,%s,%s,%s,%s,%s,%s,%s,%s,%s);
    , parameters: (1, 'AROUOZZ1187B9ABE51', 'Willie Bobo', 40.79195, -73.94512, 'New York, NY [Spanish Harlem]', 'SOBZBAZ12A6D4F8742', 'Spanish Grease', 168.25424, 1997)
[2025-07-25T07:25:58.691+0000] {sql.py:496} INFO - Rows affected: 1
[2025-07-25T07:25:58.748+0000] {base.py:84} INFO - Using connection ID 'postgres_default' for task execution.
[2025-07-25T07:25:58.766+0000] {sql.py:487} INFO - Running statement: 
    INSERT INTO public.staging_songs (
        num_songs, artist_id, artist_name, artist_latitude, artist_longitude, artist_location, song_id, title, duration, "year"
    ) VALUES (%s,%s,%s,%s,%s,%s,%s,%s,%s,%s);
    , parameters: (1, 'ARH4Z031187B9A71F2', 'Faye Adams', 40.73197, -74.17418, 'Newark, NJ', 'SOVYKGO12AB0187199', 'Crazy Mixed Up World', 156.39465, 1961)
[2025-07-25T07:25:58.769+0000] {sql.py:496} INFO - Rows affected: 1
[2025-07-25T07:25:58.822+0000] {base.py:84} INFO - Using connection ID 'postgres_default' for task execution.
[2025-07-25T07:25:58.835+0000] {sql.py:487} INFO - Running statement: 
    INSERT INTO public.staging_songs (
        num_songs, artist_id, artist_name, artist_latitude, artist_longitude, artist_location, song_id, title, duration, "year"
    ) VALUES (%s,%s,%s,%s,%s,%s,%s,%s,%s,%s);
    , parameters: (1, 'ARB29H41187B98F0EF', 'Terry Callier', 41.88415, -87.63241, 'Chicago', 'SOGNCJP12A58A80271', 'Do You Finally Need A Friend', 342.56934, 1972)
[2025-07-25T07:25:58.838+0000] {sql.py:496} INFO - Rows affected: 1
[2025-07-25T07:25:58.902+0000] {base.py:84} INFO - Using connection ID 'postgres_default' for task execution.
[2025-07-25T07:25:58.921+0000] {sql.py:487} INFO - Running statement: 
    INSERT INTO public.staging_songs (
        num_songs, artist_id, artist_name, artist_latitude, artist_longitude, artist_location, song_id, title, duration, "year"
    ) VALUES (%s,%s,%s,%s,%s,%s,%s,%s,%s,%s);
    , parameters: (1, 'AR1Y2PT1187FB5B9CE', 'John Wesley', 27.94017, -82.32547, 'Brandon', 'SOLLHMX12AB01846DC', 'The Emperor Falls', 484.62322, 0)
[2025-07-25T07:25:58.926+0000] {sql.py:496} INFO - Rows affected: 1
[2025-07-25T07:25:58.978+0000] {base.py:84} INFO - Using connection ID 'postgres_default' for task execution.
[2025-07-25T07:25:58.998+0000] {sql.py:487} INFO - Running statement: 
    INSERT INTO public.staging_songs (
        num_songs, artist_id, artist_name, artist_latitude, artist_longitude, artist_location, song_id, title, duration, "year"
    ) VALUES (%s,%s,%s,%s,%s,%s,%s,%s,%s,%s);
    , parameters: (1, 'ARAJPHH1187FB5566A', 'The Shangri-Las', 40.7038, -73.83168, 'Queens, NY', 'SOYTPEP12AB0180E7B', 'Twist and Shout', 164.80608, 1964)
[2025-07-25T07:25:59.000+0000] {sql.py:496} INFO - Rows affected: 1
[2025-07-25T07:25:59.049+0000] {base.py:84} INFO - Using connection ID 'postgres_default' for task execution.
[2025-07-25T07:25:59.074+0000] {sql.py:487} INFO - Running statement: 
    INSERT INTO public.staging_songs (
        num_songs, artist_id, artist_name, artist_latitude, artist_longitude, artist_location, song_id, title, duration, "year"
    ) VALUES (%s,%s,%s,%s,%s,%s,%s,%s,%s,%s);
    , parameters: (1, 'AR0RCMP1187FB3F427', 'Billie Jo Spears', 30.08615, -94.10158, 'Beaumont, TX', 'SOGXHEG12AB018653E', 'It Makes No Difference Now', 133.32853, 1992)
[2025-07-25T07:25:59.076+0000] {sql.py:496} INFO - Rows affected: 1
[2025-07-25T07:25:59.149+0000] {base.py:84} INFO - Using connection ID 'postgres_default' for task execution.
[2025-07-25T07:25:59.167+0000] {sql.py:487} INFO - Running statement: 
    INSERT INTO public.staging_songs (
        num_songs, artist_id, artist_name, artist_latitude, artist_longitude, artist_location, song_id, title, duration, "year"
    ) VALUES (%s,%s,%s,%s,%s,%s,%s,%s,%s,%s);
    , parameters: (1, 'AREBBGV1187FB523D2', "Mike Jones (Featuring CJ_ Mello & Lil' Bran)", None, None, 'Houston, TX', 'SOOLYAZ12A6701F4A6', 'Laws Patrolling (Album Version)', 173.66159, 0)
[2025-07-25T07:25:59.175+0000] {sql.py:496} INFO - Rows affected: 1
[2025-07-25T07:25:59.231+0000] {base.py:84} INFO - Using connection ID 'postgres_default' for task execution.
[2025-07-25T07:25:59.253+0000] {sql.py:487} INFO - Running statement: 
    INSERT INTO public.staging_songs (
        num_songs, artist_id, artist_name, artist_latitude, artist_longitude, artist_location, song_id, title, duration, "year"
    ) VALUES (%s,%s,%s,%s,%s,%s,%s,%s,%s,%s);
    , parameters: (1, 'ARGUVEV1187B98BA17', 'Sierra Maestra', None, None, '', 'SOGOSOV12AF72A285E', '¿Dónde va Chichi?', 313.12934, 1997)
[2025-07-25T07:25:59.256+0000] {sql.py:496} INFO - Rows affected: 1
[2025-07-25T07:25:59.353+0000] {base.py:84} INFO - Using connection ID 'postgres_default' for task execution.
[2025-07-25T07:25:59.371+0000] {sql.py:487} INFO - Running statement: 
    INSERT INTO public.staging_songs (
        num_songs, artist_id, artist_name, artist_latitude, artist_longitude, artist_location, song_id, title, duration, "year"
    ) VALUES (%s,%s,%s,%s,%s,%s,%s,%s,%s,%s);
    , parameters: (1, 'ARD7TVE1187B99BFB1', 'Casual', None, None, 'California - LA', 'SOQLGFP12A58A7800E', 'OAKtown', 259.44771, 0)
[2025-07-25T07:25:59.373+0000] {sql.py:496} INFO - Rows affected: 1
[2025-07-25T07:25:59.457+0000] {base.py:84} INFO - Using connection ID 'postgres_default' for task execution.
[2025-07-25T07:25:59.478+0000] {sql.py:487} INFO - Running statement: 
    INSERT INTO public.staging_songs (
        num_songs, artist_id, artist_name, artist_latitude, artist_longitude, artist_location, song_id, title, duration, "year"
    ) VALUES (%s,%s,%s,%s,%s,%s,%s,%s,%s,%s);
    , parameters: (1, 'AR3JMC51187B9AE49D', 'Backstreet Boys', 28.53823, -81.37739, 'Orlando, FL', 'SOPVXLX12A8C1402D5', 'Larger Than Life', 236.25098, 1999)
[2025-07-25T07:25:59.483+0000] {sql.py:496} INFO - Rows affected: 1
[2025-07-25T07:25:59.539+0000] {base.py:84} INFO - Using connection ID 'postgres_default' for task execution.
[2025-07-25T07:25:59.558+0000] {sql.py:487} INFO - Running statement: 
    INSERT INTO public.staging_songs (
        num_songs, artist_id, artist_name, artist_latitude, artist_longitude, artist_location, song_id, title, duration, "year"
    ) VALUES (%s,%s,%s,%s,%s,%s,%s,%s,%s,%s);
    , parameters: (1, 'ARPBNLO1187FB3D52F', 'Tiny Tim', 40.71455, -74.00712, 'New York, NY', 'SOAOIBZ12AB01815BE', 'I Hold Your Hand In Mine [Live At Royal Albert Hall]', 43.36281, 2000)
[2025-07-25T07:25:59.562+0000] {sql.py:496} INFO - Rows affected: 1
[2025-07-25T07:25:59.646+0000] {base.py:84} INFO - Using connection ID 'postgres_default' for task execution.
[2025-07-25T07:25:59.706+0000] {sql.py:487} INFO - Running statement: 
    INSERT INTO public.staging_songs (
        num_songs, artist_id, artist_name, artist_latitude, artist_longitude, artist_location, song_id, title, duration, "year"
    ) VALUES (%s,%s,%s,%s,%s,%s,%s,%s,%s,%s);
    , parameters: (1, 'AR9AWNF1187B9AB0B4', 'Kenny G featuring Daryl Hall', None, None, 'Seattle, Washington USA', 'SOZHPGD12A8C1394FE', 'Baby Come To Me', 236.93016, 0)
[2025-07-25T07:25:59.727+0000] {sql.py:496} INFO - Rows affected: 1
[2025-07-25T07:25:59.837+0000] {base.py:84} INFO - Using connection ID 'postgres_default' for task execution.
[2025-07-25T07:25:59.882+0000] {sql.py:487} INFO - Running statement: 
    INSERT INTO public.staging_songs (
        num_songs, artist_id, artist_name, artist_latitude, artist_longitude, artist_location, song_id, title, duration, "year"
    ) VALUES (%s,%s,%s,%s,%s,%s,%s,%s,%s,%s);
    , parameters: (1, 'AROGWRA122988FEE45', 'Christos Dantis', None, None, '', 'SOSLAVG12A8C13397F', 'Den Pai Alo', 243.82649, 0)
[2025-07-25T07:25:59.886+0000] {sql.py:496} INFO - Rows affected: 1
[2025-07-25T07:25:59.960+0000] {base.py:84} INFO - Using connection ID 'postgres_default' for task execution.
[2025-07-25T07:25:59.974+0000] {sql.py:487} INFO - Running statement: 
    INSERT INTO public.staging_songs (
        num_songs, artist_id, artist_name, artist_latitude, artist_longitude, artist_location, song_id, title, duration, "year"
    ) VALUES (%s,%s,%s,%s,%s,%s,%s,%s,%s,%s);
    , parameters: (1, 'ARMBR4Y1187B9990EB', 'David Martin', 37.77916, -122.42005, 'California - SF', 'SOTTDKS12AB018D69B', 'It Wont Be Christmas', 241.47546, 0)
[2025-07-25T07:25:59.977+0000] {sql.py:496} INFO - Rows affected: 1
[2025-07-25T07:26:00.064+0000] {base.py:84} INFO - Using connection ID 'postgres_default' for task execution.
[2025-07-25T07:26:00.102+0000] {sql.py:487} INFO - Running statement: 
    INSERT INTO public.staging_songs (
        num_songs, artist_id, artist_name, artist_latitude, artist_longitude, artist_location, song_id, title, duration, "year"
    ) VALUES (%s,%s,%s,%s,%s,%s,%s,%s,%s,%s);
    , parameters: (1, 'ARQ9BO41187FB5CF1F', 'John Davis', 40.99471, -77.60454, 'Pennsylvania', 'SOMVWWT12A58A7AE05', 'Knocked Out Of The Park', 183.17016, 0)
[2025-07-25T07:26:00.119+0000] {sql.py:496} INFO - Rows affected: 1
[2025-07-25T07:26:00.245+0000] {base.py:84} INFO - Using connection ID 'postgres_default' for task execution.
[2025-07-25T07:26:00.265+0000] {sql.py:487} INFO - Running statement: 
    INSERT INTO public.staging_songs (
        num_songs, artist_id, artist_name, artist_latitude, artist_longitude, artist_location, song_id, title, duration, "year"
    ) VALUES (%s,%s,%s,%s,%s,%s,%s,%s,%s,%s);
    , parameters: (1, 'ARKULSX1187FB45F84', 'Trafik', 39.49974, -111.54732, 'Utah', 'SOQVMXR12A81C21483', 'Salt In NYC', 424.12363, 0)
[2025-07-25T07:26:00.269+0000] {sql.py:496} INFO - Rows affected: 1
[2025-07-25T07:26:00.407+0000] {base.py:84} INFO - Using connection ID 'postgres_default' for task execution.
[2025-07-25T07:26:00.500+0000] {sql.py:487} INFO - Running statement: 
    INSERT INTO public.staging_songs (
        num_songs, artist_id, artist_name, artist_latitude, artist_longitude, artist_location, song_id, title, duration, "year"
    ) VALUES (%s,%s,%s,%s,%s,%s,%s,%s,%s,%s);
    , parameters: (1, 'ARI2JSK1187FB496EF', 'Nick Ingman;Gavyn Wright', 51.50632, -0.12714, 'London, England', 'SODUJBS12A8C132150', 'Wessex Loses a Bride', 111.62077, 0)
[2025-07-25T07:26:00.507+0000] {sql.py:496} INFO - Rows affected: 1
[2025-07-25T07:26:00.606+0000] {base.py:84} INFO - Using connection ID 'postgres_default' for task execution.
[2025-07-25T07:26:00.635+0000] {sql.py:487} INFO - Running statement: 
    INSERT INTO public.staging_songs (
        num_songs, artist_id, artist_name, artist_latitude, artist_longitude, artist_location, song_id, title, duration, "year"
    ) VALUES (%s,%s,%s,%s,%s,%s,%s,%s,%s,%s);
    , parameters: (1, 'AREDBBQ1187B98AFF5', 'Eddie Calvert', None, None, '', 'SOBBXLX12A58A79DDA', 'Erica (2005 Digital Remaster)', 138.63138, 0)
[2025-07-25T07:26:00.639+0000] {sql.py:496} INFO - Rows affected: 1
[2025-07-25T07:26:00.822+0000] {base.py:84} INFO - Using connection ID 'postgres_default' for task execution.
[2025-07-25T07:26:00.855+0000] {sql.py:487} INFO - Running statement: 
    INSERT INTO public.staging_songs (
        num_songs, artist_id, artist_name, artist_latitude, artist_longitude, artist_location, song_id, title, duration, "year"
    ) VALUES (%s,%s,%s,%s,%s,%s,%s,%s,%s,%s);
    , parameters: (1, 'AR7ZKHQ1187B98DD73', 'Glad', None, None, '', 'SOTUKVB12AB0181477', 'Blessed Assurance', 270.602, 1993)
[2025-07-25T07:26:00.899+0000] {sql.py:496} INFO - Rows affected: 1
[2025-07-25T07:26:00.990+0000] {base.py:84} INFO - Using connection ID 'postgres_default' for task execution.
[2025-07-25T07:26:01.022+0000] {sql.py:487} INFO - Running statement: 
    INSERT INTO public.staging_songs (
        num_songs, artist_id, artist_name, artist_latitude, artist_longitude, artist_location, song_id, title, duration, "year"
    ) VALUES (%s,%s,%s,%s,%s,%s,%s,%s,%s,%s);
    , parameters: (1, 'ARBGXIG122988F409D', 'Steel Rain', 37.77916, -122.42005, 'California - SF', 'SOOJPRH12A8C141995', 'Loaded Like A Gun', 173.19138, 0)
[2025-07-25T07:26:01.031+0000] {sql.py:496} INFO - Rows affected: 1
[2025-07-25T07:26:01.109+0000] {base.py:84} INFO - Using connection ID 'postgres_default' for task execution.
[2025-07-25T07:26:01.150+0000] {sql.py:487} INFO - Running statement: 
    INSERT INTO public.staging_songs (
        num_songs, artist_id, artist_name, artist_latitude, artist_longitude, artist_location, song_id, title, duration, "year"
    ) VALUES (%s,%s,%s,%s,%s,%s,%s,%s,%s,%s);
    , parameters: (1, 'AR7SMBG1187B9B9066', 'Los Manolos', None, None, '', 'SOBCOSW12A8C13D398', 'Rumba De Barcelona', 218.38322, 0)
[2025-07-25T07:26:01.155+0000] {sql.py:496} INFO - Rows affected: 1
[2025-07-25T07:26:01.293+0000] {base.py:84} INFO - Using connection ID 'postgres_default' for task execution.
[2025-07-25T07:26:01.381+0000] {sql.py:487} INFO - Running statement: 
    INSERT INTO public.staging_songs (
        num_songs, artist_id, artist_name, artist_latitude, artist_longitude, artist_location, song_id, title, duration, "year"
    ) VALUES (%s,%s,%s,%s,%s,%s,%s,%s,%s,%s);
    , parameters: (1, 'ARGCY1Y1187B9A4FA5', 'Gloriana', 36.16778, -86.77836, 'Nashville, TN.', 'SOQOTLQ12AB01868D0', 'Clementina Santafè', 153.33832, 0)
[2025-07-25T07:26:01.388+0000] {sql.py:496} INFO - Rows affected: 1
[2025-07-25T07:26:01.439+0000] {base.py:84} INFO - Using connection ID 'postgres_default' for task execution.
[2025-07-25T07:26:01.457+0000] {sql.py:487} INFO - Running statement: 
    INSERT INTO public.staging_songs (
        num_songs, artist_id, artist_name, artist_latitude, artist_longitude, artist_location, song_id, title, duration, "year"
    ) VALUES (%s,%s,%s,%s,%s,%s,%s,%s,%s,%s);
    , parameters: (1, 'AR36F9J1187FB406F1', 'Bombay Rockers', 56.27609, 9.51695, 'Denmark', 'SOBKWDJ12A8C13B2F3', 'Wild Rose (Back 2 Basics Mix)', 230.71302, 0)
[2025-07-25T07:26:01.486+0000] {sql.py:496} INFO - Rows affected: 1
[2025-07-25T07:26:01.535+0000] {base.py:84} INFO - Using connection ID 'postgres_default' for task execution.
[2025-07-25T07:26:01.606+0000] {sql.py:487} INFO - Running statement: 
    INSERT INTO public.staging_songs (
        num_songs, artist_id, artist_name, artist_latitude, artist_longitude, artist_location, song_id, title, duration, "year"
    ) VALUES (%s,%s,%s,%s,%s,%s,%s,%s,%s,%s);
    , parameters: (1, 'ARNNKDK1187B98BBD5', 'Jinx', 45.80726, 15.9676, 'Zagreb Croatia', 'SOFNOQK12AB01840FC', 'Kutt Free (DJ Volume Remix)', 407.37914, 0)
[2025-07-25T07:26:01.620+0000] {sql.py:496} INFO - Rows affected: 1
[2025-07-25T07:26:01.691+0000] {base.py:84} INFO - Using connection ID 'postgres_default' for task execution.
[2025-07-25T07:26:01.726+0000] {sql.py:487} INFO - Running statement: 
    INSERT INTO public.staging_songs (
        num_songs, artist_id, artist_name, artist_latitude, artist_longitude, artist_location, song_id, title, duration, "year"
    ) VALUES (%s,%s,%s,%s,%s,%s,%s,%s,%s,%s);
    , parameters: (1, 'AR62SOJ1187FB47BB5', 'Chase & Status', None, None, '', 'SOGVQGJ12AB017F169', 'Ten Tonne', 337.68444, 2005)
[2025-07-25T07:26:01.728+0000] {sql.py:496} INFO - Rows affected: 1
[2025-07-25T07:26:01.786+0000] {base.py:84} INFO - Using connection ID 'postgres_default' for task execution.
[2025-07-25T07:26:01.809+0000] {sql.py:487} INFO - Running statement: 
    INSERT INTO public.staging_songs (
        num_songs, artist_id, artist_name, artist_latitude, artist_longitude, artist_location, song_id, title, duration, "year"
    ) VALUES (%s,%s,%s,%s,%s,%s,%s,%s,%s,%s);
    , parameters: (1, 'ARBEBBY1187B9B43DB', 'Tom Petty', None, None, 'Gainesville, FL', 'SOFFKZS12AB017F194', 'A Higher Place (Album Version)', 236.17261, 1994)
[2025-07-25T07:26:01.814+0000] {sql.py:496} INFO - Rows affected: 1
[2025-07-25T07:26:01.855+0000] {base.py:84} INFO - Using connection ID 'postgres_default' for task execution.
[2025-07-25T07:26:01.868+0000] {sql.py:487} INFO - Running statement: 
    INSERT INTO public.staging_songs (
        num_songs, artist_id, artist_name, artist_latitude, artist_longitude, artist_location, song_id, title, duration, "year"
    ) VALUES (%s,%s,%s,%s,%s,%s,%s,%s,%s,%s);
    , parameters: (1, 'ARDR4AC1187FB371A1', 'Montserrat Caballé;Placido Domingo;Vicente Sardinero;Judith Blegen;Sherrill Milnes;Georg Solti', None, None, '', 'SOBAYLL12A8C138AF9', 'Sono andati? Fingevo di dormire', 511.16363, 0)
[2025-07-25T07:26:01.873+0000] {sql.py:496} INFO - Rows affected: 1
[2025-07-25T07:26:01.937+0000] {base.py:84} INFO - Using connection ID 'postgres_default' for task execution.
[2025-07-25T07:26:01.959+0000] {sql.py:487} INFO - Running statement: 
    INSERT INTO public.staging_songs (
        num_songs, artist_id, artist_name, artist_latitude, artist_longitude, artist_location, song_id, title, duration, "year"
    ) VALUES (%s,%s,%s,%s,%s,%s,%s,%s,%s,%s);
    , parameters: (1, 'ARAGB2O1187FB3A161', 'Pucho & His Latin Soul Brothers', None, None, '', 'SOLEYHO12AB0188A85', 'Got My Mojo Workin', 338.23302, 0)
[2025-07-25T07:26:01.961+0000] {sql.py:496} INFO - Rows affected: 1
[2025-07-25T07:26:02.011+0000] {base.py:84} INFO - Using connection ID 'postgres_default' for task execution.
[2025-07-25T07:26:02.032+0000] {sql.py:487} INFO - Running statement: 
    INSERT INTO public.staging_songs (
        num_songs, artist_id, artist_name, artist_latitude, artist_longitude, artist_location, song_id, title, duration, "year"
    ) VALUES (%s,%s,%s,%s,%s,%s,%s,%s,%s,%s);
    , parameters: (1, 'AREDL271187FB40F44', 'Soul Mekanik', None, None, '', 'SOPEGZN12AB0181B3D', 'Get Your Head Stuck On Your Neck', 45.66159, 0)
[2025-07-25T07:26:02.037+0000] {sql.py:496} INFO - Rows affected: 1
[2025-07-25T07:26:02.103+0000] {base.py:84} INFO - Using connection ID 'postgres_default' for task execution.
[2025-07-25T07:26:02.154+0000] {sql.py:487} INFO - Running statement: 
    INSERT INTO public.staging_songs (
        num_songs, artist_id, artist_name, artist_latitude, artist_longitude, artist_location, song_id, title, duration, "year"
    ) VALUES (%s,%s,%s,%s,%s,%s,%s,%s,%s,%s);
    , parameters: (1, 'ARP6N5A1187B99D1A3', 'Mitch Ryder', None, None, 'Hamtramck, MI', 'SOXILUQ12A58A7C72A', 'Jenny Take a Ride', 207.43791, 2004)
[2025-07-25T07:26:02.157+0000] {sql.py:496} INFO - Rows affected: 1
[2025-07-25T07:26:02.227+0000] {base.py:84} INFO - Using connection ID 'postgres_default' for task execution.
[2025-07-25T07:26:02.248+0000] {sql.py:487} INFO - Running statement: 
    INSERT INTO public.staging_songs (
        num_songs, artist_id, artist_name, artist_latitude, artist_longitude, artist_location, song_id, title, duration, "year"
    ) VALUES (%s,%s,%s,%s,%s,%s,%s,%s,%s,%s);
    , parameters: (1, 'ARGSAFR1269FB35070', 'Blingtones', None, None, '', 'SOTCKKY12AB018A141', 'Sonnerie lalaleulé hi houuu', 29.54404, 0)
[2025-07-25T07:26:02.255+0000] {sql.py:496} INFO - Rows affected: 1
[2025-07-25T07:26:02.345+0000] {base.py:84} INFO - Using connection ID 'postgres_default' for task execution.
[2025-07-25T07:26:02.380+0000] {sql.py:487} INFO - Running statement: 
    INSERT INTO public.staging_songs (
        num_songs, artist_id, artist_name, artist_latitude, artist_longitude, artist_location, song_id, title, duration, "year"
    ) VALUES (%s,%s,%s,%s,%s,%s,%s,%s,%s,%s);
    , parameters: (1, 'ARULZCI1241B9C8611', 'Luna Orbit Project', None, None, '', 'SOSWKAV12AB018FC91', 'Midnight Star', 335.51628, 0)
[2025-07-25T07:26:02.384+0000] {sql.py:496} INFO - Rows affected: 1
[2025-07-25T07:26:02.462+0000] {base.py:84} INFO - Using connection ID 'postgres_default' for task execution.
[2025-07-25T07:26:02.494+0000] {sql.py:487} INFO - Running statement: 
    INSERT INTO public.staging_songs (
        num_songs, artist_id, artist_name, artist_latitude, artist_longitude, artist_location, song_id, title, duration, "year"
    ) VALUES (%s,%s,%s,%s,%s,%s,%s,%s,%s,%s);
    , parameters: (1, 'AR0IAWL1187B9A96D0', 'Danilo Perez', 8.4177, -80.11278, 'Panama', 'SONSKXP12A8C13A2C9', 'Native Soul', 197.19791, 2003)
[2025-07-25T07:26:02.509+0000] {sql.py:496} INFO - Rows affected: 1
[2025-07-25T07:26:02.571+0000] {base.py:84} INFO - Using connection ID 'postgres_default' for task execution.
[2025-07-25T07:26:02.586+0000] {sql.py:487} INFO - Running statement: 
    INSERT INTO public.staging_songs (
        num_songs, artist_id, artist_name, artist_latitude, artist_longitude, artist_location, song_id, title, duration, "year"
    ) VALUES (%s,%s,%s,%s,%s,%s,%s,%s,%s,%s);
    , parameters: (1, 'ARJIE2Y1187B994AB7', 'Line Renaud', None, None, '', 'SOUPIRU12A6D4FA1E1', 'Der Kleine Dompfaff', 152.92036, 0)
[2025-07-25T07:26:02.588+0000] {sql.py:496} INFO - Rows affected: 1
[2025-07-25T07:26:02.646+0000] {base.py:84} INFO - Using connection ID 'postgres_default' for task execution.
[2025-07-25T07:26:02.661+0000] {sql.py:487} INFO - Running statement: 
    INSERT INTO public.staging_songs (
        num_songs, artist_id, artist_name, artist_latitude, artist_longitude, artist_location, song_id, title, duration, "year"
    ) VALUES (%s,%s,%s,%s,%s,%s,%s,%s,%s,%s);
    , parameters: (1, 'ARLTWXK1187FB5A3F8', 'King Curtis', 32.74863, -97.32925, 'Fort Worth, TX', 'SODREIN12A58A7F2E5', 'A Whiter Shade Of Pale (Live @ Fillmore West)', 326.00771, 0)
[2025-07-25T07:26:02.674+0000] {sql.py:496} INFO - Rows affected: 1
[2025-07-25T07:26:02.732+0000] {base.py:84} INFO - Using connection ID 'postgres_default' for task execution.
[2025-07-25T07:26:02.747+0000] {sql.py:487} INFO - Running statement: 
    INSERT INTO public.staging_songs (
        num_songs, artist_id, artist_name, artist_latitude, artist_longitude, artist_location, song_id, title, duration, "year"
    ) VALUES (%s,%s,%s,%s,%s,%s,%s,%s,%s,%s);
    , parameters: (1, 'ARNF6401187FB57032', 'Sophie B. Hawkins', 40.79086, -73.96644, 'New York, NY [Manhattan]', 'SONWXQJ12A8C134D94', 'The Ballad Of Sleeping Beauty', 305.162, 1994)
[2025-07-25T07:26:02.750+0000] {sql.py:496} INFO - Rows affected: 1
[2025-07-25T07:26:02.812+0000] {base.py:84} INFO - Using connection ID 'postgres_default' for task execution.
[2025-07-25T07:26:02.862+0000] {sql.py:487} INFO - Running statement: 
    INSERT INTO public.staging_songs (
        num_songs, artist_id, artist_name, artist_latitude, artist_longitude, artist_location, song_id, title, duration, "year"
    ) VALUES (%s,%s,%s,%s,%s,%s,%s,%s,%s,%s);
    , parameters: (1, 'ARPFHN61187FB575F6', 'Lupe Fiasco', 41.88415, -87.63241, 'Chicago, IL', 'SOWQTQZ12A58A7B63E', 'Streets On Fire (Explicit Album Version)', 279.97995, 0)
[2025-07-25T07:26:02.865+0000] {sql.py:496} INFO - Rows affected: 1
[2025-07-25T07:26:02.924+0000] {base.py:84} INFO - Using connection ID 'postgres_default' for task execution.
[2025-07-25T07:26:02.965+0000] {sql.py:487} INFO - Running statement: 
    INSERT INTO public.staging_songs (
        num_songs, artist_id, artist_name, artist_latitude, artist_longitude, artist_location, song_id, title, duration, "year"
    ) VALUES (%s,%s,%s,%s,%s,%s,%s,%s,%s,%s);
    , parameters: (1, 'AR051KA1187B98B2FF', 'Wilks', None, None, '', 'SOLYIBD12A8C135045', 'Music is what we love', 261.51138, 0)
[2025-07-25T07:26:02.970+0000] {sql.py:496} INFO - Rows affected: 1
[2025-07-25T07:26:03.033+0000] {base.py:84} INFO - Using connection ID 'postgres_default' for task execution.
[2025-07-25T07:26:03.060+0000] {sql.py:487} INFO - Running statement: 
    INSERT INTO public.staging_songs (
        num_songs, artist_id, artist_name, artist_latitude, artist_longitude, artist_location, song_id, title, duration, "year"
    ) VALUES (%s,%s,%s,%s,%s,%s,%s,%s,%s,%s);
    , parameters: (1, 'AR8IEZO1187B99055E', 'Marc Shaiman', None, None, '', 'SOINLJW12A8C13314C', 'City Slickers', 149.86404, 2008)
[2025-07-25T07:26:03.062+0000] {sql.py:496} INFO - Rows affected: 1
[2025-07-25T07:26:03.147+0000] {base.py:84} INFO - Using connection ID 'postgres_default' for task execution.
[2025-07-25T07:26:03.180+0000] {sql.py:487} INFO - Running statement: 
    INSERT INTO public.staging_songs (
        num_songs, artist_id, artist_name, artist_latitude, artist_longitude, artist_location, song_id, title, duration, "year"
    ) VALUES (%s,%s,%s,%s,%s,%s,%s,%s,%s,%s);
    , parameters: (1, 'AR558FS1187FB45658', '40 Grit', None, None, '', 'SOGDBUF12A8C140FAA', 'Intro', 75.67628, 2003)
[2025-07-25T07:26:03.198+0000] {sql.py:496} INFO - Rows affected: 1
[2025-07-25T07:26:03.342+0000] {base.py:84} INFO - Using connection ID 'postgres_default' for task execution.
[2025-07-25T07:26:03.371+0000] {sql.py:487} INFO - Running statement: 
    INSERT INTO public.staging_songs (
        num_songs, artist_id, artist_name, artist_latitude, artist_longitude, artist_location, song_id, title, duration, "year"
    ) VALUES (%s,%s,%s,%s,%s,%s,%s,%s,%s,%s);
    , parameters: (1, 'ARVBRGZ1187FB4675A', 'Gwen Stefani', None, None, '', 'SORRZGD12A6310DBC3', 'Harajuku Girls', 290.55955, 2004)
[2025-07-25T07:26:03.373+0000] {sql.py:496} INFO - Rows affected: 1
[2025-07-25T07:26:03.435+0000] {base.py:84} INFO - Using connection ID 'postgres_default' for task execution.
[2025-07-25T07:26:03.473+0000] {sql.py:487} INFO - Running statement: 
    INSERT INTO public.staging_songs (
        num_songs, artist_id, artist_name, artist_latitude, artist_longitude, artist_location, song_id, title, duration, "year"
    ) VALUES (%s,%s,%s,%s,%s,%s,%s,%s,%s,%s);
    , parameters: (1, 'ARWB3G61187FB49404', 'Steve Morse', None, None, 'Hamilton, Ohio', 'SODAUVL12A8C13D184', 'Prognosis', 363.85914, 2000)
[2025-07-25T07:26:03.488+0000] {sql.py:496} INFO - Rows affected: 1
[2025-07-25T07:26:03.554+0000] {base.py:84} INFO - Using connection ID 'postgres_default' for task execution.
[2025-07-25T07:26:03.584+0000] {sql.py:487} INFO - Running statement: 
    INSERT INTO public.staging_songs (
        num_songs, artist_id, artist_name, artist_latitude, artist_longitude, artist_location, song_id, title, duration, "year"
    ) VALUES (%s,%s,%s,%s,%s,%s,%s,%s,%s,%s);
    , parameters: (1, 'AREVWGE1187B9B890A', 'Bitter End', -13.442, -41.9952, 'Noci (BA)', 'SOFCHDR12AB01866EF', 'Living Hell', 282.43546, 0)
[2025-07-25T07:26:03.587+0000] {sql.py:496} INFO - Rows affected: 1
[2025-07-25T07:26:03.603+0000] {python.py:237} INFO - Done. Returned value was: None
[2025-07-25T07:26:03.605+0000] {taskinstance.py:441} INFO - ::group::Post task execution logs
[2025-07-25T07:26:03.654+0000] {taskinstance.py:1206} INFO - Marking task as SUCCESS. dag_id=tunestream_etl_pipeline, task_id=Stage_songs, run_id=scheduled__2025-07-25T01:00:00+00:00, execution_date=20250725T010000, start_date=20250725T072554, end_date=20250725T072603
[2025-07-25T07:26:03.914+0000] {local_task_job_runner.py:240} INFO - Task exited with return code 0
[2025-07-25T07:26:03.969+0000] {warnings.py:109} WARNING - /home/***/.local/lib/python3.10/site-packages/***/models/baseoperator.py:1297: AirflowProviderDeprecationWarning: Call to deprecated class PostgresOperator. (Please use `***.providers.common.sql.operators.sql.SQLExecuteQueryOperator`.Also, you can provide `hook_params={'schema': <database>}`.)
  result = cls.__new__(cls)

[2025-07-25T07:26:04.021+0000] {taskinstance.py:3503} INFO - 0 downstream tasks scheduled from follow-on schedule check
[2025-07-25T07:26:04.039+0000] {local_task_job_runner.py:222} INFO - ::endgroup::
