[2025-07-24T16:27:14.328+0000] {local_task_job_runner.py:120} INFO - ::group::Pre task execution logs
[2025-07-24T16:27:14.359+0000] {taskinstance.py:2076} INFO - Dependencies all met for dep_context=non-requeueable deps ti=<TaskInstance: tunestream_etl_pipeline.Stage_songs manual__2025-07-24T16:27:10.772299+00:00 [queued]>
[2025-07-24T16:27:14.372+0000] {taskinstance.py:2076} INFO - Dependencies all met for dep_context=requeueable deps ti=<TaskInstance: tunestream_etl_pipeline.Stage_songs manual__2025-07-24T16:27:10.772299+00:00 [queued]>
[2025-07-24T16:27:14.374+0000] {taskinstance.py:2306} INFO - Starting attempt 1 of 2
[2025-07-24T16:27:14.397+0000] {taskinstance.py:2330} INFO - Executing <Task(PythonOperator): Stage_songs> on 2025-07-24 16:27:10.772299+00:00
[2025-07-24T16:27:14.411+0000] {standard_task_runner.py:63} INFO - Started process 281 to run task
[2025-07-24T16:27:14.419+0000] {standard_task_runner.py:90} INFO - Running: ['***', 'tasks', 'run', 'tunestream_etl_pipeline', 'Stage_songs', 'manual__2025-07-24T16:27:10.772299+00:00', '--job-id', '11', '--raw', '--subdir', 'DAGS_FOLDER/final_exam_src.py', '--cfg-path', '/tmp/tmporlte8lp']
[2025-07-24T16:27:14.426+0000] {standard_task_runner.py:91} INFO - Job 11: Subtask Stage_songs
[2025-07-24T16:27:14.556+0000] {task_command.py:426} INFO - Running <TaskInstance: tunestream_etl_pipeline.Stage_songs manual__2025-07-24T16:27:10.772299+00:00 [running]> on host a0f12fcdcc8f
[2025-07-24T16:27:14.704+0000] {taskinstance.py:2648} INFO - Exporting env vars: AIRFLOW_CTX_DAG_OWNER='QuangBLM1' AIRFLOW_CTX_DAG_ID='tunestream_etl_pipeline' AIRFLOW_CTX_TASK_ID='Stage_songs' AIRFLOW_CTX_EXECUTION_DATE='2025-07-24T16:27:10.772299+00:00' AIRFLOW_CTX_TRY_NUMBER='1' AIRFLOW_CTX_DAG_RUN_ID='manual__2025-07-24T16:27:10.772299+00:00'
[2025-07-24T16:27:14.706+0000] {taskinstance.py:430} INFO - ::endgroup::
[2025-07-24T16:27:14.769+0000] {base.py:84} INFO - Using connection ID 'postgres_default' for task execution.
[2025-07-24T16:27:14.777+0000] {sql.py:487} INFO - Running statement: 
    INSERT INTO public.staging_songs (
        num_songs, artist_id, artist_name, artist_latitude, artist_longitude, artist_location, song_id, title, duration, "year"
    ) VALUES (%s,%s,%s,%s,%s,%s,%s,%s,%s,%s);
    , parameters: (1, 'ARD7TVE1187B99BFB1', 'Casual', None, None, 'California - LA', 'SOMZWCG12A8C13C480', "I Didn't Mean To", 218.93179, 0)
[2025-07-24T16:27:14.779+0000] {sql.py:496} INFO - Rows affected: 1
[2025-07-24T16:27:14.805+0000] {base.py:84} INFO - Using connection ID 'postgres_default' for task execution.
[2025-07-24T16:27:14.814+0000] {sql.py:487} INFO - Running statement: 
    INSERT INTO public.staging_songs (
        num_songs, artist_id, artist_name, artist_latitude, artist_longitude, artist_location, song_id, title, duration, "year"
    ) VALUES (%s,%s,%s,%s,%s,%s,%s,%s,%s,%s);
    , parameters: (1, 'ARMJAGH1187FB546F3', 'The Box Tops', 35.14968, -90.04892, 'Memphis, TN', 'SOCIWDW12A8C13D406', 'Soul Deep', 148.03546, 1969)
[2025-07-24T16:27:14.815+0000] {sql.py:496} INFO - Rows affected: 1
[2025-07-24T16:27:14.839+0000] {base.py:84} INFO - Using connection ID 'postgres_default' for task execution.
[2025-07-24T16:27:14.846+0000] {sql.py:487} INFO - Running statement: 
    INSERT INTO public.staging_songs (
        num_songs, artist_id, artist_name, artist_latitude, artist_longitude, artist_location, song_id, title, duration, "year"
    ) VALUES (%s,%s,%s,%s,%s,%s,%s,%s,%s,%s);
    , parameters: (1, 'ARKRRTF1187B9984DA', 'Sonora Santanera', None, None, '', 'SOXVLOJ12AB0189215', 'Amor De Cabaret', 177.47546, 0)
[2025-07-24T16:27:14.849+0000] {sql.py:496} INFO - Rows affected: 1
[2025-07-24T16:27:14.879+0000] {base.py:84} INFO - Using connection ID 'postgres_default' for task execution.
[2025-07-24T16:27:14.888+0000] {sql.py:487} INFO - Running statement: 
    INSERT INTO public.staging_songs (
        num_songs, artist_id, artist_name, artist_latitude, artist_longitude, artist_location, song_id, title, duration, "year"
    ) VALUES (%s,%s,%s,%s,%s,%s,%s,%s,%s,%s);
    , parameters: (1, 'AR7G5I41187FB4CE6C', 'Adam Ant', None, None, 'London, England', 'SONHOTT12A8C13493C', 'Something Girls', 233.40363, 1982)
[2025-07-24T16:27:14.891+0000] {sql.py:496} INFO - Rows affected: 1
[2025-07-24T16:27:14.919+0000] {base.py:84} INFO - Using connection ID 'postgres_default' for task execution.
[2025-07-24T16:27:14.929+0000] {sql.py:487} INFO - Running statement: 
    INSERT INTO public.staging_songs (
        num_songs, artist_id, artist_name, artist_latitude, artist_longitude, artist_location, song_id, title, duration, "year"
    ) VALUES (%s,%s,%s,%s,%s,%s,%s,%s,%s,%s);
    , parameters: (1, 'ARXR32B1187FB57099', 'Gob', None, None, '', 'SOFSOCN12A8C143F5D', 'Face the Ashes', 209.60608, 2007)
[2025-07-24T16:27:14.932+0000] {sql.py:496} INFO - Rows affected: 1
[2025-07-24T16:27:14.961+0000] {base.py:84} INFO - Using connection ID 'postgres_default' for task execution.
[2025-07-24T16:27:14.972+0000] {sql.py:487} INFO - Running statement: 
    INSERT INTO public.staging_songs (
        num_songs, artist_id, artist_name, artist_latitude, artist_longitude, artist_location, song_id, title, duration, "year"
    ) VALUES (%s,%s,%s,%s,%s,%s,%s,%s,%s,%s);
    , parameters: (1, 'ARKFYS91187B98E58F', 'Jeff And Sheri Easter', None, None, '', 'SOYMRWW12A6D4FAB14', 'The Moon And I (Ordinary Day Album Version)', 267.7024, 0)
[2025-07-24T16:27:14.974+0000] {sql.py:496} INFO - Rows affected: 1
[2025-07-24T16:27:15.005+0000] {base.py:84} INFO - Using connection ID 'postgres_default' for task execution.
[2025-07-24T16:27:15.012+0000] {sql.py:487} INFO - Running statement: 
    INSERT INTO public.staging_songs (
        num_songs, artist_id, artist_name, artist_latitude, artist_longitude, artist_location, song_id, title, duration, "year"
    ) VALUES (%s,%s,%s,%s,%s,%s,%s,%s,%s,%s);
    , parameters: (1, 'ARD0S291187B9B7BF5', 'Rated R', None, None, 'Ohio', 'SOMJBYD12A6D4F8557', 'Keepin It Real (Skit)', 114.78159, 0)
[2025-07-24T16:27:15.015+0000] {sql.py:496} INFO - Rows affected: 1
[2025-07-24T16:27:15.042+0000] {base.py:84} INFO - Using connection ID 'postgres_default' for task execution.
[2025-07-24T16:27:15.051+0000] {sql.py:487} INFO - Running statement: 
    INSERT INTO public.staging_songs (
        num_songs, artist_id, artist_name, artist_latitude, artist_longitude, artist_location, song_id, title, duration, "year"
    ) VALUES (%s,%s,%s,%s,%s,%s,%s,%s,%s,%s);
    , parameters: (1, 'AR10USD1187B99F3F1', 'Tweeterfriendly Music', None, None, 'Burlington, Ontario, Canada', 'SOHKNRJ12A6701D1F8', 'Drop of Rain', 189.57016, 0)
[2025-07-24T16:27:15.054+0000] {sql.py:496} INFO - Rows affected: 1
[2025-07-24T16:27:15.080+0000] {base.py:84} INFO - Using connection ID 'postgres_default' for task execution.
[2025-07-24T16:27:15.089+0000] {sql.py:487} INFO - Running statement: 
    INSERT INTO public.staging_songs (
        num_songs, artist_id, artist_name, artist_latitude, artist_longitude, artist_location, song_id, title, duration, "year"
    ) VALUES (%s,%s,%s,%s,%s,%s,%s,%s,%s,%s);
    , parameters: (1, 'AR8ZCNI1187B9A069B', 'Planet P Project', None, None, '', 'SOIAZJW12AB01853F1', 'Pink World', 269.81832, 1984)
[2025-07-24T16:27:15.092+0000] {sql.py:496} INFO - Rows affected: 1
[2025-07-24T16:27:15.118+0000] {base.py:84} INFO - Using connection ID 'postgres_default' for task execution.
[2025-07-24T16:27:15.128+0000] {sql.py:487} INFO - Running statement: 
    INSERT INTO public.staging_songs (
        num_songs, artist_id, artist_name, artist_latitude, artist_longitude, artist_location, song_id, title, duration, "year"
    ) VALUES (%s,%s,%s,%s,%s,%s,%s,%s,%s,%s);
    , parameters: (1, 'ARNTLGG11E2835DDB9', 'Clp', None, None, '', 'SOUDSGM12AC9618304', 'Insatiable (Instrumental Version)', 266.39628, 0)
[2025-07-24T16:27:15.130+0000] {sql.py:496} INFO - Rows affected: 1
[2025-07-24T16:27:15.155+0000] {base.py:84} INFO - Using connection ID 'postgres_default' for task execution.
[2025-07-24T16:27:15.164+0000] {sql.py:487} INFO - Running statement: 
    INSERT INTO public.staging_songs (
        num_songs, artist_id, artist_name, artist_latitude, artist_longitude, artist_location, song_id, title, duration, "year"
    ) VALUES (%s,%s,%s,%s,%s,%s,%s,%s,%s,%s);
    , parameters: (1, 'ARGSJW91187B9B1D6B', 'JennyAnyKind', 35.21962, -80.01955, 'North Carolina', 'SOQHXMF12AB0182363', 'Young Boy Blues', 218.77506, 0)
[2025-07-24T16:27:15.167+0000] {sql.py:496} INFO - Rows affected: 1
[2025-07-24T16:27:15.202+0000] {base.py:84} INFO - Using connection ID 'postgres_default' for task execution.
[2025-07-24T16:27:15.209+0000] {sql.py:487} INFO - Running statement: 
    INSERT INTO public.staging_songs (
        num_songs, artist_id, artist_name, artist_latitude, artist_longitude, artist_location, song_id, title, duration, "year"
    ) VALUES (%s,%s,%s,%s,%s,%s,%s,%s,%s,%s);
    , parameters: (1, 'ARC43071187B990240', 'Wayne Watson', None, None, 'Wisner, LA', 'SOKEJEJ12A8C13E0D0', 'The Urgency (LP Version)', 245.21098, 0)
[2025-07-24T16:27:15.211+0000] {sql.py:496} INFO - Rows affected: 1
[2025-07-24T16:27:15.236+0000] {base.py:84} INFO - Using connection ID 'postgres_default' for task execution.
[2025-07-24T16:27:15.245+0000] {sql.py:487} INFO - Running statement: 
    INSERT INTO public.staging_songs (
        num_songs, artist_id, artist_name, artist_latitude, artist_longitude, artist_location, song_id, title, duration, "year"
    ) VALUES (%s,%s,%s,%s,%s,%s,%s,%s,%s,%s);
    , parameters: (1, 'ARL7K851187B99ACD2', 'Andy Andy', None, None, '', 'SOMUYGI12AB0188633', 'La Culpa', 226.35057, 0)
[2025-07-24T16:27:15.247+0000] {sql.py:496} INFO - Rows affected: 1
[2025-07-24T16:27:15.272+0000] {base.py:84} INFO - Using connection ID 'postgres_default' for task execution.
[2025-07-24T16:27:15.279+0000] {sql.py:487} INFO - Running statement: 
    INSERT INTO public.staging_songs (
        num_songs, artist_id, artist_name, artist_latitude, artist_longitude, artist_location, song_id, title, duration, "year"
    ) VALUES (%s,%s,%s,%s,%s,%s,%s,%s,%s,%s);
    , parameters: (1, 'ARHHO3O1187B989413', 'Bob Azzam', None, None, '', 'SORAMLE12AB017C8B0', 'Auguri Cha Cha', 191.84281, 0)
[2025-07-24T16:27:15.281+0000] {sql.py:496} INFO - Rows affected: 1
[2025-07-24T16:27:15.304+0000] {base.py:84} INFO - Using connection ID 'postgres_default' for task execution.
[2025-07-24T16:27:15.313+0000] {sql.py:487} INFO - Running statement: 
    INSERT INTO public.staging_songs (
        num_songs, artist_id, artist_name, artist_latitude, artist_longitude, artist_location, song_id, title, duration, "year"
    ) VALUES (%s,%s,%s,%s,%s,%s,%s,%s,%s,%s);
    , parameters: (1, 'ARIK43K1187B9AE54C', 'Lionel Richie', None, None, 'Beverly Hills, CA', 'SOBONFF12A6D4F84D8', 'Tonight Will Be Alright', 307.3824, 1986)
[2025-07-24T16:27:15.315+0000] {sql.py:496} INFO - Rows affected: 1
[2025-07-24T16:27:15.339+0000] {base.py:84} INFO - Using connection ID 'postgres_default' for task execution.
[2025-07-24T16:27:15.347+0000] {sql.py:487} INFO - Running statement: 
    INSERT INTO public.staging_songs (
        num_songs, artist_id, artist_name, artist_latitude, artist_longitude, artist_location, song_id, title, duration, "year"
    ) VALUES (%s,%s,%s,%s,%s,%s,%s,%s,%s,%s);
    , parameters: (1, 'ARD842G1187B997376', 'Blue Rodeo', 43.64856, -79.38533, 'Toronto, Ontario, Canada', 'SOHUOAP12A8AE488E9', 'Floating', 491.12771, 1987)
[2025-07-24T16:27:15.350+0000] {sql.py:496} INFO - Rows affected: 1
[2025-07-24T16:27:15.374+0000] {base.py:84} INFO - Using connection ID 'postgres_default' for task execution.
[2025-07-24T16:27:15.382+0000] {sql.py:487} INFO - Running statement: 
    INSERT INTO public.staging_songs (
        num_songs, artist_id, artist_name, artist_latitude, artist_longitude, artist_location, song_id, title, duration, "year"
    ) VALUES (%s,%s,%s,%s,%s,%s,%s,%s,%s,%s);
    , parameters: (1, 'ARIG6O41187B988BDD', 'Richard Souther', 37.16793, -95.84502, 'United States', 'SOUQQEA12A8C134B1B', 'High Tide', 228.5971, 0)
[2025-07-24T16:27:15.384+0000] {sql.py:496} INFO - Rows affected: 1
[2025-07-24T16:27:15.415+0000] {base.py:84} INFO - Using connection ID 'postgres_default' for task execution.
[2025-07-24T16:27:15.423+0000] {sql.py:487} INFO - Running statement: 
    INSERT INTO public.staging_songs (
        num_songs, artist_id, artist_name, artist_latitude, artist_longitude, artist_location, song_id, title, duration, "year"
    ) VALUES (%s,%s,%s,%s,%s,%s,%s,%s,%s,%s);
    , parameters: (1, 'AR1ZHYZ1187FB3C717', 'Faiz Ali Faiz', None, None, '', 'SOILPQQ12AB017E82A', 'Sohna Nee Sohna Data', 599.24853, 0)
[2025-07-24T16:27:15.425+0000] {sql.py:496} INFO - Rows affected: 1
[2025-07-24T16:27:15.448+0000] {base.py:84} INFO - Using connection ID 'postgres_default' for task execution.
[2025-07-24T16:27:15.455+0000] {sql.py:487} INFO - Running statement: 
    INSERT INTO public.staging_songs (
        num_songs, artist_id, artist_name, artist_latitude, artist_longitude, artist_location, song_id, title, duration, "year"
    ) VALUES (%s,%s,%s,%s,%s,%s,%s,%s,%s,%s);
    , parameters: (1, 'ARYKCQI1187FB3B18F', 'Tesla', None, None, '', 'SOXLBJT12A8C140925', 'Caught In A Dream', 290.29832, 2004)
[2025-07-24T16:27:15.460+0000] {sql.py:496} INFO - Rows affected: 1
[2025-07-24T16:27:15.481+0000] {base.py:84} INFO - Using connection ID 'postgres_default' for task execution.
[2025-07-24T16:27:15.488+0000] {sql.py:487} INFO - Running statement: 
    INSERT INTO public.staging_songs (
        num_songs, artist_id, artist_name, artist_latitude, artist_longitude, artist_location, song_id, title, duration, "year"
    ) VALUES (%s,%s,%s,%s,%s,%s,%s,%s,%s,%s);
    , parameters: (1, 'ARNPAGP1241B9C7FD4', 'lextrical', None, None, '', 'SOZVMJI12AB01808AF', 'Synthetic Dream', 165.69424, 0)
[2025-07-24T16:27:15.494+0000] {sql.py:496} INFO - Rows affected: 1
[2025-07-24T16:27:15.511+0000] {base.py:84} INFO - Using connection ID 'postgres_default' for task execution.
[2025-07-24T16:27:15.518+0000] {sql.py:487} INFO - Running statement: 
    INSERT INTO public.staging_songs (
        num_songs, artist_id, artist_name, artist_latitude, artist_longitude, artist_location, song_id, title, duration, "year"
    ) VALUES (%s,%s,%s,%s,%s,%s,%s,%s,%s,%s);
    , parameters: (1, 'ARQGYP71187FB44566', 'Jimmy Wakely', 34.31109, -94.02978, 'Mineola, AR', 'SOWTBJW12AC468AC6E', 'Broken-Down Merry-Go-Round', 151.84934, 0)
[2025-07-24T16:27:15.520+0000] {sql.py:496} INFO - Rows affected: 1
[2025-07-24T16:27:15.539+0000] {base.py:84} INFO - Using connection ID 'postgres_default' for task execution.
[2025-07-24T16:27:15.546+0000] {sql.py:487} INFO - Running statement: 
    INSERT INTO public.staging_songs (
        num_songs, artist_id, artist_name, artist_latitude, artist_longitude, artist_location, song_id, title, duration, "year"
    ) VALUES (%s,%s,%s,%s,%s,%s,%s,%s,%s,%s);
    , parameters: (1, 'ARI3BMM1187FB4255E', 'Alice Stuart', 38.8991, -77.029, 'Washington', 'SOBEBDG12A58A76D60', 'Kassie Jones', 220.78649, 0)
[2025-07-24T16:27:15.548+0000] {sql.py:496} INFO - Rows affected: 1
[2025-07-24T16:27:15.580+0000] {base.py:84} INFO - Using connection ID 'postgres_default' for task execution.
[2025-07-24T16:27:15.587+0000] {sql.py:487} INFO - Running statement: 
    INSERT INTO public.staging_songs (
        num_songs, artist_id, artist_name, artist_latitude, artist_longitude, artist_location, song_id, title, duration, "year"
    ) VALUES (%s,%s,%s,%s,%s,%s,%s,%s,%s,%s);
    , parameters: (1, 'AR5KOSW1187FB35FF4', 'Elena', 49.80388, 15.47491, 'Dubai UAE', 'SOZCTXZ12AB0182364', 'Setanta matins', 269.58322, 0)
[2025-07-24T16:27:15.590+0000] {sql.py:496} INFO - Rows affected: 1
[2025-07-24T16:27:15.617+0000] {base.py:84} INFO - Using connection ID 'postgres_default' for task execution.
[2025-07-24T16:27:15.629+0000] {sql.py:487} INFO - Running statement: 
    INSERT INTO public.staging_songs (
        num_songs, artist_id, artist_name, artist_latitude, artist_longitude, artist_location, song_id, title, duration, "year"
    ) VALUES (%s,%s,%s,%s,%s,%s,%s,%s,%s,%s);
    , parameters: (1, 'ARMAC4T1187FB3FA4C', 'The Dillinger Escape Plan', 40.82624, -74.47995, 'Morris Plains, NJ', 'SOBBUGU12A8C13E95D', 'Setting Fire to Sleeping Giants', 207.77751, 2004)
[2025-07-24T16:27:15.632+0000] {sql.py:496} INFO - Rows affected: 1
[2025-07-24T16:27:15.659+0000] {base.py:84} INFO - Using connection ID 'postgres_default' for task execution.
[2025-07-24T16:27:15.668+0000] {sql.py:487} INFO - Running statement: 
    INSERT INTO public.staging_songs (
        num_songs, artist_id, artist_name, artist_latitude, artist_longitude, artist_location, song_id, title, duration, "year"
    ) VALUES (%s,%s,%s,%s,%s,%s,%s,%s,%s,%s);
    , parameters: (1, 'AR47JEX1187B995D81', 'SUE THOMPSON', 37.83721, -94.35868, 'Nevada, MO', 'SOBLGCN12AB0183212', 'James (Hold The Ladder Steady)', 124.86485, 1985)
[2025-07-24T16:27:15.671+0000] {sql.py:496} INFO - Rows affected: 1
[2025-07-24T16:27:15.703+0000] {base.py:84} INFO - Using connection ID 'postgres_default' for task execution.
[2025-07-24T16:27:15.712+0000] {sql.py:487} INFO - Running statement: 
    INSERT INTO public.staging_songs (
        num_songs, artist_id, artist_name, artist_latitude, artist_longitude, artist_location, song_id, title, duration, "year"
    ) VALUES (%s,%s,%s,%s,%s,%s,%s,%s,%s,%s);
    , parameters: (1, 'ARGIWFO1187B9B55B7', 'Five Bolt Main', None, None, '', 'SOPSWQW12A6D4F8781', 'Made Like This (Live)', 225.09669, 0)
[2025-07-24T16:27:15.714+0000] {sql.py:496} INFO - Rows affected: 1
[2025-07-24T16:27:15.739+0000] {base.py:84} INFO - Using connection ID 'postgres_default' for task execution.
[2025-07-24T16:27:15.747+0000] {sql.py:487} INFO - Running statement: 
    INSERT INTO public.staging_songs (
        num_songs, artist_id, artist_name, artist_latitude, artist_longitude, artist_location, song_id, title, duration, "year"
    ) VALUES (%s,%s,%s,%s,%s,%s,%s,%s,%s,%s);
    , parameters: (1, 'ARNTLGG11E2835DDB9', 'Clp', None, None, '', 'SOZQDIU12A58A7BCF6', 'Superconfidential', 338.31138, 0)
[2025-07-24T16:27:15.749+0000] {sql.py:496} INFO - Rows affected: 1
[2025-07-24T16:27:15.774+0000] {base.py:84} INFO - Using connection ID 'postgres_default' for task execution.
[2025-07-24T16:27:15.781+0000] {sql.py:487} INFO - Running statement: 
    INSERT INTO public.staging_songs (
        num_songs, artist_id, artist_name, artist_latitude, artist_longitude, artist_location, song_id, title, duration, "year"
    ) VALUES (%s,%s,%s,%s,%s,%s,%s,%s,%s,%s);
    , parameters: (1, 'ARDNS031187B9924F0', 'Tim Wilson', 32.67828, -83.22295, 'Georgia', 'SONYPOM12A8C13B2D7', 'I Think My Wife Is Running Around On Me (Taco Hell)', 186.48771, 2005)
[2025-07-24T16:27:15.783+0000] {sql.py:496} INFO - Rows affected: 1
[2025-07-24T16:27:15.809+0000] {base.py:84} INFO - Using connection ID 'postgres_default' for task execution.
[2025-07-24T16:27:15.817+0000] {sql.py:487} INFO - Running statement: 
    INSERT INTO public.staging_songs (
        num_songs, artist_id, artist_name, artist_latitude, artist_longitude, artist_location, song_id, title, duration, "year"
    ) VALUES (%s,%s,%s,%s,%s,%s,%s,%s,%s,%s);
    , parameters: (1, 'AROUOZZ1187B9ABE51', 'Willie Bobo', 40.79195, -73.94512, 'New York, NY [Spanish Harlem]', 'SOBZBAZ12A6D4F8742', 'Spanish Grease', 168.25424, 1997)
[2025-07-24T16:27:15.819+0000] {sql.py:496} INFO - Rows affected: 1
[2025-07-24T16:27:15.844+0000] {base.py:84} INFO - Using connection ID 'postgres_default' for task execution.
[2025-07-24T16:27:15.853+0000] {sql.py:487} INFO - Running statement: 
    INSERT INTO public.staging_songs (
        num_songs, artist_id, artist_name, artist_latitude, artist_longitude, artist_location, song_id, title, duration, "year"
    ) VALUES (%s,%s,%s,%s,%s,%s,%s,%s,%s,%s);
    , parameters: (1, 'ARH4Z031187B9A71F2', 'Faye Adams', 40.73197, -74.17418, 'Newark, NJ', 'SOVYKGO12AB0187199', 'Crazy Mixed Up World', 156.39465, 1961)
[2025-07-24T16:27:15.855+0000] {sql.py:496} INFO - Rows affected: 1
[2025-07-24T16:27:15.880+0000] {base.py:84} INFO - Using connection ID 'postgres_default' for task execution.
[2025-07-24T16:27:15.888+0000] {sql.py:487} INFO - Running statement: 
    INSERT INTO public.staging_songs (
        num_songs, artist_id, artist_name, artist_latitude, artist_longitude, artist_location, song_id, title, duration, "year"
    ) VALUES (%s,%s,%s,%s,%s,%s,%s,%s,%s,%s);
    , parameters: (1, 'ARB29H41187B98F0EF', 'Terry Callier', 41.88415, -87.63241, 'Chicago', 'SOGNCJP12A58A80271', 'Do You Finally Need A Friend', 342.56934, 1972)
[2025-07-24T16:27:15.892+0000] {sql.py:496} INFO - Rows affected: 1
[2025-07-24T16:27:15.917+0000] {base.py:84} INFO - Using connection ID 'postgres_default' for task execution.
[2025-07-24T16:27:15.925+0000] {sql.py:487} INFO - Running statement: 
    INSERT INTO public.staging_songs (
        num_songs, artist_id, artist_name, artist_latitude, artist_longitude, artist_location, song_id, title, duration, "year"
    ) VALUES (%s,%s,%s,%s,%s,%s,%s,%s,%s,%s);
    , parameters: (1, 'AR1Y2PT1187FB5B9CE', 'John Wesley', 27.94017, -82.32547, 'Brandon', 'SOLLHMX12AB01846DC', 'The Emperor Falls', 484.62322, 0)
[2025-07-24T16:27:15.928+0000] {sql.py:496} INFO - Rows affected: 1
[2025-07-24T16:27:15.954+0000] {base.py:84} INFO - Using connection ID 'postgres_default' for task execution.
[2025-07-24T16:27:15.961+0000] {sql.py:487} INFO - Running statement: 
    INSERT INTO public.staging_songs (
        num_songs, artist_id, artist_name, artist_latitude, artist_longitude, artist_location, song_id, title, duration, "year"
    ) VALUES (%s,%s,%s,%s,%s,%s,%s,%s,%s,%s);
    , parameters: (1, 'ARAJPHH1187FB5566A', 'The Shangri-Las', 40.7038, -73.83168, 'Queens, NY', 'SOYTPEP12AB0180E7B', 'Twist and Shout', 164.80608, 1964)
[2025-07-24T16:27:15.963+0000] {sql.py:496} INFO - Rows affected: 1
[2025-07-24T16:27:15.989+0000] {base.py:84} INFO - Using connection ID 'postgres_default' for task execution.
[2025-07-24T16:27:15.998+0000] {sql.py:487} INFO - Running statement: 
    INSERT INTO public.staging_songs (
        num_songs, artist_id, artist_name, artist_latitude, artist_longitude, artist_location, song_id, title, duration, "year"
    ) VALUES (%s,%s,%s,%s,%s,%s,%s,%s,%s,%s);
    , parameters: (1, 'AR0RCMP1187FB3F427', 'Billie Jo Spears', 30.08615, -94.10158, 'Beaumont, TX', 'SOGXHEG12AB018653E', 'It Makes No Difference Now', 133.32853, 1992)
[2025-07-24T16:27:16.003+0000] {sql.py:496} INFO - Rows affected: 1
[2025-07-24T16:27:16.037+0000] {base.py:84} INFO - Using connection ID 'postgres_default' for task execution.
[2025-07-24T16:27:16.045+0000] {sql.py:487} INFO - Running statement: 
    INSERT INTO public.staging_songs (
        num_songs, artist_id, artist_name, artist_latitude, artist_longitude, artist_location, song_id, title, duration, "year"
    ) VALUES (%s,%s,%s,%s,%s,%s,%s,%s,%s,%s);
    , parameters: (1, 'AREBBGV1187FB523D2', "Mike Jones (Featuring CJ_ Mello & Lil' Bran)", None, None, 'Houston, TX', 'SOOLYAZ12A6701F4A6', 'Laws Patrolling (Album Version)', 173.66159, 0)
[2025-07-24T16:27:16.047+0000] {sql.py:496} INFO - Rows affected: 1
[2025-07-24T16:27:16.071+0000] {base.py:84} INFO - Using connection ID 'postgres_default' for task execution.
[2025-07-24T16:27:16.078+0000] {sql.py:487} INFO - Running statement: 
    INSERT INTO public.staging_songs (
        num_songs, artist_id, artist_name, artist_latitude, artist_longitude, artist_location, song_id, title, duration, "year"
    ) VALUES (%s,%s,%s,%s,%s,%s,%s,%s,%s,%s);
    , parameters: (1, 'ARGUVEV1187B98BA17', 'Sierra Maestra', None, None, '', 'SOGOSOV12AF72A285E', '¿Dónde va Chichi?', 313.12934, 1997)
[2025-07-24T16:27:16.080+0000] {sql.py:496} INFO - Rows affected: 1
[2025-07-24T16:27:16.122+0000] {base.py:84} INFO - Using connection ID 'postgres_default' for task execution.
[2025-07-24T16:27:16.130+0000] {sql.py:487} INFO - Running statement: 
    INSERT INTO public.staging_songs (
        num_songs, artist_id, artist_name, artist_latitude, artist_longitude, artist_location, song_id, title, duration, "year"
    ) VALUES (%s,%s,%s,%s,%s,%s,%s,%s,%s,%s);
    , parameters: (1, 'ARD7TVE1187B99BFB1', 'Casual', None, None, 'California - LA', 'SOQLGFP12A58A7800E', 'OAKtown', 259.44771, 0)
[2025-07-24T16:27:16.134+0000] {sql.py:496} INFO - Rows affected: 1
[2025-07-24T16:27:16.153+0000] {base.py:84} INFO - Using connection ID 'postgres_default' for task execution.
[2025-07-24T16:27:16.161+0000] {sql.py:487} INFO - Running statement: 
    INSERT INTO public.staging_songs (
        num_songs, artist_id, artist_name, artist_latitude, artist_longitude, artist_location, song_id, title, duration, "year"
    ) VALUES (%s,%s,%s,%s,%s,%s,%s,%s,%s,%s);
    , parameters: (1, 'AR3JMC51187B9AE49D', 'Backstreet Boys', 28.53823, -81.37739, 'Orlando, FL', 'SOPVXLX12A8C1402D5', 'Larger Than Life', 236.25098, 1999)
[2025-07-24T16:27:16.163+0000] {sql.py:496} INFO - Rows affected: 1
[2025-07-24T16:27:16.187+0000] {base.py:84} INFO - Using connection ID 'postgres_default' for task execution.
[2025-07-24T16:27:16.194+0000] {sql.py:487} INFO - Running statement: 
    INSERT INTO public.staging_songs (
        num_songs, artist_id, artist_name, artist_latitude, artist_longitude, artist_location, song_id, title, duration, "year"
    ) VALUES (%s,%s,%s,%s,%s,%s,%s,%s,%s,%s);
    , parameters: (1, 'ARPBNLO1187FB3D52F', 'Tiny Tim', 40.71455, -74.00712, 'New York, NY', 'SOAOIBZ12AB01815BE', 'I Hold Your Hand In Mine [Live At Royal Albert Hall]', 43.36281, 2000)
[2025-07-24T16:27:16.197+0000] {sql.py:496} INFO - Rows affected: 1
[2025-07-24T16:27:16.227+0000] {base.py:84} INFO - Using connection ID 'postgres_default' for task execution.
[2025-07-24T16:27:16.236+0000] {sql.py:487} INFO - Running statement: 
    INSERT INTO public.staging_songs (
        num_songs, artist_id, artist_name, artist_latitude, artist_longitude, artist_location, song_id, title, duration, "year"
    ) VALUES (%s,%s,%s,%s,%s,%s,%s,%s,%s,%s);
    , parameters: (1, 'AR9AWNF1187B9AB0B4', 'Kenny G featuring Daryl Hall', None, None, 'Seattle, Washington USA', 'SOZHPGD12A8C1394FE', 'Baby Come To Me', 236.93016, 0)
[2025-07-24T16:27:16.240+0000] {sql.py:496} INFO - Rows affected: 1
[2025-07-24T16:27:16.269+0000] {base.py:84} INFO - Using connection ID 'postgres_default' for task execution.
[2025-07-24T16:27:16.287+0000] {sql.py:487} INFO - Running statement: 
    INSERT INTO public.staging_songs (
        num_songs, artist_id, artist_name, artist_latitude, artist_longitude, artist_location, song_id, title, duration, "year"
    ) VALUES (%s,%s,%s,%s,%s,%s,%s,%s,%s,%s);
    , parameters: (1, 'AROGWRA122988FEE45', 'Christos Dantis', None, None, '', 'SOSLAVG12A8C13397F', 'Den Pai Alo', 243.82649, 0)
[2025-07-24T16:27:16.291+0000] {sql.py:496} INFO - Rows affected: 1
[2025-07-24T16:27:16.318+0000] {base.py:84} INFO - Using connection ID 'postgres_default' for task execution.
[2025-07-24T16:27:16.328+0000] {sql.py:487} INFO - Running statement: 
    INSERT INTO public.staging_songs (
        num_songs, artist_id, artist_name, artist_latitude, artist_longitude, artist_location, song_id, title, duration, "year"
    ) VALUES (%s,%s,%s,%s,%s,%s,%s,%s,%s,%s);
    , parameters: (1, 'ARMBR4Y1187B9990EB', 'David Martin', 37.77916, -122.42005, 'California - SF', 'SOTTDKS12AB018D69B', 'It Wont Be Christmas', 241.47546, 0)
[2025-07-24T16:27:16.330+0000] {sql.py:496} INFO - Rows affected: 1
[2025-07-24T16:27:16.357+0000] {base.py:84} INFO - Using connection ID 'postgres_default' for task execution.
[2025-07-24T16:27:16.366+0000] {sql.py:487} INFO - Running statement: 
    INSERT INTO public.staging_songs (
        num_songs, artist_id, artist_name, artist_latitude, artist_longitude, artist_location, song_id, title, duration, "year"
    ) VALUES (%s,%s,%s,%s,%s,%s,%s,%s,%s,%s);
    , parameters: (1, 'ARQ9BO41187FB5CF1F', 'John Davis', 40.99471, -77.60454, 'Pennsylvania', 'SOMVWWT12A58A7AE05', 'Knocked Out Of The Park', 183.17016, 0)
[2025-07-24T16:27:16.369+0000] {sql.py:496} INFO - Rows affected: 1
[2025-07-24T16:27:16.394+0000] {base.py:84} INFO - Using connection ID 'postgres_default' for task execution.
[2025-07-24T16:27:16.403+0000] {sql.py:487} INFO - Running statement: 
    INSERT INTO public.staging_songs (
        num_songs, artist_id, artist_name, artist_latitude, artist_longitude, artist_location, song_id, title, duration, "year"
    ) VALUES (%s,%s,%s,%s,%s,%s,%s,%s,%s,%s);
    , parameters: (1, 'ARKULSX1187FB45F84', 'Trafik', 39.49974, -111.54732, 'Utah', 'SOQVMXR12A81C21483', 'Salt In NYC', 424.12363, 0)
[2025-07-24T16:27:16.409+0000] {sql.py:496} INFO - Rows affected: 1
[2025-07-24T16:27:16.433+0000] {base.py:84} INFO - Using connection ID 'postgres_default' for task execution.
[2025-07-24T16:27:16.441+0000] {sql.py:487} INFO - Running statement: 
    INSERT INTO public.staging_songs (
        num_songs, artist_id, artist_name, artist_latitude, artist_longitude, artist_location, song_id, title, duration, "year"
    ) VALUES (%s,%s,%s,%s,%s,%s,%s,%s,%s,%s);
    , parameters: (1, 'ARI2JSK1187FB496EF', 'Nick Ingman;Gavyn Wright', 51.50632, -0.12714, 'London, England', 'SODUJBS12A8C132150', 'Wessex Loses a Bride', 111.62077, 0)
[2025-07-24T16:27:16.445+0000] {sql.py:496} INFO - Rows affected: 1
[2025-07-24T16:27:16.473+0000] {base.py:84} INFO - Using connection ID 'postgres_default' for task execution.
[2025-07-24T16:27:16.484+0000] {sql.py:487} INFO - Running statement: 
    INSERT INTO public.staging_songs (
        num_songs, artist_id, artist_name, artist_latitude, artist_longitude, artist_location, song_id, title, duration, "year"
    ) VALUES (%s,%s,%s,%s,%s,%s,%s,%s,%s,%s);
    , parameters: (1, 'AREDBBQ1187B98AFF5', 'Eddie Calvert', None, None, '', 'SOBBXLX12A58A79DDA', 'Erica (2005 Digital Remaster)', 138.63138, 0)
[2025-07-24T16:27:16.487+0000] {sql.py:496} INFO - Rows affected: 1
[2025-07-24T16:27:16.515+0000] {base.py:84} INFO - Using connection ID 'postgres_default' for task execution.
[2025-07-24T16:27:16.522+0000] {sql.py:487} INFO - Running statement: 
    INSERT INTO public.staging_songs (
        num_songs, artist_id, artist_name, artist_latitude, artist_longitude, artist_location, song_id, title, duration, "year"
    ) VALUES (%s,%s,%s,%s,%s,%s,%s,%s,%s,%s);
    , parameters: (1, 'AR7ZKHQ1187B98DD73', 'Glad', None, None, '', 'SOTUKVB12AB0181477', 'Blessed Assurance', 270.602, 1993)
[2025-07-24T16:27:16.525+0000] {sql.py:496} INFO - Rows affected: 1
[2025-07-24T16:27:16.571+0000] {base.py:84} INFO - Using connection ID 'postgres_default' for task execution.
[2025-07-24T16:27:16.580+0000] {sql.py:487} INFO - Running statement: 
    INSERT INTO public.staging_songs (
        num_songs, artist_id, artist_name, artist_latitude, artist_longitude, artist_location, song_id, title, duration, "year"
    ) VALUES (%s,%s,%s,%s,%s,%s,%s,%s,%s,%s);
    , parameters: (1, 'ARBGXIG122988F409D', 'Steel Rain', 37.77916, -122.42005, 'California - SF', 'SOOJPRH12A8C141995', 'Loaded Like A Gun', 173.19138, 0)
[2025-07-24T16:27:16.583+0000] {sql.py:496} INFO - Rows affected: 1
[2025-07-24T16:27:16.615+0000] {base.py:84} INFO - Using connection ID 'postgres_default' for task execution.
[2025-07-24T16:27:16.625+0000] {sql.py:487} INFO - Running statement: 
    INSERT INTO public.staging_songs (
        num_songs, artist_id, artist_name, artist_latitude, artist_longitude, artist_location, song_id, title, duration, "year"
    ) VALUES (%s,%s,%s,%s,%s,%s,%s,%s,%s,%s);
    , parameters: (1, 'AR7SMBG1187B9B9066', 'Los Manolos', None, None, '', 'SOBCOSW12A8C13D398', 'Rumba De Barcelona', 218.38322, 0)
[2025-07-24T16:27:16.627+0000] {sql.py:496} INFO - Rows affected: 1
[2025-07-24T16:27:16.651+0000] {base.py:84} INFO - Using connection ID 'postgres_default' for task execution.
[2025-07-24T16:27:16.662+0000] {sql.py:487} INFO - Running statement: 
    INSERT INTO public.staging_songs (
        num_songs, artist_id, artist_name, artist_latitude, artist_longitude, artist_location, song_id, title, duration, "year"
    ) VALUES (%s,%s,%s,%s,%s,%s,%s,%s,%s,%s);
    , parameters: (1, 'ARGCY1Y1187B9A4FA5', 'Gloriana', 36.16778, -86.77836, 'Nashville, TN.', 'SOQOTLQ12AB01868D0', 'Clementina Santafè', 153.33832, 0)
[2025-07-24T16:27:16.663+0000] {sql.py:496} INFO - Rows affected: 1
[2025-07-24T16:27:16.690+0000] {base.py:84} INFO - Using connection ID 'postgres_default' for task execution.
[2025-07-24T16:27:16.697+0000] {sql.py:487} INFO - Running statement: 
    INSERT INTO public.staging_songs (
        num_songs, artist_id, artist_name, artist_latitude, artist_longitude, artist_location, song_id, title, duration, "year"
    ) VALUES (%s,%s,%s,%s,%s,%s,%s,%s,%s,%s);
    , parameters: (1, 'AR36F9J1187FB406F1', 'Bombay Rockers', 56.27609, 9.51695, 'Denmark', 'SOBKWDJ12A8C13B2F3', 'Wild Rose (Back 2 Basics Mix)', 230.71302, 0)
[2025-07-24T16:27:16.699+0000] {sql.py:496} INFO - Rows affected: 1
[2025-07-24T16:27:16.723+0000] {base.py:84} INFO - Using connection ID 'postgres_default' for task execution.
[2025-07-24T16:27:16.735+0000] {sql.py:487} INFO - Running statement: 
    INSERT INTO public.staging_songs (
        num_songs, artist_id, artist_name, artist_latitude, artist_longitude, artist_location, song_id, title, duration, "year"
    ) VALUES (%s,%s,%s,%s,%s,%s,%s,%s,%s,%s);
    , parameters: (1, 'ARNNKDK1187B98BBD5', 'Jinx', 45.80726, 15.9676, 'Zagreb Croatia', 'SOFNOQK12AB01840FC', 'Kutt Free (DJ Volume Remix)', 407.37914, 0)
[2025-07-24T16:27:16.738+0000] {sql.py:496} INFO - Rows affected: 1
[2025-07-24T16:27:16.764+0000] {base.py:84} INFO - Using connection ID 'postgres_default' for task execution.
[2025-07-24T16:27:16.771+0000] {sql.py:487} INFO - Running statement: 
    INSERT INTO public.staging_songs (
        num_songs, artist_id, artist_name, artist_latitude, artist_longitude, artist_location, song_id, title, duration, "year"
    ) VALUES (%s,%s,%s,%s,%s,%s,%s,%s,%s,%s);
    , parameters: (1, 'AR62SOJ1187FB47BB5', 'Chase & Status', None, None, '', 'SOGVQGJ12AB017F169', 'Ten Tonne', 337.68444, 2005)
[2025-07-24T16:27:16.773+0000] {sql.py:496} INFO - Rows affected: 1
[2025-07-24T16:27:16.803+0000] {base.py:84} INFO - Using connection ID 'postgres_default' for task execution.
[2025-07-24T16:27:16.814+0000] {sql.py:487} INFO - Running statement: 
    INSERT INTO public.staging_songs (
        num_songs, artist_id, artist_name, artist_latitude, artist_longitude, artist_location, song_id, title, duration, "year"
    ) VALUES (%s,%s,%s,%s,%s,%s,%s,%s,%s,%s);
    , parameters: (1, 'ARBEBBY1187B9B43DB', 'Tom Petty', None, None, 'Gainesville, FL', 'SOFFKZS12AB017F194', 'A Higher Place (Album Version)', 236.17261, 1994)
[2025-07-24T16:27:16.817+0000] {sql.py:496} INFO - Rows affected: 1
[2025-07-24T16:27:16.843+0000] {base.py:84} INFO - Using connection ID 'postgres_default' for task execution.
[2025-07-24T16:27:16.851+0000] {sql.py:487} INFO - Running statement: 
    INSERT INTO public.staging_songs (
        num_songs, artist_id, artist_name, artist_latitude, artist_longitude, artist_location, song_id, title, duration, "year"
    ) VALUES (%s,%s,%s,%s,%s,%s,%s,%s,%s,%s);
    , parameters: (1, 'ARDR4AC1187FB371A1', 'Montserrat Caballé;Placido Domingo;Vicente Sardinero;Judith Blegen;Sherrill Milnes;Georg Solti', None, None, '', 'SOBAYLL12A8C138AF9', 'Sono andati? Fingevo di dormire', 511.16363, 0)
[2025-07-24T16:27:16.853+0000] {sql.py:496} INFO - Rows affected: 1
[2025-07-24T16:27:16.886+0000] {base.py:84} INFO - Using connection ID 'postgres_default' for task execution.
[2025-07-24T16:27:16.897+0000] {sql.py:487} INFO - Running statement: 
    INSERT INTO public.staging_songs (
        num_songs, artist_id, artist_name, artist_latitude, artist_longitude, artist_location, song_id, title, duration, "year"
    ) VALUES (%s,%s,%s,%s,%s,%s,%s,%s,%s,%s);
    , parameters: (1, 'ARAGB2O1187FB3A161', 'Pucho & His Latin Soul Brothers', None, None, '', 'SOLEYHO12AB0188A85', 'Got My Mojo Workin', 338.23302, 0)
[2025-07-24T16:27:16.899+0000] {sql.py:496} INFO - Rows affected: 1
[2025-07-24T16:27:16.934+0000] {base.py:84} INFO - Using connection ID 'postgres_default' for task execution.
[2025-07-24T16:27:16.943+0000] {sql.py:487} INFO - Running statement: 
    INSERT INTO public.staging_songs (
        num_songs, artist_id, artist_name, artist_latitude, artist_longitude, artist_location, song_id, title, duration, "year"
    ) VALUES (%s,%s,%s,%s,%s,%s,%s,%s,%s,%s);
    , parameters: (1, 'AREDL271187FB40F44', 'Soul Mekanik', None, None, '', 'SOPEGZN12AB0181B3D', 'Get Your Head Stuck On Your Neck', 45.66159, 0)
[2025-07-24T16:27:16.945+0000] {sql.py:496} INFO - Rows affected: 1
[2025-07-24T16:27:16.971+0000] {base.py:84} INFO - Using connection ID 'postgres_default' for task execution.
[2025-07-24T16:27:16.978+0000] {sql.py:487} INFO - Running statement: 
    INSERT INTO public.staging_songs (
        num_songs, artist_id, artist_name, artist_latitude, artist_longitude, artist_location, song_id, title, duration, "year"
    ) VALUES (%s,%s,%s,%s,%s,%s,%s,%s,%s,%s);
    , parameters: (1, 'ARP6N5A1187B99D1A3', 'Mitch Ryder', None, None, 'Hamtramck, MI', 'SOXILUQ12A58A7C72A', 'Jenny Take a Ride', 207.43791, 2004)
[2025-07-24T16:27:16.981+0000] {sql.py:496} INFO - Rows affected: 1
[2025-07-24T16:27:17.007+0000] {base.py:84} INFO - Using connection ID 'postgres_default' for task execution.
[2025-07-24T16:27:17.015+0000] {sql.py:487} INFO - Running statement: 
    INSERT INTO public.staging_songs (
        num_songs, artist_id, artist_name, artist_latitude, artist_longitude, artist_location, song_id, title, duration, "year"
    ) VALUES (%s,%s,%s,%s,%s,%s,%s,%s,%s,%s);
    , parameters: (1, 'ARGSAFR1269FB35070', 'Blingtones', None, None, '', 'SOTCKKY12AB018A141', 'Sonnerie lalaleulé hi houuu', 29.54404, 0)
[2025-07-24T16:27:17.017+0000] {sql.py:496} INFO - Rows affected: 1
[2025-07-24T16:27:17.052+0000] {base.py:84} INFO - Using connection ID 'postgres_default' for task execution.
[2025-07-24T16:27:17.060+0000] {sql.py:487} INFO - Running statement: 
    INSERT INTO public.staging_songs (
        num_songs, artist_id, artist_name, artist_latitude, artist_longitude, artist_location, song_id, title, duration, "year"
    ) VALUES (%s,%s,%s,%s,%s,%s,%s,%s,%s,%s);
    , parameters: (1, 'ARULZCI1241B9C8611', 'Luna Orbit Project', None, None, '', 'SOSWKAV12AB018FC91', 'Midnight Star', 335.51628, 0)
[2025-07-24T16:27:17.062+0000] {sql.py:496} INFO - Rows affected: 1
[2025-07-24T16:27:17.091+0000] {base.py:84} INFO - Using connection ID 'postgres_default' for task execution.
[2025-07-24T16:27:17.101+0000] {sql.py:487} INFO - Running statement: 
    INSERT INTO public.staging_songs (
        num_songs, artist_id, artist_name, artist_latitude, artist_longitude, artist_location, song_id, title, duration, "year"
    ) VALUES (%s,%s,%s,%s,%s,%s,%s,%s,%s,%s);
    , parameters: (1, 'AR0IAWL1187B9A96D0', 'Danilo Perez', 8.4177, -80.11278, 'Panama', 'SONSKXP12A8C13A2C9', 'Native Soul', 197.19791, 2003)
[2025-07-24T16:27:17.103+0000] {sql.py:496} INFO - Rows affected: 1
[2025-07-24T16:27:17.127+0000] {base.py:84} INFO - Using connection ID 'postgres_default' for task execution.
[2025-07-24T16:27:17.135+0000] {sql.py:487} INFO - Running statement: 
    INSERT INTO public.staging_songs (
        num_songs, artist_id, artist_name, artist_latitude, artist_longitude, artist_location, song_id, title, duration, "year"
    ) VALUES (%s,%s,%s,%s,%s,%s,%s,%s,%s,%s);
    , parameters: (1, 'ARJIE2Y1187B994AB7', 'Line Renaud', None, None, '', 'SOUPIRU12A6D4FA1E1', 'Der Kleine Dompfaff', 152.92036, 0)
[2025-07-24T16:27:17.139+0000] {sql.py:496} INFO - Rows affected: 1
[2025-07-24T16:27:17.157+0000] {base.py:84} INFO - Using connection ID 'postgres_default' for task execution.
[2025-07-24T16:27:17.164+0000] {sql.py:487} INFO - Running statement: 
    INSERT INTO public.staging_songs (
        num_songs, artist_id, artist_name, artist_latitude, artist_longitude, artist_location, song_id, title, duration, "year"
    ) VALUES (%s,%s,%s,%s,%s,%s,%s,%s,%s,%s);
    , parameters: (1, 'ARLTWXK1187FB5A3F8', 'King Curtis', 32.74863, -97.32925, 'Fort Worth, TX', 'SODREIN12A58A7F2E5', 'A Whiter Shade Of Pale (Live @ Fillmore West)', 326.00771, 0)
[2025-07-24T16:27:17.166+0000] {sql.py:496} INFO - Rows affected: 1
[2025-07-24T16:27:17.184+0000] {base.py:84} INFO - Using connection ID 'postgres_default' for task execution.
[2025-07-24T16:27:17.191+0000] {sql.py:487} INFO - Running statement: 
    INSERT INTO public.staging_songs (
        num_songs, artist_id, artist_name, artist_latitude, artist_longitude, artist_location, song_id, title, duration, "year"
    ) VALUES (%s,%s,%s,%s,%s,%s,%s,%s,%s,%s);
    , parameters: (1, 'ARNF6401187FB57032', 'Sophie B. Hawkins', 40.79086, -73.96644, 'New York, NY [Manhattan]', 'SONWXQJ12A8C134D94', 'The Ballad Of Sleeping Beauty', 305.162, 1994)
[2025-07-24T16:27:17.193+0000] {sql.py:496} INFO - Rows affected: 1
[2025-07-24T16:27:17.214+0000] {base.py:84} INFO - Using connection ID 'postgres_default' for task execution.
[2025-07-24T16:27:17.220+0000] {sql.py:487} INFO - Running statement: 
    INSERT INTO public.staging_songs (
        num_songs, artist_id, artist_name, artist_latitude, artist_longitude, artist_location, song_id, title, duration, "year"
    ) VALUES (%s,%s,%s,%s,%s,%s,%s,%s,%s,%s);
    , parameters: (1, 'ARPFHN61187FB575F6', 'Lupe Fiasco', 41.88415, -87.63241, 'Chicago, IL', 'SOWQTQZ12A58A7B63E', 'Streets On Fire (Explicit Album Version)', 279.97995, 0)
[2025-07-24T16:27:17.222+0000] {sql.py:496} INFO - Rows affected: 1
[2025-07-24T16:27:17.247+0000] {base.py:84} INFO - Using connection ID 'postgres_default' for task execution.
[2025-07-24T16:27:17.254+0000] {sql.py:487} INFO - Running statement: 
    INSERT INTO public.staging_songs (
        num_songs, artist_id, artist_name, artist_latitude, artist_longitude, artist_location, song_id, title, duration, "year"
    ) VALUES (%s,%s,%s,%s,%s,%s,%s,%s,%s,%s);
    , parameters: (1, 'AR051KA1187B98B2FF', 'Wilks', None, None, '', 'SOLYIBD12A8C135045', 'Music is what we love', 261.51138, 0)
[2025-07-24T16:27:17.257+0000] {sql.py:496} INFO - Rows affected: 1
[2025-07-24T16:27:17.276+0000] {base.py:84} INFO - Using connection ID 'postgres_default' for task execution.
[2025-07-24T16:27:17.283+0000] {sql.py:487} INFO - Running statement: 
    INSERT INTO public.staging_songs (
        num_songs, artist_id, artist_name, artist_latitude, artist_longitude, artist_location, song_id, title, duration, "year"
    ) VALUES (%s,%s,%s,%s,%s,%s,%s,%s,%s,%s);
    , parameters: (1, 'AR8IEZO1187B99055E', 'Marc Shaiman', None, None, '', 'SOINLJW12A8C13314C', 'City Slickers', 149.86404, 2008)
[2025-07-24T16:27:17.285+0000] {sql.py:496} INFO - Rows affected: 1
[2025-07-24T16:27:17.306+0000] {base.py:84} INFO - Using connection ID 'postgres_default' for task execution.
[2025-07-24T16:27:17.313+0000] {sql.py:487} INFO - Running statement: 
    INSERT INTO public.staging_songs (
        num_songs, artist_id, artist_name, artist_latitude, artist_longitude, artist_location, song_id, title, duration, "year"
    ) VALUES (%s,%s,%s,%s,%s,%s,%s,%s,%s,%s);
    , parameters: (1, 'AR558FS1187FB45658', '40 Grit', None, None, '', 'SOGDBUF12A8C140FAA', 'Intro', 75.67628, 2003)
[2025-07-24T16:27:17.314+0000] {sql.py:496} INFO - Rows affected: 1
[2025-07-24T16:27:17.336+0000] {base.py:84} INFO - Using connection ID 'postgres_default' for task execution.
[2025-07-24T16:27:17.343+0000] {sql.py:487} INFO - Running statement: 
    INSERT INTO public.staging_songs (
        num_songs, artist_id, artist_name, artist_latitude, artist_longitude, artist_location, song_id, title, duration, "year"
    ) VALUES (%s,%s,%s,%s,%s,%s,%s,%s,%s,%s);
    , parameters: (1, 'ARVBRGZ1187FB4675A', 'Gwen Stefani', None, None, '', 'SORRZGD12A6310DBC3', 'Harajuku Girls', 290.55955, 2004)
[2025-07-24T16:27:17.345+0000] {sql.py:496} INFO - Rows affected: 1
[2025-07-24T16:27:17.365+0000] {base.py:84} INFO - Using connection ID 'postgres_default' for task execution.
[2025-07-24T16:27:17.374+0000] {sql.py:487} INFO - Running statement: 
    INSERT INTO public.staging_songs (
        num_songs, artist_id, artist_name, artist_latitude, artist_longitude, artist_location, song_id, title, duration, "year"
    ) VALUES (%s,%s,%s,%s,%s,%s,%s,%s,%s,%s);
    , parameters: (1, 'ARWB3G61187FB49404', 'Steve Morse', None, None, 'Hamilton, Ohio', 'SODAUVL12A8C13D184', 'Prognosis', 363.85914, 2000)
[2025-07-24T16:27:17.376+0000] {sql.py:496} INFO - Rows affected: 1
[2025-07-24T16:27:17.402+0000] {base.py:84} INFO - Using connection ID 'postgres_default' for task execution.
[2025-07-24T16:27:17.411+0000] {sql.py:487} INFO - Running statement: 
    INSERT INTO public.staging_songs (
        num_songs, artist_id, artist_name, artist_latitude, artist_longitude, artist_location, song_id, title, duration, "year"
    ) VALUES (%s,%s,%s,%s,%s,%s,%s,%s,%s,%s);
    , parameters: (1, 'AREVWGE1187B9B890A', 'Bitter End', -13.442, -41.9952, 'Noci (BA)', 'SOFCHDR12AB01866EF', 'Living Hell', 282.43546, 0)
[2025-07-24T16:27:17.413+0000] {sql.py:496} INFO - Rows affected: 1
[2025-07-24T16:27:17.423+0000] {python.py:237} INFO - Done. Returned value was: None
[2025-07-24T16:27:17.424+0000] {taskinstance.py:441} INFO - ::group::Post task execution logs
[2025-07-24T16:27:17.445+0000] {taskinstance.py:1206} INFO - Marking task as SUCCESS. dag_id=tunestream_etl_pipeline, task_id=Stage_songs, run_id=manual__2025-07-24T16:27:10.772299+00:00, execution_date=20250724T162710, start_date=20250724T162714, end_date=20250724T162717
[2025-07-24T16:27:17.487+0000] {local_task_job_runner.py:240} INFO - Task exited with return code 0
[2025-07-24T16:27:17.507+0000] {warnings.py:109} WARNING - /home/***/.local/lib/python3.10/site-packages/***/models/baseoperator.py:1297: AirflowProviderDeprecationWarning: Call to deprecated class PostgresOperator. (Please use `***.providers.common.sql.operators.sql.SQLExecuteQueryOperator`.Also, you can provide `hook_params={'schema': <database>}`.)
  result = cls.__new__(cls)

[2025-07-24T16:27:17.531+0000] {taskinstance.py:3503} INFO - 0 downstream tasks scheduled from follow-on schedule check
[2025-07-24T16:27:17.535+0000] {local_task_job_runner.py:222} INFO - ::endgroup::
