[2025-07-25T02:09:41.253+0000] {local_task_job_runner.py:120} INFO - ::group::Pre task execution logs
[2025-07-25T02:09:41.301+0000] {taskinstance.py:2076} INFO - Dependencies all met for dep_context=non-requeueable deps ti=<TaskInstance: tunestream_etl_pipeline.Load_songplays_fact_table manual__2025-07-25T02:05:18.442262+00:00 [queued]>
[2025-07-25T02:09:41.316+0000] {taskinstance.py:2076} INFO - Dependencies all met for dep_context=requeueable deps ti=<TaskInstance: tunestream_etl_pipeline.Load_songplays_fact_table manual__2025-07-25T02:05:18.442262+00:00 [queued]>
[2025-07-25T02:09:41.317+0000] {taskinstance.py:2306} INFO - Starting attempt 1 of 2
[2025-07-25T02:09:41.340+0000] {taskinstance.py:2330} INFO - Executing <Task(PostgresOperator): Load_songplays_fact_table> on 2025-07-25 02:05:18.442262+00:00
[2025-07-25T02:09:41.360+0000] {standard_task_runner.py:63} INFO - Started process 286 to run task
[2025-07-25T02:09:41.366+0000] {standard_task_runner.py:90} INFO - Running: ['***', 'tasks', 'run', 'tunestream_etl_pipeline', 'Load_songplays_fact_table', 'manual__2025-07-25T02:05:18.442262+00:00', '--job-id', '65', '--raw', '--subdir', 'DAGS_FOLDER/final_exam_src.py', '--cfg-path', '/tmp/tmp7_741w3p']
[2025-07-25T02:09:41.372+0000] {standard_task_runner.py:91} INFO - Job 65: Subtask Load_songplays_fact_table
[2025-07-25T02:09:41.479+0000] {task_command.py:426} INFO - Running <TaskInstance: tunestream_etl_pipeline.Load_songplays_fact_table manual__2025-07-25T02:05:18.442262+00:00 [running]> on host f09e52be76ce
[2025-07-25T02:09:41.611+0000] {taskinstance.py:2648} INFO - Exporting env vars: AIRFLOW_CTX_DAG_OWNER='QuangBLM1' AIRFLOW_CTX_DAG_ID='tunestream_etl_pipeline' AIRFLOW_CTX_TASK_ID='Load_songplays_fact_table' AIRFLOW_CTX_EXECUTION_DATE='2025-07-25T02:05:18.442262+00:00' AIRFLOW_CTX_TRY_NUMBER='1' AIRFLOW_CTX_DAG_RUN_ID='manual__2025-07-25T02:05:18.442262+00:00'
[2025-07-25T02:09:41.615+0000] {taskinstance.py:430} INFO - ::endgroup::
[2025-07-25T02:09:41.617+0000] {sql.py:276} INFO - Executing: 
        TRUNCATE TABLE songplays;
        INSERT INTO songplays (playid, start_time, userid, level, songid, artistid, sessionid, location, user_agent)
        SELECT
                md5(CAST(events.sessionid AS TEXT) || CAST(events.start_time AS TEXT)) as playid,
                events.start_time, 
                events.userid, 
                events."level", 
                songs.song_id, 
                songs.artist_id, 
                events.sessionid, 
                events.location, 
                events.useragent
                FROM (SELECT TIMESTAMP 'epoch' + ts/1000 * interval '1 second' AS start_time, *
            FROM staging_events
            WHERE page='NextSong') events
            LEFT JOIN staging_songs songs
            ON events.song = songs.title
                AND events.artist = songs.artist_name
                AND events.length = songs.duration;
    
[2025-07-25T02:09:41.634+0000] {base.py:84} INFO - Using connection ID 'postgres_default' for task execution.
[2025-07-25T02:09:41.654+0000] {base.py:84} INFO - Using connection ID 'postgres_default' for task execution.
[2025-07-25T02:09:41.662+0000] {sql.py:487} INFO - Running statement: 
        TRUNCATE TABLE songplays;
        INSERT INTO songplays (playid, start_time, userid, level, songid, artistid, sessionid, location, user_agent)
        SELECT
                md5(CAST(events.sessionid AS TEXT) || CAST(events.start_time AS TEXT)) as playid,
                events.start_time, 
                events.userid, 
                events."level", 
                songs.song_id, 
                songs.artist_id, 
                events.sessionid, 
                events.location, 
                events.useragent
                FROM (SELECT TIMESTAMP 'epoch' + ts/1000 * interval '1 second' AS start_time, *
            FROM staging_events
            WHERE page='NextSong') events
            LEFT JOIN staging_songs songs
            ON events.song = songs.title
                AND events.artist = songs.artist_name
                AND events.length = songs.duration;
    , parameters: None
[2025-07-25T02:09:41.769+0000] {sql.py:496} INFO - Rows affected: 6820
[2025-07-25T02:09:41.788+0000] {taskinstance.py:441} INFO - ::group::Post task execution logs
[2025-07-25T02:09:41.808+0000] {taskinstance.py:1206} INFO - Marking task as SUCCESS. dag_id=tunestream_etl_pipeline, task_id=Load_songplays_fact_table, run_id=manual__2025-07-25T02:05:18.442262+00:00, execution_date=20250725T020518, start_date=20250725T020941, end_date=20250725T020941
[2025-07-25T02:09:41.862+0000] {local_task_job_runner.py:240} INFO - Task exited with return code 0
[2025-07-25T02:09:41.880+0000] {warnings.py:109} WARNING - /home/***/.local/lib/python3.10/site-packages/***/models/baseoperator.py:1297: AirflowProviderDeprecationWarning: Call to deprecated class PostgresOperator. (Please use `***.providers.common.sql.operators.sql.SQLExecuteQueryOperator`.Also, you can provide `hook_params={'schema': <database>}`.)
  result = cls.__new__(cls)

[2025-07-25T02:09:41.906+0000] {taskinstance.py:3503} INFO - 4 downstream tasks scheduled from follow-on schedule check
[2025-07-25T02:09:41.912+0000] {local_task_job_runner.py:222} INFO - ::endgroup::
