[2025-07-25T08:03:52.476+0000] {local_task_job_runner.py:120} INFO - ::group::Pre task execution logs
[2025-07-25T08:03:52.552+0000] {taskinstance.py:2076} INFO - Dependencies all met for dep_context=non-requeueable deps ti=<TaskInstance: tunestream_etl_pipeline.Load_user_dim_table scheduled__2025-07-25T07:00:00+00:00 [queued]>
[2025-07-25T08:03:52.592+0000] {taskinstance.py:2076} INFO - Dependencies all met for dep_context=requeueable deps ti=<TaskInstance: tunestream_etl_pipeline.Load_user_dim_table scheduled__2025-07-25T07:00:00+00:00 [queued]>
[2025-07-25T08:03:52.599+0000] {taskinstance.py:2306} INFO - Starting attempt 1 of 4
[2025-07-25T08:03:52.647+0000] {taskinstance.py:2330} INFO - Executing <Task(PostgresOperator): Load_user_dim_table> on 2025-07-25 07:00:00+00:00
[2025-07-25T08:03:52.676+0000] {standard_task_runner.py:63} INFO - Started process 1553 to run task
[2025-07-25T08:03:52.684+0000] {standard_task_runner.py:90} INFO - Running: ['***', 'tasks', 'run', 'tunestream_etl_pipeline', 'Load_user_dim_table', 'scheduled__2025-07-25T07:00:00+00:00', '--job-id', '282', '--raw', '--subdir', 'DAGS_FOLDER/final_exam_src.py', '--cfg-path', '/tmp/tmparyyv5q9']
[2025-07-25T08:03:52.698+0000] {standard_task_runner.py:91} INFO - Job 282: Subtask Load_user_dim_table
[2025-07-25T08:03:52.923+0000] {task_command.py:426} INFO - Running <TaskInstance: tunestream_etl_pipeline.Load_user_dim_table scheduled__2025-07-25T07:00:00+00:00 [running]> on host f0ac0c7b7f5e
[2025-07-25T08:03:53.232+0000] {taskinstance.py:2648} INFO - Exporting env vars: AIRFLOW_CTX_DAG_OWNER='QuangBLM1' AIRFLOW_CTX_DAG_ID='tunestream_etl_pipeline' AIRFLOW_CTX_TASK_ID='Load_user_dim_table' AIRFLOW_CTX_EXECUTION_DATE='2025-07-25T07:00:00+00:00' AIRFLOW_CTX_TRY_NUMBER='1' AIRFLOW_CTX_DAG_RUN_ID='scheduled__2025-07-25T07:00:00+00:00'
[2025-07-25T08:03:53.244+0000] {taskinstance.py:430} INFO - ::endgroup::
[2025-07-25T08:03:53.246+0000] {sql.py:276} INFO - Executing: 
        TRUNCATE TABLE users;
        INSERT INTO users (userid, first_name, last_name, gender, "level")
        SELECT userid, firstname, lastname, gender, "level"
        FROM (
            SELECT 
                userid, 
                firstname, 
                lastname, 
                gender, 
                "level",
                ROW_NUMBER() OVER(PARTITION BY userid ORDER BY ts DESC) as rn
            FROM staging_events
            WHERE page = 'NextSong' AND userid IS NOT NULL
        ) tmp
        WHERE rn = 1;
    
[2025-07-25T08:03:53.271+0000] {base.py:84} INFO - Using connection ID 'postgres_default' for task execution.
[2025-07-25T08:03:53.291+0000] {base.py:84} INFO - Using connection ID 'postgres_default' for task execution.
[2025-07-25T08:03:53.302+0000] {sql.py:487} INFO - Running statement: 
        TRUNCATE TABLE users;
        INSERT INTO users (userid, first_name, last_name, gender, "level")
        SELECT userid, firstname, lastname, gender, "level"
        FROM (
            SELECT 
                userid, 
                firstname, 
                lastname, 
                gender, 
                "level",
                ROW_NUMBER() OVER(PARTITION BY userid ORDER BY ts DESC) as rn
            FROM staging_events
            WHERE page = 'NextSong' AND userid IS NOT NULL
        ) tmp
        WHERE rn = 1;
    , parameters: None
[2025-07-25T08:03:53.357+0000] {sql.py:496} INFO - Rows affected: 96
[2025-07-25T08:03:53.372+0000] {taskinstance.py:441} INFO - ::group::Post task execution logs
[2025-07-25T08:03:53.415+0000] {taskinstance.py:1206} INFO - Marking task as SUCCESS. dag_id=tunestream_etl_pipeline, task_id=Load_user_dim_table, run_id=scheduled__2025-07-25T07:00:00+00:00, execution_date=20250725T070000, start_date=20250725T080352, end_date=20250725T080353
[2025-07-25T08:03:53.531+0000] {local_task_job_runner.py:240} INFO - Task exited with return code 0
[2025-07-25T08:03:53.563+0000] {warnings.py:109} WARNING - /home/***/.local/lib/python3.10/site-packages/***/models/baseoperator.py:1297: AirflowProviderDeprecationWarning: Call to deprecated class PostgresOperator. (Please use `***.providers.common.sql.operators.sql.SQLExecuteQueryOperator`.Also, you can provide `hook_params={'schema': <database>}`.)
  result = cls.__new__(cls)

[2025-07-25T08:03:53.645+0000] {taskinstance.py:3503} INFO - 0 downstream tasks scheduled from follow-on schedule check
[2025-07-25T08:03:53.662+0000] {local_task_job_runner.py:222} INFO - ::endgroup::
