[2025-07-25T07:25:31.656+0000] {local_task_job_runner.py:120} INFO - ::group::Pre task execution logs
[2025-07-25T07:25:31.842+0000] {taskinstance.py:2076} INFO - Dependencies all met for dep_context=non-requeueable deps ti=<TaskInstance: tunestream_etl_pipeline.Load_song_dim_table scheduled__2025-07-24T14:00:00+00:00 [queued]>
[2025-07-25T07:25:31.938+0000] {taskinstance.py:2076} INFO - Dependencies all met for dep_context=requeueable deps ti=<TaskInstance: tunestream_etl_pipeline.Load_song_dim_table scheduled__2025-07-24T14:00:00+00:00 [queued]>
[2025-07-25T07:25:31.987+0000] {taskinstance.py:2306} INFO - Starting attempt 1 of 4
[2025-07-25T07:25:32.114+0000] {taskinstance.py:2330} INFO - Executing <Task(PostgresOperator): Load_song_dim_table> on 2025-07-24 14:00:00+00:00
[2025-07-25T07:25:32.163+0000] {standard_task_runner.py:63} INFO - Started process 861 to run task
[2025-07-25T07:25:32.230+0000] {standard_task_runner.py:90} INFO - Running: ['***', 'tasks', 'run', 'tunestream_etl_pipeline', 'Load_song_dim_table', 'scheduled__2025-07-24T14:00:00+00:00', '--job-id', '182', '--raw', '--subdir', 'DAGS_FOLDER/final_exam_src.py', '--cfg-path', '/tmp/tmph9a6zwq7']
[2025-07-25T07:25:32.248+0000] {standard_task_runner.py:91} INFO - Job 182: Subtask Load_song_dim_table
[2025-07-25T07:25:32.711+0000] {task_command.py:426} INFO - Running <TaskInstance: tunestream_etl_pipeline.Load_song_dim_table scheduled__2025-07-24T14:00:00+00:00 [running]> on host f0ac0c7b7f5e
[2025-07-25T07:25:33.236+0000] {taskinstance.py:2648} INFO - Exporting env vars: AIRFLOW_CTX_DAG_OWNER='QuangBLM1' AIRFLOW_CTX_DAG_ID='tunestream_etl_pipeline' AIRFLOW_CTX_TASK_ID='Load_song_dim_table' AIRFLOW_CTX_EXECUTION_DATE='2025-07-24T14:00:00+00:00' AIRFLOW_CTX_TRY_NUMBER='1' AIRFLOW_CTX_DAG_RUN_ID='scheduled__2025-07-24T14:00:00+00:00'
[2025-07-25T07:25:33.249+0000] {taskinstance.py:430} INFO - ::endgroup::
[2025-07-25T07:25:33.251+0000] {sql.py:276} INFO - Executing: 
        TRUNCATE TABLE songs;
        INSERT INTO songs (songid, title, artistid, "year", duration)
        SELECT distinct song_id, title, artist_id, "year", duration
        FROM staging_songs;
    
[2025-07-25T07:25:33.292+0000] {base.py:84} INFO - Using connection ID 'postgres_default' for task execution.
[2025-07-25T07:25:33.329+0000] {base.py:84} INFO - Using connection ID 'postgres_default' for task execution.
[2025-07-25T07:25:33.352+0000] {sql.py:487} INFO - Running statement: 
        TRUNCATE TABLE songs;
        INSERT INTO songs (songid, title, artistid, "year", duration)
        SELECT distinct song_id, title, artist_id, "year", duration
        FROM staging_songs;
    , parameters: None
[2025-07-25T07:25:33.400+0000] {sql.py:496} INFO - Rows affected: 50
[2025-07-25T07:25:33.427+0000] {taskinstance.py:441} INFO - ::group::Post task execution logs
[2025-07-25T07:25:33.458+0000] {taskinstance.py:1206} INFO - Marking task as SUCCESS. dag_id=tunestream_etl_pipeline, task_id=Load_song_dim_table, run_id=scheduled__2025-07-24T14:00:00+00:00, execution_date=20250724T140000, start_date=20250725T072531, end_date=20250725T072533
[2025-07-25T07:25:33.648+0000] {local_task_job_runner.py:240} INFO - Task exited with return code 0
[2025-07-25T07:25:33.755+0000] {warnings.py:109} WARNING - /home/***/.local/lib/python3.10/site-packages/***/models/baseoperator.py:1297: AirflowProviderDeprecationWarning: Call to deprecated class PostgresOperator. (Please use `***.providers.common.sql.operators.sql.SQLExecuteQueryOperator`.Also, you can provide `hook_params={'schema': <database>}`.)
  result = cls.__new__(cls)

[2025-07-25T07:25:33.828+0000] {taskinstance.py:3503} INFO - 0 downstream tasks scheduled from follow-on schedule check
[2025-07-25T07:25:33.838+0000] {local_task_job_runner.py:222} INFO - ::endgroup::
