[2025-07-24T16:30:25.607+0000] {local_task_job_runner.py:120} INFO - ::group::Pre task execution logs
[2025-07-24T16:30:25.635+0000] {taskinstance.py:2076} INFO - Dependencies all met for dep_context=non-requeueable deps ti=<TaskInstance: tunestream_etl_pipeline.Load_songplays_fact_table manual__2025-07-24T16:27:10.772299+00:00 [queued]>
[2025-07-24T16:30:25.645+0000] {taskinstance.py:2076} INFO - Dependencies all met for dep_context=requeueable deps ti=<TaskInstance: tunestream_etl_pipeline.Load_songplays_fact_table manual__2025-07-24T16:27:10.772299+00:00 [queued]>
[2025-07-24T16:30:25.646+0000] {taskinstance.py:2306} INFO - Starting attempt 1 of 2
[2025-07-24T16:30:25.665+0000] {taskinstance.py:2330} INFO - Executing <Task(PostgresOperator): Load_songplays_fact_table> on 2025-07-24 16:27:10.772299+00:00
[2025-07-24T16:30:25.677+0000] {standard_task_runner.py:63} INFO - Started process 326 to run task
[2025-07-24T16:30:25.682+0000] {standard_task_runner.py:90} INFO - Running: ['***', 'tasks', 'run', 'tunestream_etl_pipeline', 'Load_songplays_fact_table', 'manual__2025-07-24T16:27:10.772299+00:00', '--job-id', '12', '--raw', '--subdir', 'DAGS_FOLDER/final_exam_src.py', '--cfg-path', '/tmp/tmpiedpqnxy']
[2025-07-24T16:30:25.686+0000] {standard_task_runner.py:91} INFO - Job 12: Subtask Load_songplays_fact_table
[2025-07-24T16:30:25.763+0000] {task_command.py:426} INFO - Running <TaskInstance: tunestream_etl_pipeline.Load_songplays_fact_table manual__2025-07-24T16:27:10.772299+00:00 [running]> on host a0f12fcdcc8f
[2025-07-24T16:30:25.865+0000] {taskinstance.py:2648} INFO - Exporting env vars: AIRFLOW_CTX_DAG_OWNER='QuangBLM1' AIRFLOW_CTX_DAG_ID='tunestream_etl_pipeline' AIRFLOW_CTX_TASK_ID='Load_songplays_fact_table' AIRFLOW_CTX_EXECUTION_DATE='2025-07-24T16:27:10.772299+00:00' AIRFLOW_CTX_TRY_NUMBER='1' AIRFLOW_CTX_DAG_RUN_ID='manual__2025-07-24T16:27:10.772299+00:00'
[2025-07-24T16:30:25.868+0000] {taskinstance.py:430} INFO - ::endgroup::
[2025-07-24T16:30:25.869+0000] {sql.py:276} INFO - Executing: 
        INSERT INTO songplays (playid, start_time, userid, level, songid, artistid, sessionid, location, user_agent)
        SELECT
                md5(events.sessionid || events.start_time) as playid,
                events.start_time, 
                events.userid, 
                events."level", 
                songs.song_id, 
                songs.artist_id, 
                events.sessionid, 
                events.location, 
                events.useragent
                FROM (SELECT TIMESTAMP 'epoch' + ts/1000 * interval '1 second' AS start_time, *
            FROM staging_events
            WHERE page='NextSong') events
            LEFT JOIN staging_songs songs
            ON events.song = songs.title
                AND events.artist = songs.artist_name
                AND events.length = songs.duration;
    
[2025-07-24T16:30:25.883+0000] {base.py:84} INFO - Using connection ID 'postgres_default' for task execution.
[2025-07-24T16:30:25.896+0000] {base.py:84} INFO - Using connection ID 'postgres_default' for task execution.
[2025-07-24T16:30:25.903+0000] {sql.py:487} INFO - Running statement: 
        INSERT INTO songplays (playid, start_time, userid, level, songid, artistid, sessionid, location, user_agent)
        SELECT
                md5(events.sessionid || events.start_time) as playid,
                events.start_time, 
                events.userid, 
                events."level", 
                songs.song_id, 
                songs.artist_id, 
                events.sessionid, 
                events.location, 
                events.useragent
                FROM (SELECT TIMESTAMP 'epoch' + ts/1000 * interval '1 second' AS start_time, *
            FROM staging_events
            WHERE page='NextSong') events
            LEFT JOIN staging_songs songs
            ON events.song = songs.title
                AND events.artist = songs.artist_name
                AND events.length = songs.duration;
    , parameters: None
[2025-07-24T16:30:25.909+0000] {taskinstance.py:441} INFO - ::group::Post task execution logs
[2025-07-24T16:30:25.916+0000] {taskinstance.py:2905} ERROR - Task failed with exception
Traceback (most recent call last):
  File "/home/airflow/.local/lib/python3.10/site-packages/airflow/models/taskinstance.py", line 465, in _execute_task
    result = _execute_callable(context=context, **execute_callable_kwargs)
  File "/home/airflow/.local/lib/python3.10/site-packages/airflow/models/taskinstance.py", line 432, in _execute_callable
    return execute_callable(context=context, **execute_callable_kwargs)
  File "/home/airflow/.local/lib/python3.10/site-packages/airflow/models/baseoperator.py", line 401, in wrapper
    return func(self, *args, **kwargs)
  File "/home/airflow/.local/lib/python3.10/site-packages/airflow/providers/common/sql/operators/sql.py", line 282, in execute
    output = hook.run(
  File "/home/airflow/.local/lib/python3.10/site-packages/airflow/providers/common/sql/hooks/sql.py", line 435, in run
    self._run_command(cur, sql_statement, parameters)
  File "/home/airflow/.local/lib/python3.10/site-packages/airflow/providers/common/sql/hooks/sql.py", line 492, in _run_command
    cur.execute(sql_statement)
psycopg2.errors.UndefinedFunction: operator does not exist: integer || timestamp without time zone
LINE 4:                 md5(events.sessionid || events.start_time) a...
                                             ^
HINT:  No operator matches the given name and argument types. You might need to add explicit type casts.

[2025-07-24T16:30:25.929+0000] {taskinstance.py:1206} INFO - Marking task as UP_FOR_RETRY. dag_id=tunestream_etl_pipeline, task_id=Load_songplays_fact_table, run_id=manual__2025-07-24T16:27:10.772299+00:00, execution_date=20250724T162710, start_date=20250724T163025, end_date=20250724T163025
[2025-07-24T16:30:25.945+0000] {standard_task_runner.py:110} ERROR - Failed to execute job 12 for task Load_songplays_fact_table (operator does not exist: integer || timestamp without time zone
LINE 4:                 md5(events.sessionid || events.start_time) a...
                                             ^
HINT:  No operator matches the given name and argument types. You might need to add explicit type casts.
; 326)
[2025-07-24T16:30:25.976+0000] {local_task_job_runner.py:240} INFO - Task exited with return code 1
[2025-07-24T16:30:25.993+0000] {warnings.py:109} WARNING - /home/***/.local/lib/python3.10/site-packages/***/models/baseoperator.py:1297: AirflowProviderDeprecationWarning: Call to deprecated class PostgresOperator. (Please use `***.providers.common.sql.operators.sql.SQLExecuteQueryOperator`.Also, you can provide `hook_params={'schema': <database>}`.)
  result = cls.__new__(cls)

[2025-07-24T16:30:26.015+0000] {taskinstance.py:3503} INFO - 0 downstream tasks scheduled from follow-on schedule check
[2025-07-24T16:30:26.018+0000] {local_task_job_runner.py:222} INFO - ::endgroup::
