[2025-07-25T08:03:52.717+0000] {local_task_job_runner.py:120} INFO - ::group::Pre task execution logs
[2025-07-25T08:03:52.781+0000] {taskinstance.py:2076} INFO - Dependencies all met for dep_context=non-requeueable deps ti=<TaskInstance: tunestream_etl_pipeline.Load_song_dim_table scheduled__2025-07-25T07:00:00+00:00 [queued]>
[2025-07-25T08:03:52.815+0000] {taskinstance.py:2076} INFO - Dependencies all met for dep_context=requeueable deps ti=<TaskInstance: tunestream_etl_pipeline.Load_song_dim_table scheduled__2025-07-25T07:00:00+00:00 [queued]>
[2025-07-25T08:03:52.817+0000] {taskinstance.py:2306} INFO - Starting attempt 1 of 4
[2025-07-25T08:03:52.862+0000] {taskinstance.py:2330} INFO - Executing <Task(PostgresOperator): Load_song_dim_table> on 2025-07-25 07:00:00+00:00
[2025-07-25T08:03:52.889+0000] {standard_task_runner.py:63} INFO - Started process 1555 to run task
[2025-07-25T08:03:52.903+0000] {standard_task_runner.py:90} INFO - Running: ['***', 'tasks', 'run', 'tunestream_etl_pipeline', 'Load_song_dim_table', 'scheduled__2025-07-25T07:00:00+00:00', '--job-id', '283', '--raw', '--subdir', 'DAGS_FOLDER/final_exam_src.py', '--cfg-path', '/tmp/tmp8sms4hlt']
[2025-07-25T08:03:52.922+0000] {standard_task_runner.py:91} INFO - Job 283: Subtask Load_song_dim_table
[2025-07-25T08:03:53.167+0000] {task_command.py:426} INFO - Running <TaskInstance: tunestream_etl_pipeline.Load_song_dim_table scheduled__2025-07-25T07:00:00+00:00 [running]> on host f0ac0c7b7f5e
[2025-07-25T08:03:53.409+0000] {taskinstance.py:2648} INFO - Exporting env vars: AIRFLOW_CTX_DAG_OWNER='QuangBLM1' AIRFLOW_CTX_DAG_ID='tunestream_etl_pipeline' AIRFLOW_CTX_TASK_ID='Load_song_dim_table' AIRFLOW_CTX_EXECUTION_DATE='2025-07-25T07:00:00+00:00' AIRFLOW_CTX_TRY_NUMBER='1' AIRFLOW_CTX_DAG_RUN_ID='scheduled__2025-07-25T07:00:00+00:00'
[2025-07-25T08:03:53.419+0000] {taskinstance.py:430} INFO - ::endgroup::
[2025-07-25T08:03:53.422+0000] {sql.py:276} INFO - Executing: 
        TRUNCATE TABLE songs;
        INSERT INTO songs (songid, title, artistid, "year", duration)
        SELECT distinct song_id, title, artist_id, "year", duration
        FROM staging_songs;
    
[2025-07-25T08:03:53.480+0000] {base.py:84} INFO - Using connection ID 'postgres_default' for task execution.
[2025-07-25T08:03:53.531+0000] {base.py:84} INFO - Using connection ID 'postgres_default' for task execution.
[2025-07-25T08:03:53.544+0000] {sql.py:487} INFO - Running statement: 
        TRUNCATE TABLE songs;
        INSERT INTO songs (songid, title, artistid, "year", duration)
        SELECT distinct song_id, title, artist_id, "year", duration
        FROM staging_songs;
    , parameters: None
[2025-07-25T08:03:53.582+0000] {sql.py:496} INFO - Rows affected: 71
[2025-07-25T08:03:53.594+0000] {taskinstance.py:441} INFO - ::group::Post task execution logs
[2025-07-25T08:03:53.637+0000] {taskinstance.py:1206} INFO - Marking task as SUCCESS. dag_id=tunestream_etl_pipeline, task_id=Load_song_dim_table, run_id=scheduled__2025-07-25T07:00:00+00:00, execution_date=20250725T070000, start_date=20250725T080352, end_date=20250725T080353
[2025-07-25T08:03:53.731+0000] {local_task_job_runner.py:240} INFO - Task exited with return code 0
[2025-07-25T08:03:53.746+0000] {local_task_job_runner.py:222} INFO - ::endgroup::
