[2025-07-25T02:09:45.855+0000] {local_task_job_runner.py:120} INFO - ::group::Pre task execution logs
[2025-07-25T02:09:45.931+0000] {taskinstance.py:2076} INFO - Dependencies all met for dep_context=non-requeueable deps ti=<TaskInstance: tunestream_etl_pipeline.Load_user_dim_table manual__2025-07-25T02:05:18.442262+00:00 [queued]>
[2025-07-25T02:09:45.957+0000] {taskinstance.py:2076} INFO - Dependencies all met for dep_context=requeueable deps ti=<TaskInstance: tunestream_etl_pipeline.Load_user_dim_table manual__2025-07-25T02:05:18.442262+00:00 [queued]>
[2025-07-25T02:09:45.958+0000] {taskinstance.py:2306} INFO - Starting attempt 1 of 2
[2025-07-25T02:09:45.999+0000] {taskinstance.py:2330} INFO - Executing <Task(PostgresOperator): Load_user_dim_table> on 2025-07-25 02:05:18.442262+00:00
[2025-07-25T02:09:46.024+0000] {standard_task_runner.py:63} INFO - Started process 298 to run task
[2025-07-25T02:09:46.042+0000] {standard_task_runner.py:90} INFO - Running: ['***', 'tasks', 'run', 'tunestream_etl_pipeline', 'Load_user_dim_table', 'manual__2025-07-25T02:05:18.442262+00:00', '--job-id', '69', '--raw', '--subdir', 'DAGS_FOLDER/final_exam_src.py', '--cfg-path', '/tmp/tmpi3es8172']
[2025-07-25T02:09:46.056+0000] {standard_task_runner.py:91} INFO - Job 69: Subtask Load_user_dim_table
[2025-07-25T02:09:46.225+0000] {task_command.py:426} INFO - Running <TaskInstance: tunestream_etl_pipeline.Load_user_dim_table manual__2025-07-25T02:05:18.442262+00:00 [running]> on host f09e52be76ce
[2025-07-25T02:09:46.407+0000] {taskinstance.py:2648} INFO - Exporting env vars: AIRFLOW_CTX_DAG_OWNER='QuangBLM1' AIRFLOW_CTX_DAG_ID='tunestream_etl_pipeline' AIRFLOW_CTX_TASK_ID='Load_user_dim_table' AIRFLOW_CTX_EXECUTION_DATE='2025-07-25T02:05:18.442262+00:00' AIRFLOW_CTX_TRY_NUMBER='1' AIRFLOW_CTX_DAG_RUN_ID='manual__2025-07-25T02:05:18.442262+00:00'
[2025-07-25T02:09:46.412+0000] {taskinstance.py:430} INFO - ::endgroup::
[2025-07-25T02:09:46.413+0000] {sql.py:276} INFO - Executing: 
        TRUNCATE TABLE users;
        INSERT INTO users (userid, first_name, last_name, gender, "level")
        SELECT userid, firstname, lastname, gender, "level"
        FROM (
            SELECT 
                userid, 
                firstname, 
                lastname, 
                gender, 
                "level",
                ROW_NUMBER() OVER(PARTITION BY userid ORDER BY ts DESC) as rn
            FROM staging_events
            WHERE page = 'NextSong' AND userid IS NOT NULL
        ) tmp
        WHERE rn = 1;
    
[2025-07-25T02:09:46.433+0000] {base.py:84} INFO - Using connection ID 'postgres_default' for task execution.
[2025-07-25T02:09:46.455+0000] {base.py:84} INFO - Using connection ID 'postgres_default' for task execution.
[2025-07-25T02:09:46.466+0000] {sql.py:487} INFO - Running statement: 
        TRUNCATE TABLE users;
        INSERT INTO users (userid, first_name, last_name, gender, "level")
        SELECT userid, firstname, lastname, gender, "level"
        FROM (
            SELECT 
                userid, 
                firstname, 
                lastname, 
                gender, 
                "level",
                ROW_NUMBER() OVER(PARTITION BY userid ORDER BY ts DESC) as rn
            FROM staging_events
            WHERE page = 'NextSong' AND userid IS NOT NULL
        ) tmp
        WHERE rn = 1;
    , parameters: None
[2025-07-25T02:09:46.510+0000] {sql.py:496} INFO - Rows affected: 96
[2025-07-25T02:09:46.518+0000] {taskinstance.py:441} INFO - ::group::Post task execution logs
[2025-07-25T02:09:46.535+0000] {taskinstance.py:1206} INFO - Marking task as SUCCESS. dag_id=tunestream_etl_pipeline, task_id=Load_user_dim_table, run_id=manual__2025-07-25T02:05:18.442262+00:00, execution_date=20250725T020518, start_date=20250725T020945, end_date=20250725T020946
[2025-07-25T02:09:46.581+0000] {local_task_job_runner.py:240} INFO - Task exited with return code 0
[2025-07-25T02:09:46.598+0000] {warnings.py:109} WARNING - /home/***/.local/lib/python3.10/site-packages/***/models/baseoperator.py:1297: AirflowProviderDeprecationWarning: Call to deprecated class PostgresOperator. (Please use `***.providers.common.sql.operators.sql.SQLExecuteQueryOperator`.Also, you can provide `hook_params={'schema': <database>}`.)
  result = cls.__new__(cls)

[2025-07-25T02:09:46.620+0000] {taskinstance.py:3503} INFO - 0 downstream tasks scheduled from follow-on schedule check
[2025-07-25T02:09:46.626+0000] {local_task_job_runner.py:222} INFO - ::endgroup::
