[2025-07-25T09:03:24.961+0000] {local_task_job_runner.py:120} INFO - ::group::Pre task execution logs
[2025-07-25T09:03:24.986+0000] {taskinstance.py:2076} INFO - Dependencies all met for dep_context=non-requeueable deps ti=<TaskInstance: tunestream_etl_pipeline.Run_data_quality_checks scheduled__2025-07-25T08:00:00+00:00 [queued]>
[2025-07-25T09:03:24.997+0000] {taskinstance.py:2076} INFO - Dependencies all met for dep_context=requeueable deps ti=<TaskInstance: tunestream_etl_pipeline.Run_data_quality_checks scheduled__2025-07-25T08:00:00+00:00 [queued]>
[2025-07-25T09:03:24.998+0000] {taskinstance.py:2306} INFO - Starting attempt 1 of 4
[2025-07-25T09:03:25.016+0000] {taskinstance.py:2330} INFO - Executing <Task(PythonOperator): Run_data_quality_checks> on 2025-07-25 08:00:00+00:00
[2025-07-25T09:03:25.027+0000] {standard_task_runner.py:63} INFO - Started process 2347 to run task
[2025-07-25T09:03:25.031+0000] {standard_task_runner.py:90} INFO - Running: ['***', 'tasks', 'run', 'tunestream_etl_pipeline', 'Run_data_quality_checks', 'scheduled__2025-07-25T08:00:00+00:00', '--job-id', '292', '--raw', '--subdir', 'DAGS_FOLDER/final_exam_src.py', '--cfg-path', '/tmp/tmpnn0v4sgb']
[2025-07-25T09:03:25.036+0000] {standard_task_runner.py:91} INFO - Job 292: Subtask Run_data_quality_checks
[2025-07-25T09:03:25.129+0000] {task_command.py:426} INFO - Running <TaskInstance: tunestream_etl_pipeline.Run_data_quality_checks scheduled__2025-07-25T08:00:00+00:00 [running]> on host f0ac0c7b7f5e
[2025-07-25T09:03:25.248+0000] {taskinstance.py:2648} INFO - Exporting env vars: AIRFLOW_CTX_DAG_OWNER='QuangBLM1' AIRFLOW_CTX_DAG_ID='tunestream_etl_pipeline' AIRFLOW_CTX_TASK_ID='Run_data_quality_checks' AIRFLOW_CTX_EXECUTION_DATE='2025-07-25T08:00:00+00:00' AIRFLOW_CTX_TRY_NUMBER='1' AIRFLOW_CTX_DAG_RUN_ID='scheduled__2025-07-25T08:00:00+00:00'
[2025-07-25T09:03:25.253+0000] {taskinstance.py:430} INFO - ::endgroup::
[2025-07-25T09:03:25.267+0000] {base.py:84} INFO - Using connection ID 'postgres_default' for task execution.
[2025-07-25T09:03:25.274+0000] {sql.py:487} INFO - Running statement: SELECT COUNT(*) FROM songplays, parameters: None
[2025-07-25T09:03:25.277+0000] {sql.py:496} INFO - Rows affected: 1
[2025-07-25T09:03:25.279+0000] {logging_mixin.py:188} INFO - Data quality check complete.
[2025-07-25T09:03:25.290+0000] {base.py:84} INFO - Using connection ID 'postgres_default' for task execution.
[2025-07-25T09:03:25.296+0000] {sql.py:487} INFO - Running statement: SELECT COUNT(*) FROM users, parameters: None
[2025-07-25T09:03:25.299+0000] {sql.py:496} INFO - Rows affected: 1
[2025-07-25T09:03:25.300+0000] {logging_mixin.py:188} INFO - Data quality check complete.
[2025-07-25T09:03:25.311+0000] {base.py:84} INFO - Using connection ID 'postgres_default' for task execution.
[2025-07-25T09:03:25.317+0000] {sql.py:487} INFO - Running statement: SELECT COUNT(*) FROM artists, parameters: None
[2025-07-25T09:03:25.319+0000] {sql.py:496} INFO - Rows affected: 1
[2025-07-25T09:03:25.320+0000] {logging_mixin.py:188} INFO - Data quality check complete.
[2025-07-25T09:03:25.333+0000] {base.py:84} INFO - Using connection ID 'postgres_default' for task execution.
[2025-07-25T09:03:25.340+0000] {sql.py:487} INFO - Running statement: SELECT COUNT(*) FROM time, parameters: None
[2025-07-25T09:03:25.342+0000] {sql.py:496} INFO - Rows affected: 1
[2025-07-25T09:03:25.343+0000] {logging_mixin.py:188} INFO - Data quality check complete.
[2025-07-25T09:03:25.353+0000] {base.py:84} INFO - Using connection ID 'postgres_default' for task execution.
[2025-07-25T09:03:25.359+0000] {sql.py:487} INFO - Running statement: SELECT COUNT(*) FROM songs, parameters: None
[2025-07-25T09:03:25.361+0000] {sql.py:496} INFO - Rows affected: 1
[2025-07-25T09:03:25.362+0000] {logging_mixin.py:188} INFO - Data quality check complete.
[2025-07-25T09:03:25.363+0000] {python.py:237} INFO - Done. Returned value was: None
[2025-07-25T09:03:25.364+0000] {taskinstance.py:441} INFO - ::group::Post task execution logs
[2025-07-25T09:03:25.379+0000] {taskinstance.py:1206} INFO - Marking task as SUCCESS. dag_id=tunestream_etl_pipeline, task_id=Run_data_quality_checks, run_id=scheduled__2025-07-25T08:00:00+00:00, execution_date=20250725T080000, start_date=20250725T090324, end_date=20250725T090325
[2025-07-25T09:03:25.447+0000] {local_task_job_runner.py:240} INFO - Task exited with return code 0
[2025-07-25T09:03:25.470+0000] {taskinstance.py:3503} INFO - 0 downstream tasks scheduled from follow-on schedule check
[2025-07-25T09:03:25.476+0000] {local_task_job_runner.py:222} INFO - ::endgroup::
