[2025-07-24T15:36:34.973+0000] {local_task_job_runner.py:120} INFO - ::group::Pre task execution logs
[2025-07-24T15:36:35.004+0000] {taskinstance.py:2076} INFO - Dependencies all met for dep_context=non-requeueable deps ti=<TaskInstance: tutorial.print_date scheduled__2025-07-23T00:00:00+00:00 [queued]>
[2025-07-24T15:36:35.016+0000] {taskinstance.py:2076} INFO - Dependencies all met for dep_context=requeueable deps ti=<TaskInstance: tutorial.print_date scheduled__2025-07-23T00:00:00+00:00 [queued]>
[2025-07-24T15:36:35.017+0000] {taskinstance.py:2306} INFO - Starting attempt 1 of 2
[2025-07-24T15:36:35.036+0000] {taskinstance.py:2330} INFO - Executing <Task(BashOperator): print_date> on 2025-07-23 00:00:00+00:00
[2025-07-24T15:36:35.051+0000] {standard_task_runner.py:63} INFO - Started process 191 to run task
[2025-07-24T15:36:35.060+0000] {standard_task_runner.py:90} INFO - Running: ['***', 'tasks', 'run', 'tutorial', 'print_date', 'scheduled__2025-07-23T00:00:00+00:00', '--job-id', '33', '--raw', '--subdir', '/home/***/.local/lib/python3.10/site-packages/***/example_dags/tutorial.py', '--cfg-path', '/tmp/tmpdqfyb88y']
[2025-07-24T15:36:35.065+0000] {standard_task_runner.py:91} INFO - Job 33: Subtask print_date
[2025-07-24T15:36:35.160+0000] {task_command.py:426} INFO - Running <TaskInstance: tutorial.print_date scheduled__2025-07-23T00:00:00+00:00 [running]> on host 562a5fa0e436
[2025-07-24T15:36:35.271+0000] {taskinstance.py:2648} INFO - Exporting env vars: AIRFLOW_CTX_DAG_EMAIL='***@example.com' AIRFLOW_CTX_DAG_OWNER='***' AIRFLOW_CTX_DAG_ID='tutorial' AIRFLOW_CTX_TASK_ID='print_date' AIRFLOW_CTX_EXECUTION_DATE='2025-07-23T00:00:00+00:00' AIRFLOW_CTX_TRY_NUMBER='1' AIRFLOW_CTX_DAG_RUN_ID='scheduled__2025-07-23T00:00:00+00:00'
[2025-07-24T15:36:35.274+0000] {taskinstance.py:430} INFO - ::endgroup::
[2025-07-24T15:36:35.280+0000] {subprocess.py:63} INFO - Tmp dir root location: /tmp
[2025-07-24T15:36:35.282+0000] {subprocess.py:75} INFO - Running command: ['/usr/bin/bash', '-c', 'date']
[2025-07-24T15:36:35.310+0000] {subprocess.py:86} INFO - Output:
[2025-07-24T15:36:35.322+0000] {subprocess.py:93} INFO - Thu Jul 24 15:36:35 UTC 2025
[2025-07-24T15:36:35.323+0000] {subprocess.py:97} INFO - Command exited with return code 0
[2025-07-24T15:36:35.324+0000] {taskinstance.py:441} INFO - ::group::Post task execution logs
[2025-07-24T15:36:35.362+0000] {taskinstance.py:1206} INFO - Marking task as SUCCESS. dag_id=tutorial, task_id=print_date, run_id=scheduled__2025-07-23T00:00:00+00:00, execution_date=20250723T000000, start_date=20250724T153635, end_date=20250724T153635
[2025-07-24T15:36:35.434+0000] {local_task_job_runner.py:240} INFO - Task exited with return code 0
[2025-07-24T15:36:35.466+0000] {taskinstance.py:3503} INFO - 0 downstream tasks scheduled from follow-on schedule check
[2025-07-24T15:36:35.470+0000] {local_task_job_runner.py:222} INFO - ::endgroup::
