[2025-07-25T02:00:31.564+0000] {local_task_job_runner.py:120} INFO - ::group::Pre task execution logs
[2025-07-25T02:00:31.602+0000] {taskinstance.py:2076} INFO - Dependencies all met for dep_context=non-requeueable deps ti=<TaskInstance: tunestream_etl_pipeline.Load_user_dim_table manual__2025-07-25T01:56:10.906355+00:00 [queued]>
[2025-07-25T02:00:31.614+0000] {taskinstance.py:2076} INFO - Dependencies all met for dep_context=requeueable deps ti=<TaskInstance: tunestream_etl_pipeline.Load_user_dim_table manual__2025-07-25T01:56:10.906355+00:00 [queued]>
[2025-07-25T02:00:31.616+0000] {taskinstance.py:2306} INFO - Starting attempt 2 of 2
[2025-07-25T02:00:31.646+0000] {taskinstance.py:2330} INFO - Executing <Task(PostgresOperator): Load_user_dim_table> on 2025-07-25 01:56:10.906355+00:00
[2025-07-25T02:00:31.663+0000] {standard_task_runner.py:63} INFO - Started process 161 to run task
[2025-07-25T02:00:31.670+0000] {standard_task_runner.py:90} INFO - Running: ['***', 'tasks', 'run', 'tunestream_etl_pipeline', 'Load_user_dim_table', 'manual__2025-07-25T01:56:10.906355+00:00', '--job-id', '62', '--raw', '--subdir', 'DAGS_FOLDER/final_exam_src.py', '--cfg-path', '/tmp/tmp9sur4vtz']
[2025-07-25T02:00:31.675+0000] {standard_task_runner.py:91} INFO - Job 62: Subtask Load_user_dim_table
[2025-07-25T02:00:31.785+0000] {task_command.py:426} INFO - Running <TaskInstance: tunestream_etl_pipeline.Load_user_dim_table manual__2025-07-25T01:56:10.906355+00:00 [running]> on host f09e52be76ce
[2025-07-25T02:00:31.890+0000] {taskinstance.py:2648} INFO - Exporting env vars: AIRFLOW_CTX_DAG_OWNER='QuangBLM1' AIRFLOW_CTX_DAG_ID='tunestream_etl_pipeline' AIRFLOW_CTX_TASK_ID='Load_user_dim_table' AIRFLOW_CTX_EXECUTION_DATE='2025-07-25T01:56:10.906355+00:00' AIRFLOW_CTX_TRY_NUMBER='2' AIRFLOW_CTX_DAG_RUN_ID='manual__2025-07-25T01:56:10.906355+00:00'
[2025-07-25T02:00:31.894+0000] {taskinstance.py:430} INFO - ::endgroup::
[2025-07-25T02:00:31.895+0000] {sql.py:276} INFO - Executing: 
        TRUNCATE TABLE users;
        INSERT INTO users (userid, first_name, last_name, gender, "level")
        SELECT distinct userid, firstname, lastname, gender, "level"
        FROM staging_events
        WHERE page='NextSong';
    
[2025-07-25T02:00:31.909+0000] {base.py:84} INFO - Using connection ID 'postgres_default' for task execution.
[2025-07-25T02:00:31.924+0000] {base.py:84} INFO - Using connection ID 'postgres_default' for task execution.
[2025-07-25T02:00:31.932+0000] {sql.py:487} INFO - Running statement: 
        TRUNCATE TABLE users;
        INSERT INTO users (userid, first_name, last_name, gender, "level")
        SELECT distinct userid, firstname, lastname, gender, "level"
        FROM staging_events
        WHERE page='NextSong';
    , parameters: None
[2025-07-25T02:00:31.954+0000] {taskinstance.py:441} INFO - ::group::Post task execution logs
[2025-07-25T02:00:31.955+0000] {taskinstance.py:2905} ERROR - Task failed with exception
Traceback (most recent call last):
  File "/home/airflow/.local/lib/python3.10/site-packages/airflow/models/taskinstance.py", line 465, in _execute_task
    result = _execute_callable(context=context, **execute_callable_kwargs)
  File "/home/airflow/.local/lib/python3.10/site-packages/airflow/models/taskinstance.py", line 432, in _execute_callable
    return execute_callable(context=context, **execute_callable_kwargs)
  File "/home/airflow/.local/lib/python3.10/site-packages/airflow/models/baseoperator.py", line 401, in wrapper
    return func(self, *args, **kwargs)
  File "/home/airflow/.local/lib/python3.10/site-packages/airflow/providers/common/sql/operators/sql.py", line 282, in execute
    output = hook.run(
  File "/home/airflow/.local/lib/python3.10/site-packages/airflow/providers/common/sql/hooks/sql.py", line 435, in run
    self._run_command(cur, sql_statement, parameters)
  File "/home/airflow/.local/lib/python3.10/site-packages/airflow/providers/common/sql/hooks/sql.py", line 492, in _run_command
    cur.execute(sql_statement)
psycopg2.errors.UniqueViolation: duplicate key value violates unique constraint "users_pkey"
DETAIL:  Key (userid)=(88) already exists.

[2025-07-25T02:00:31.968+0000] {taskinstance.py:1206} INFO - Marking task as FAILED. dag_id=tunestream_etl_pipeline, task_id=Load_user_dim_table, run_id=manual__2025-07-25T01:56:10.906355+00:00, execution_date=20250725T015610, start_date=20250725T020031, end_date=20250725T020031
[2025-07-25T02:00:31.990+0000] {standard_task_runner.py:110} ERROR - Failed to execute job 62 for task Load_user_dim_table (duplicate key value violates unique constraint "users_pkey"
DETAIL:  Key (userid)=(88) already exists.
; 161)
[2025-07-25T02:00:32.043+0000] {local_task_job_runner.py:240} INFO - Task exited with return code 1
[2025-07-25T02:00:32.064+0000] {local_task_job_runner.py:222} INFO - ::endgroup::
