[2025-07-24T16:37:42.280+0000] {local_task_job_runner.py:120} INFO - ::group::Pre task execution logs
[2025-07-24T16:37:42.310+0000] {taskinstance.py:2076} INFO - Dependencies all met for dep_context=non-requeueable deps ti=<TaskInstance: tunestream_etl_pipeline.Load_songplays_fact_table manual__2025-07-24T16:34:32.038226+00:00 [queued]>
[2025-07-24T16:37:42.319+0000] {taskinstance.py:2076} INFO - Dependencies all met for dep_context=requeueable deps ti=<TaskInstance: tunestream_etl_pipeline.Load_songplays_fact_table manual__2025-07-24T16:34:32.038226+00:00 [queued]>
[2025-07-24T16:37:42.320+0000] {taskinstance.py:2306} INFO - Starting attempt 1 of 2
[2025-07-24T16:37:42.338+0000] {taskinstance.py:2330} INFO - Executing <Task(PostgresOperator): Load_songplays_fact_table> on 2025-07-24 16:34:32.038226+00:00
[2025-07-24T16:37:42.349+0000] {standard_task_runner.py:63} INFO - Started process 431 to run task
[2025-07-24T16:37:42.354+0000] {standard_task_runner.py:90} INFO - Running: ['***', 'tasks', 'run', 'tunestream_etl_pipeline', 'Load_songplays_fact_table', 'manual__2025-07-24T16:34:32.038226+00:00', '--job-id', '16', '--raw', '--subdir', 'DAGS_FOLDER/final_exam_src.py', '--cfg-path', '/tmp/tmp8diy3_au']
[2025-07-24T16:37:42.359+0000] {standard_task_runner.py:91} INFO - Job 16: Subtask Load_songplays_fact_table
[2025-07-24T16:37:42.435+0000] {task_command.py:426} INFO - Running <TaskInstance: tunestream_etl_pipeline.Load_songplays_fact_table manual__2025-07-24T16:34:32.038226+00:00 [running]> on host a0f12fcdcc8f
[2025-07-24T16:37:42.545+0000] {taskinstance.py:2648} INFO - Exporting env vars: AIRFLOW_CTX_DAG_OWNER='QuangBLM1' AIRFLOW_CTX_DAG_ID='tunestream_etl_pipeline' AIRFLOW_CTX_TASK_ID='Load_songplays_fact_table' AIRFLOW_CTX_EXECUTION_DATE='2025-07-24T16:34:32.038226+00:00' AIRFLOW_CTX_TRY_NUMBER='1' AIRFLOW_CTX_DAG_RUN_ID='manual__2025-07-24T16:34:32.038226+00:00'
[2025-07-24T16:37:42.548+0000] {taskinstance.py:430} INFO - ::endgroup::
[2025-07-24T16:37:42.549+0000] {sql.py:276} INFO - Executing: 
    INSERT INTO songplays (playid, start_time, userid, level, songid, artistid, sessionid, location, user_agent)
    SELECT
            -- CORRECTED: Cast sessionid and start_time to TEXT before concatenating
            md5(CAST(events.sessionid AS TEXT) || CAST(events.start_time AS TEXT)) as playid,
            events.start_time, 
            events.userid, 
            events."level", 
            songs.song_id, 
            songs.artist_id, 
            events.sessionid, 
            events.location, 
            events.useragent
            FROM (SELECT TIMESTAMP 'epoch' + ts/1000 * interval '1 second' AS start_time, *
        FROM staging_events
        WHERE page='NextSong') events
        LEFT JOIN staging_songs songs
        ON events.song = songs.title
            AND events.artist = songs.artist_name
            AND events.length = songs.duration;
[2025-07-24T16:37:42.562+0000] {base.py:84} INFO - Using connection ID 'postgres_default' for task execution.
[2025-07-24T16:37:42.575+0000] {base.py:84} INFO - Using connection ID 'postgres_default' for task execution.
[2025-07-24T16:37:42.581+0000] {sql.py:487} INFO - Running statement: 
    INSERT INTO songplays (playid, start_time, userid, level, songid, artistid, sessionid, location, user_agent)
    SELECT
            -- CORRECTED: Cast sessionid and start_time to TEXT before concatenating
            md5(CAST(events.sessionid AS TEXT) || CAST(events.start_time AS TEXT)) as playid,
            events.start_time, 
            events.userid, 
            events."level", 
            songs.song_id, 
            songs.artist_id, 
            events.sessionid, 
            events.location, 
            events.useragent
            FROM (SELECT TIMESTAMP 'epoch' + ts/1000 * interval '1 second' AS start_time, *
        FROM staging_events
        WHERE page='NextSong') events
        LEFT JOIN staging_songs songs
        ON events.song = songs.title
            AND events.artist = songs.artist_name
            AND events.length = songs.duration;, parameters: None
[2025-07-24T16:37:42.589+0000] {taskinstance.py:441} INFO - ::group::Post task execution logs
[2025-07-24T16:37:42.590+0000] {taskinstance.py:2905} ERROR - Task failed with exception
Traceback (most recent call last):
  File "/home/airflow/.local/lib/python3.10/site-packages/airflow/models/taskinstance.py", line 465, in _execute_task
    result = _execute_callable(context=context, **execute_callable_kwargs)
  File "/home/airflow/.local/lib/python3.10/site-packages/airflow/models/taskinstance.py", line 432, in _execute_callable
    return execute_callable(context=context, **execute_callable_kwargs)
  File "/home/airflow/.local/lib/python3.10/site-packages/airflow/models/baseoperator.py", line 401, in wrapper
    return func(self, *args, **kwargs)
  File "/home/airflow/.local/lib/python3.10/site-packages/airflow/providers/common/sql/operators/sql.py", line 282, in execute
    output = hook.run(
  File "/home/airflow/.local/lib/python3.10/site-packages/airflow/providers/common/sql/hooks/sql.py", line 435, in run
    self._run_command(cur, sql_statement, parameters)
  File "/home/airflow/.local/lib/python3.10/site-packages/airflow/providers/common/sql/hooks/sql.py", line 492, in _run_command
    cur.execute(sql_statement)
psycopg2.errors.UniqueViolation: duplicate key value violates unique constraint "songplays_pkey"
DETAIL:  Key (playid)=(e30eb65b5ce5534fed9764a7996916ec) already exists.

[2025-07-24T16:37:42.602+0000] {taskinstance.py:1206} INFO - Marking task as UP_FOR_RETRY. dag_id=tunestream_etl_pipeline, task_id=Load_songplays_fact_table, run_id=manual__2025-07-24T16:34:32.038226+00:00, execution_date=20250724T163432, start_date=20250724T163742, end_date=20250724T163742
[2025-07-24T16:37:42.616+0000] {standard_task_runner.py:110} ERROR - Failed to execute job 16 for task Load_songplays_fact_table (duplicate key value violates unique constraint "songplays_pkey"
DETAIL:  Key (playid)=(e30eb65b5ce5534fed9764a7996916ec) already exists.
; 431)
[2025-07-24T16:37:42.647+0000] {local_task_job_runner.py:240} INFO - Task exited with return code 1
[2025-07-24T16:37:42.664+0000] {warnings.py:109} WARNING - /home/***/.local/lib/python3.10/site-packages/***/models/baseoperator.py:1297: AirflowProviderDeprecationWarning: Call to deprecated class PostgresOperator. (Please use `***.providers.common.sql.operators.sql.SQLExecuteQueryOperator`.Also, you can provide `hook_params={'schema': <database>}`.)
  result = cls.__new__(cls)

[2025-07-24T16:37:42.682+0000] {taskinstance.py:3503} INFO - 0 downstream tasks scheduled from follow-on schedule check
[2025-07-24T16:37:42.686+0000] {local_task_job_runner.py:222} INFO - ::endgroup::
