[2025-07-25T02:00:23.817+0000] {local_task_job_runner.py:120} INFO - ::group::Pre task execution logs
[2025-07-25T02:00:23.889+0000] {taskinstance.py:2076} INFO - Dependencies all met for dep_context=non-requeueable deps ti=<TaskInstance: tunestream_etl_pipeline.Load_artist_dim_table manual__2025-07-25T01:56:10.906355+00:00 [queued]>
[2025-07-25T02:00:23.935+0000] {taskinstance.py:2076} INFO - Dependencies all met for dep_context=requeueable deps ti=<TaskInstance: tunestream_etl_pipeline.Load_artist_dim_table manual__2025-07-25T01:56:10.906355+00:00 [queued]>
[2025-07-25T02:00:23.936+0000] {taskinstance.py:2306} INFO - Starting attempt 1 of 2
[2025-07-25T02:00:23.999+0000] {taskinstance.py:2330} INFO - Executing <Task(PostgresOperator): Load_artist_dim_table> on 2025-07-25 01:56:10.906355+00:00
[2025-07-25T02:00:24.031+0000] {standard_task_runner.py:63} INFO - Started process 155 to run task
[2025-07-25T02:00:24.054+0000] {standard_task_runner.py:90} INFO - Running: ['***', 'tasks', 'run', 'tunestream_etl_pipeline', 'Load_artist_dim_table', 'manual__2025-07-25T01:56:10.906355+00:00', '--job-id', '60', '--raw', '--subdir', 'DAGS_FOLDER/final_exam_src.py', '--cfg-path', '/tmp/tmp_b17tl4k']
[2025-07-25T02:00:24.065+0000] {standard_task_runner.py:91} INFO - Job 60: Subtask Load_artist_dim_table
[2025-07-25T02:00:24.298+0000] {task_command.py:426} INFO - Running <TaskInstance: tunestream_etl_pipeline.Load_artist_dim_table manual__2025-07-25T01:56:10.906355+00:00 [running]> on host f09e52be76ce
[2025-07-25T02:00:24.556+0000] {taskinstance.py:2648} INFO - Exporting env vars: AIRFLOW_CTX_DAG_OWNER='QuangBLM1' AIRFLOW_CTX_DAG_ID='tunestream_etl_pipeline' AIRFLOW_CTX_TASK_ID='Load_artist_dim_table' AIRFLOW_CTX_EXECUTION_DATE='2025-07-25T01:56:10.906355+00:00' AIRFLOW_CTX_TRY_NUMBER='1' AIRFLOW_CTX_DAG_RUN_ID='manual__2025-07-25T01:56:10.906355+00:00'
[2025-07-25T02:00:24.564+0000] {taskinstance.py:430} INFO - ::endgroup::
[2025-07-25T02:00:24.566+0000] {sql.py:276} INFO - Executing: 
        TRUNCATE TABLE artists;
        INSERT INTO artists (artistid, name, location, lattitude, longitude)
        SELECT distinct artist_id, artist_name, artist_location, artist_latitude, artist_longitude
        FROM staging_songs;
    
[2025-07-25T02:00:24.594+0000] {base.py:84} INFO - Using connection ID 'postgres_default' for task execution.
[2025-07-25T02:00:24.618+0000] {base.py:84} INFO - Using connection ID 'postgres_default' for task execution.
[2025-07-25T02:00:24.630+0000] {sql.py:487} INFO - Running statement: 
        TRUNCATE TABLE artists;
        INSERT INTO artists (artistid, name, location, lattitude, longitude)
        SELECT distinct artist_id, artist_name, artist_location, artist_latitude, artist_longitude
        FROM staging_songs;
    , parameters: None
[2025-07-25T02:00:24.652+0000] {sql.py:496} INFO - Rows affected: 69
[2025-07-25T02:00:24.661+0000] {taskinstance.py:441} INFO - ::group::Post task execution logs
[2025-07-25T02:00:24.696+0000] {taskinstance.py:1206} INFO - Marking task as SUCCESS. dag_id=tunestream_etl_pipeline, task_id=Load_artist_dim_table, run_id=manual__2025-07-25T01:56:10.906355+00:00, execution_date=20250725T015610, start_date=20250725T020023, end_date=20250725T020024
[2025-07-25T02:00:24.781+0000] {local_task_job_runner.py:240} INFO - Task exited with return code 0
[2025-07-25T02:00:24.811+0000] {local_task_job_runner.py:222} INFO - ::endgroup::
