[2025-07-24T15:23:10.479+0000] {local_task_job_runner.py:120} INFO - ::group::Pre task execution logs
[2025-07-24T15:23:10.607+0000] {taskinstance.py:2076} INFO - Dependencies all met for dep_context=non-requeueable deps ti=<TaskInstance: tunestream_etl_pipeline.Stage_songs scheduled__2025-07-24T03:00:00+00:00 [queued]>
[2025-07-24T15:23:10.635+0000] {taskinstance.py:2076} INFO - Dependencies all met for dep_context=requeueable deps ti=<TaskInstance: tunestream_etl_pipeline.Stage_songs scheduled__2025-07-24T03:00:00+00:00 [queued]>
[2025-07-24T15:23:10.638+0000] {taskinstance.py:2306} INFO - Starting attempt 1 of 4
[2025-07-24T15:23:10.949+0000] {taskinstance.py:2330} INFO - Executing <Task(PythonOperator): Stage_songs> on 2025-07-24 03:00:00+00:00
[2025-07-24T15:23:11.025+0000] {standard_task_runner.py:63} INFO - Started process 122 to run task
[2025-07-24T15:23:11.096+0000] {standard_task_runner.py:90} INFO - Running: ['***', 'tasks', 'run', 'tunestream_etl_pipeline', 'Stage_songs', 'scheduled__2025-07-24T03:00:00+00:00', '--job-id', '7', '--raw', '--subdir', 'DAGS_FOLDER/final_exam_src.py', '--cfg-path', '/tmp/tmphoiqvnto']
[2025-07-24T15:23:11.145+0000] {standard_task_runner.py:91} INFO - Job 7: Subtask Stage_songs
[2025-07-24T15:23:11.526+0000] {task_command.py:426} INFO - Running <TaskInstance: tunestream_etl_pipeline.Stage_songs scheduled__2025-07-24T03:00:00+00:00 [running]> on host 12caace40239
[2025-07-24T15:23:12.164+0000] {taskinstance.py:2648} INFO - Exporting env vars: AIRFLOW_CTX_DAG_OWNER='***' AIRFLOW_CTX_DAG_ID='tunestream_etl_pipeline' AIRFLOW_CTX_TASK_ID='Stage_songs' AIRFLOW_CTX_EXECUTION_DATE='2025-07-24T03:00:00+00:00' AIRFLOW_CTX_TRY_NUMBER='1' AIRFLOW_CTX_DAG_RUN_ID='scheduled__2025-07-24T03:00:00+00:00'
[2025-07-24T15:23:12.192+0000] {taskinstance.py:430} INFO - ::endgroup::
[2025-07-24T15:23:12.481+0000] {taskinstance.py:441} INFO - ::group::Post task execution logs
[2025-07-24T15:23:12.578+0000] {taskinstance.py:2905} ERROR - Task failed with exception
Traceback (most recent call last):
  File "/home/airflow/.local/lib/python3.10/site-packages/airflow/models/taskinstance.py", line 465, in _execute_task
    result = _execute_callable(context=context, **execute_callable_kwargs)
  File "/home/airflow/.local/lib/python3.10/site-packages/airflow/models/taskinstance.py", line 432, in _execute_callable
    return execute_callable(context=context, **execute_callable_kwargs)
  File "/home/airflow/.local/lib/python3.10/site-packages/airflow/models/baseoperator.py", line 401, in wrapper
    return func(self, *args, **kwargs)
  File "/home/airflow/.local/lib/python3.10/site-packages/airflow/operators/python.py", line 235, in execute
    return_value = self.execute_callable()
  File "/home/airflow/.local/lib/python3.10/site-packages/airflow/operators/python.py", line 252, in execute_callable
    return self.python_callable(*self.op_args, **self.op_kwargs)
  File "/opt/airflow/dags/final_exam_src.py", line 81, in load_songs_into_table
    postgres_hook.run(insert_sql, parameters=(
  File "/home/airflow/.local/lib/python3.10/site-packages/airflow/providers/common/sql/hooks/sql.py", line 431, in run
    with self._create_autocommit_connection(autocommit) as conn:
  File "/usr/local/lib/python3.10/contextlib.py", line 135, in __enter__
    return next(self.gen)
  File "/home/airflow/.local/lib/python3.10/site-packages/airflow/providers/common/sql/hooks/sql.py", line 551, in _create_autocommit_connection
    with closing(self.get_conn()) as conn:
  File "/home/airflow/.local/lib/python3.10/site-packages/airflow/providers/postgres/hooks/postgres.py", line 145, in get_conn
    conn = deepcopy(self.connection or self.get_connection(conn_id))
  File "/home/airflow/.local/lib/python3.10/site-packages/airflow/hooks/base.py", line 83, in get_connection
    conn = Connection.get_connection_from_secrets(conn_id)
  File "/home/airflow/.local/lib/python3.10/site-packages/airflow/models/connection.py", line 519, in get_connection_from_secrets
    raise AirflowNotFoundException(f"The conn_id `{conn_id}` isn't defined")
airflow.exceptions.AirflowNotFoundException: The conn_id `postgres_default` isn't defined
[2025-07-24T15:23:12.662+0000] {taskinstance.py:1206} INFO - Marking task as UP_FOR_RETRY. dag_id=tunestream_etl_pipeline, task_id=Stage_songs, run_id=scheduled__2025-07-24T03:00:00+00:00, execution_date=20250724T030000, start_date=20250724T152310, end_date=20250724T152312
[2025-07-24T15:23:12.803+0000] {standard_task_runner.py:110} ERROR - Failed to execute job 7 for task Stage_songs (The conn_id `postgres_default` isn't defined; 122)
[2025-07-24T15:23:13.094+0000] {local_task_job_runner.py:240} INFO - Task exited with return code 1
[2025-07-24T15:23:13.193+0000] {warnings.py:109} WARNING - /home/***/.local/lib/python3.10/site-packages/***/models/baseoperator.py:1297: AirflowProviderDeprecationWarning: Call to deprecated class PostgresOperator. (Please use `***.providers.common.sql.operators.sql.SQLExecuteQueryOperator`.Also, you can provide `hook_params={'schema': <database>}`.)
  result = cls.__new__(cls)

[2025-07-24T15:23:13.286+0000] {taskinstance.py:3503} INFO - 0 downstream tasks scheduled from follow-on schedule check
[2025-07-24T15:23:13.320+0000] {local_task_job_runner.py:222} INFO - ::endgroup::
[2025-07-24T15:35:11.955+0000] {local_task_job_runner.py:120} INFO - ::group::Pre task execution logs
[2025-07-24T15:35:12.124+0000] {taskinstance.py:2076} INFO - Dependencies all met for dep_context=non-requeueable deps ti=<TaskInstance: tunestream_etl_pipeline.Stage_songs scheduled__2025-07-24T03:00:00+00:00 [queued]>
[2025-07-24T15:35:12.182+0000] {taskinstance.py:2076} INFO - Dependencies all met for dep_context=requeueable deps ti=<TaskInstance: tunestream_etl_pipeline.Stage_songs scheduled__2025-07-24T03:00:00+00:00 [queued]>
[2025-07-24T15:35:12.194+0000] {taskinstance.py:2306} INFO - Starting attempt 1 of 4
[2025-07-24T15:35:12.277+0000] {taskinstance.py:2330} INFO - Executing <Task(PythonOperator): Stage_songs> on 2025-07-24 03:00:00+00:00
[2025-07-24T15:35:12.413+0000] {standard_task_runner.py:63} INFO - Started process 107 to run task
[2025-07-24T15:35:12.459+0000] {standard_task_runner.py:90} INFO - Running: ['***', 'tasks', 'run', 'tunestream_etl_pipeline', 'Stage_songs', 'scheduled__2025-07-24T03:00:00+00:00', '--job-id', '6', '--raw', '--subdir', 'DAGS_FOLDER/final_exam_src.py', '--cfg-path', '/tmp/tmp5mkeo064']
[2025-07-24T15:35:12.501+0000] {standard_task_runner.py:91} INFO - Job 6: Subtask Stage_songs
[2025-07-24T15:35:13.331+0000] {task_command.py:426} INFO - Running <TaskInstance: tunestream_etl_pipeline.Stage_songs scheduled__2025-07-24T03:00:00+00:00 [running]> on host 562a5fa0e436
[2025-07-24T15:35:14.181+0000] {taskinstance.py:2648} INFO - Exporting env vars: AIRFLOW_CTX_DAG_OWNER='***' AIRFLOW_CTX_DAG_ID='tunestream_etl_pipeline' AIRFLOW_CTX_TASK_ID='Stage_songs' AIRFLOW_CTX_EXECUTION_DATE='2025-07-24T03:00:00+00:00' AIRFLOW_CTX_TRY_NUMBER='1' AIRFLOW_CTX_DAG_RUN_ID='scheduled__2025-07-24T03:00:00+00:00'
[2025-07-24T15:35:14.219+0000] {taskinstance.py:430} INFO - ::endgroup::
[2025-07-24T15:35:14.478+0000] {taskinstance.py:441} INFO - ::group::Post task execution logs
[2025-07-24T15:35:14.527+0000] {taskinstance.py:2905} ERROR - Task failed with exception
Traceback (most recent call last):
  File "/home/airflow/.local/lib/python3.10/site-packages/airflow/models/taskinstance.py", line 465, in _execute_task
    result = _execute_callable(context=context, **execute_callable_kwargs)
  File "/home/airflow/.local/lib/python3.10/site-packages/airflow/models/taskinstance.py", line 432, in _execute_callable
    return execute_callable(context=context, **execute_callable_kwargs)
  File "/home/airflow/.local/lib/python3.10/site-packages/airflow/models/baseoperator.py", line 401, in wrapper
    return func(self, *args, **kwargs)
  File "/home/airflow/.local/lib/python3.10/site-packages/airflow/operators/python.py", line 235, in execute
    return_value = self.execute_callable()
  File "/home/airflow/.local/lib/python3.10/site-packages/airflow/operators/python.py", line 252, in execute_callable
    return self.python_callable(*self.op_args, **self.op_kwargs)
  File "/opt/airflow/dags/final_exam_src.py", line 79, in load_songs_into_table
    postgres_hook.run(insert_sql, parameters=(
  File "/home/airflow/.local/lib/python3.10/site-packages/airflow/providers/common/sql/hooks/sql.py", line 431, in run
    with self._create_autocommit_connection(autocommit) as conn:
  File "/usr/local/lib/python3.10/contextlib.py", line 135, in __enter__
    return next(self.gen)
  File "/home/airflow/.local/lib/python3.10/site-packages/airflow/providers/common/sql/hooks/sql.py", line 551, in _create_autocommit_connection
    with closing(self.get_conn()) as conn:
  File "/home/airflow/.local/lib/python3.10/site-packages/airflow/providers/postgres/hooks/postgres.py", line 145, in get_conn
    conn = deepcopy(self.connection or self.get_connection(conn_id))
  File "/home/airflow/.local/lib/python3.10/site-packages/airflow/hooks/base.py", line 83, in get_connection
    conn = Connection.get_connection_from_secrets(conn_id)
  File "/home/airflow/.local/lib/python3.10/site-packages/airflow/models/connection.py", line 519, in get_connection_from_secrets
    raise AirflowNotFoundException(f"The conn_id `{conn_id}` isn't defined")
airflow.exceptions.AirflowNotFoundException: The conn_id `postgres_default` isn't defined
[2025-07-24T15:35:14.581+0000] {taskinstance.py:1206} INFO - Marking task as UP_FOR_RETRY. dag_id=tunestream_etl_pipeline, task_id=Stage_songs, run_id=scheduled__2025-07-24T03:00:00+00:00, execution_date=20250724T030000, start_date=20250724T153512, end_date=20250724T153514
[2025-07-24T15:35:14.640+0000] {standard_task_runner.py:110} ERROR - Failed to execute job 6 for task Stage_songs (The conn_id `postgres_default` isn't defined; 107)
[2025-07-24T15:35:14.782+0000] {local_task_job_runner.py:240} INFO - Task exited with return code 1
[2025-07-24T15:35:14.931+0000] {warnings.py:109} WARNING - /home/***/.local/lib/python3.10/site-packages/***/models/baseoperator.py:1297: AirflowProviderDeprecationWarning: Call to deprecated class PostgresOperator. (Please use `***.providers.common.sql.operators.sql.SQLExecuteQueryOperator`.Also, you can provide `hook_params={'schema': <database>}`.)
  result = cls.__new__(cls)

[2025-07-24T15:35:15.006+0000] {taskinstance.py:3503} INFO - 0 downstream tasks scheduled from follow-on schedule check
[2025-07-24T15:35:15.056+0000] {local_task_job_runner.py:222} INFO - ::endgroup::
[2025-07-25T07:10:14.557+0000] {local_task_job_runner.py:120} INFO - ::group::Pre task execution logs
[2025-07-25T07:10:14.658+0000] {taskinstance.py:2076} INFO - Dependencies all met for dep_context=non-requeueable deps ti=<TaskInstance: tunestream_etl_pipeline.Stage_songs scheduled__2025-07-24T03:00:00+00:00 [queued]>
[2025-07-25T07:10:14.684+0000] {taskinstance.py:2076} INFO - Dependencies all met for dep_context=requeueable deps ti=<TaskInstance: tunestream_etl_pipeline.Stage_songs scheduled__2025-07-24T03:00:00+00:00 [queued]>
[2025-07-25T07:10:14.685+0000] {taskinstance.py:2306} INFO - Starting attempt 1 of 4
[2025-07-25T07:10:14.719+0000] {taskinstance.py:2330} INFO - Executing <Task(PythonOperator): Stage_songs> on 2025-07-24 03:00:00+00:00
[2025-07-25T07:10:14.763+0000] {standard_task_runner.py:63} INFO - Started process 420 to run task
[2025-07-25T07:10:14.815+0000] {standard_task_runner.py:90} INFO - Running: ['***', 'tasks', 'run', 'tunestream_etl_pipeline', 'Stage_songs', 'scheduled__2025-07-24T03:00:00+00:00', '--job-id', '90', '--raw', '--subdir', 'DAGS_FOLDER/final_exam_src.py', '--cfg-path', '/tmp/tmped2dy3rx']
[2025-07-25T07:10:14.831+0000] {standard_task_runner.py:91} INFO - Job 90: Subtask Stage_songs
[2025-07-25T07:10:15.150+0000] {task_command.py:426} INFO - Running <TaskInstance: tunestream_etl_pipeline.Stage_songs scheduled__2025-07-24T03:00:00+00:00 [running]> on host f0ac0c7b7f5e
[2025-07-25T07:10:15.782+0000] {taskinstance.py:2648} INFO - Exporting env vars: AIRFLOW_CTX_DAG_OWNER='QuangBLM1' AIRFLOW_CTX_DAG_ID='tunestream_etl_pipeline' AIRFLOW_CTX_TASK_ID='Stage_songs' AIRFLOW_CTX_EXECUTION_DATE='2025-07-24T03:00:00+00:00' AIRFLOW_CTX_TRY_NUMBER='1' AIRFLOW_CTX_DAG_RUN_ID='scheduled__2025-07-24T03:00:00+00:00'
[2025-07-25T07:10:15.801+0000] {taskinstance.py:430} INFO - ::endgroup::
[2025-07-25T07:10:15.864+0000] {base.py:84} INFO - Using connection ID 'postgres_default' for task execution.
[2025-07-25T07:10:15.903+0000] {sql.py:487} INFO - Running statement: TRUNCATE TABLE public.staging_songs;, parameters: None
[2025-07-25T07:10:16.062+0000] {base.py:84} INFO - Using connection ID 'postgres_default' for task execution.
[2025-07-25T07:10:16.090+0000] {sql.py:487} INFO - Running statement: 
    INSERT INTO public.staging_songs (
        num_songs, artist_id, artist_name, artist_latitude, artist_longitude, artist_location, song_id, title, duration, "year"
    ) VALUES (%s,%s,%s,%s,%s,%s,%s,%s,%s,%s);
    , parameters: (1, 'ARD7TVE1187B99BFB1', 'Casual', None, None, 'California - LA', 'SOMZWCG12A8C13C480', "I Didn't Mean To", 218.93179, 0)
[2025-07-25T07:10:16.103+0000] {sql.py:496} INFO - Rows affected: 1
[2025-07-25T07:10:16.171+0000] {base.py:84} INFO - Using connection ID 'postgres_default' for task execution.
[2025-07-25T07:10:16.206+0000] {sql.py:487} INFO - Running statement: 
    INSERT INTO public.staging_songs (
        num_songs, artist_id, artist_name, artist_latitude, artist_longitude, artist_location, song_id, title, duration, "year"
    ) VALUES (%s,%s,%s,%s,%s,%s,%s,%s,%s,%s);
    , parameters: (1, 'ARMJAGH1187FB546F3', 'The Box Tops', 35.14968, -90.04892, 'Memphis, TN', 'SOCIWDW12A8C13D406', 'Soul Deep', 148.03546, 1969)
[2025-07-25T07:10:16.223+0000] {sql.py:496} INFO - Rows affected: 1
[2025-07-25T07:10:16.335+0000] {base.py:84} INFO - Using connection ID 'postgres_default' for task execution.
[2025-07-25T07:10:16.355+0000] {sql.py:487} INFO - Running statement: 
    INSERT INTO public.staging_songs (
        num_songs, artist_id, artist_name, artist_latitude, artist_longitude, artist_location, song_id, title, duration, "year"
    ) VALUES (%s,%s,%s,%s,%s,%s,%s,%s,%s,%s);
    , parameters: (1, 'ARKRRTF1187B9984DA', 'Sonora Santanera', None, None, '', 'SOXVLOJ12AB0189215', 'Amor De Cabaret', 177.47546, 0)
[2025-07-25T07:10:16.361+0000] {sql.py:496} INFO - Rows affected: 1
[2025-07-25T07:10:16.489+0000] {base.py:84} INFO - Using connection ID 'postgres_default' for task execution.
[2025-07-25T07:10:16.529+0000] {sql.py:487} INFO - Running statement: 
    INSERT INTO public.staging_songs (
        num_songs, artist_id, artist_name, artist_latitude, artist_longitude, artist_location, song_id, title, duration, "year"
    ) VALUES (%s,%s,%s,%s,%s,%s,%s,%s,%s,%s);
    , parameters: (1, 'AR7G5I41187FB4CE6C', 'Adam Ant', None, None, 'London, England', 'SONHOTT12A8C13493C', 'Something Girls', 233.40363, 1982)
[2025-07-25T07:10:16.541+0000] {sql.py:496} INFO - Rows affected: 1
[2025-07-25T07:10:16.610+0000] {base.py:84} INFO - Using connection ID 'postgres_default' for task execution.
[2025-07-25T07:10:16.632+0000] {sql.py:487} INFO - Running statement: 
    INSERT INTO public.staging_songs (
        num_songs, artist_id, artist_name, artist_latitude, artist_longitude, artist_location, song_id, title, duration, "year"
    ) VALUES (%s,%s,%s,%s,%s,%s,%s,%s,%s,%s);
    , parameters: (1, 'ARXR32B1187FB57099', 'Gob', None, None, '', 'SOFSOCN12A8C143F5D', 'Face the Ashes', 209.60608, 2007)
[2025-07-25T07:10:16.634+0000] {sql.py:496} INFO - Rows affected: 1
[2025-07-25T07:10:16.713+0000] {base.py:84} INFO - Using connection ID 'postgres_default' for task execution.
[2025-07-25T07:10:16.730+0000] {sql.py:487} INFO - Running statement: 
    INSERT INTO public.staging_songs (
        num_songs, artist_id, artist_name, artist_latitude, artist_longitude, artist_location, song_id, title, duration, "year"
    ) VALUES (%s,%s,%s,%s,%s,%s,%s,%s,%s,%s);
    , parameters: (1, 'ARKFYS91187B98E58F', 'Jeff And Sheri Easter', None, None, '', 'SOYMRWW12A6D4FAB14', 'The Moon And I (Ordinary Day Album Version)', 267.7024, 0)
[2025-07-25T07:10:16.733+0000] {sql.py:496} INFO - Rows affected: 1
[2025-07-25T07:10:16.790+0000] {base.py:84} INFO - Using connection ID 'postgres_default' for task execution.
[2025-07-25T07:10:16.832+0000] {sql.py:487} INFO - Running statement: 
    INSERT INTO public.staging_songs (
        num_songs, artist_id, artist_name, artist_latitude, artist_longitude, artist_location, song_id, title, duration, "year"
    ) VALUES (%s,%s,%s,%s,%s,%s,%s,%s,%s,%s);
    , parameters: (1, 'ARD0S291187B9B7BF5', 'Rated R', None, None, 'Ohio', 'SOMJBYD12A6D4F8557', 'Keepin It Real (Skit)', 114.78159, 0)
[2025-07-25T07:10:16.840+0000] {sql.py:496} INFO - Rows affected: 1
[2025-07-25T07:10:16.891+0000] {base.py:84} INFO - Using connection ID 'postgres_default' for task execution.
[2025-07-25T07:10:16.917+0000] {sql.py:487} INFO - Running statement: 
    INSERT INTO public.staging_songs (
        num_songs, artist_id, artist_name, artist_latitude, artist_longitude, artist_location, song_id, title, duration, "year"
    ) VALUES (%s,%s,%s,%s,%s,%s,%s,%s,%s,%s);
    , parameters: (1, 'AR10USD1187B99F3F1', 'Tweeterfriendly Music', None, None, 'Burlington, Ontario, Canada', 'SOHKNRJ12A6701D1F8', 'Drop of Rain', 189.57016, 0)
[2025-07-25T07:10:16.923+0000] {sql.py:496} INFO - Rows affected: 1
[2025-07-25T07:10:17.006+0000] {base.py:84} INFO - Using connection ID 'postgres_default' for task execution.
[2025-07-25T07:10:17.033+0000] {sql.py:487} INFO - Running statement: 
    INSERT INTO public.staging_songs (
        num_songs, artist_id, artist_name, artist_latitude, artist_longitude, artist_location, song_id, title, duration, "year"
    ) VALUES (%s,%s,%s,%s,%s,%s,%s,%s,%s,%s);
    , parameters: (1, 'AR8ZCNI1187B9A069B', 'Planet P Project', None, None, '', 'SOIAZJW12AB01853F1', 'Pink World', 269.81832, 1984)
[2025-07-25T07:10:17.044+0000] {sql.py:496} INFO - Rows affected: 1
[2025-07-25T07:10:17.096+0000] {base.py:84} INFO - Using connection ID 'postgres_default' for task execution.
[2025-07-25T07:10:17.137+0000] {sql.py:487} INFO - Running statement: 
    INSERT INTO public.staging_songs (
        num_songs, artist_id, artist_name, artist_latitude, artist_longitude, artist_location, song_id, title, duration, "year"
    ) VALUES (%s,%s,%s,%s,%s,%s,%s,%s,%s,%s);
    , parameters: (1, 'ARNTLGG11E2835DDB9', 'Clp', None, None, '', 'SOUDSGM12AC9618304', 'Insatiable (Instrumental Version)', 266.39628, 0)
[2025-07-25T07:10:17.155+0000] {sql.py:496} INFO - Rows affected: 1
[2025-07-25T07:10:17.307+0000] {base.py:84} INFO - Using connection ID 'postgres_default' for task execution.
[2025-07-25T07:10:17.346+0000] {sql.py:487} INFO - Running statement: 
    INSERT INTO public.staging_songs (
        num_songs, artist_id, artist_name, artist_latitude, artist_longitude, artist_location, song_id, title, duration, "year"
    ) VALUES (%s,%s,%s,%s,%s,%s,%s,%s,%s,%s);
    , parameters: (1, 'ARGSJW91187B9B1D6B', 'JennyAnyKind', 35.21962, -80.01955, 'North Carolina', 'SOQHXMF12AB0182363', 'Young Boy Blues', 218.77506, 0)
[2025-07-25T07:10:17.357+0000] {sql.py:496} INFO - Rows affected: 1
[2025-07-25T07:10:17.627+0000] {base.py:84} INFO - Using connection ID 'postgres_default' for task execution.
[2025-07-25T07:10:17.652+0000] {sql.py:487} INFO - Running statement: 
    INSERT INTO public.staging_songs (
        num_songs, artist_id, artist_name, artist_latitude, artist_longitude, artist_location, song_id, title, duration, "year"
    ) VALUES (%s,%s,%s,%s,%s,%s,%s,%s,%s,%s);
    , parameters: (1, 'ARC43071187B990240', 'Wayne Watson', None, None, 'Wisner, LA', 'SOKEJEJ12A8C13E0D0', 'The Urgency (LP Version)', 245.21098, 0)
[2025-07-25T07:10:17.654+0000] {sql.py:496} INFO - Rows affected: 1
[2025-07-25T07:10:17.796+0000] {base.py:84} INFO - Using connection ID 'postgres_default' for task execution.
[2025-07-25T07:10:17.844+0000] {sql.py:487} INFO - Running statement: 
    INSERT INTO public.staging_songs (
        num_songs, artist_id, artist_name, artist_latitude, artist_longitude, artist_location, song_id, title, duration, "year"
    ) VALUES (%s,%s,%s,%s,%s,%s,%s,%s,%s,%s);
    , parameters: (1, 'ARL7K851187B99ACD2', 'Andy Andy', None, None, '', 'SOMUYGI12AB0188633', 'La Culpa', 226.35057, 0)
[2025-07-25T07:10:17.861+0000] {sql.py:496} INFO - Rows affected: 1
[2025-07-25T07:10:17.931+0000] {base.py:84} INFO - Using connection ID 'postgres_default' for task execution.
[2025-07-25T07:10:17.977+0000] {sql.py:487} INFO - Running statement: 
    INSERT INTO public.staging_songs (
        num_songs, artist_id, artist_name, artist_latitude, artist_longitude, artist_location, song_id, title, duration, "year"
    ) VALUES (%s,%s,%s,%s,%s,%s,%s,%s,%s,%s);
    , parameters: (1, 'ARHHO3O1187B989413', 'Bob Azzam', None, None, '', 'SORAMLE12AB017C8B0', 'Auguri Cha Cha', 191.84281, 0)
[2025-07-25T07:10:18.006+0000] {sql.py:496} INFO - Rows affected: 1
[2025-07-25T07:10:18.182+0000] {base.py:84} INFO - Using connection ID 'postgres_default' for task execution.
[2025-07-25T07:10:18.229+0000] {sql.py:487} INFO - Running statement: 
    INSERT INTO public.staging_songs (
        num_songs, artist_id, artist_name, artist_latitude, artist_longitude, artist_location, song_id, title, duration, "year"
    ) VALUES (%s,%s,%s,%s,%s,%s,%s,%s,%s,%s);
    , parameters: (1, 'ARIK43K1187B9AE54C', 'Lionel Richie', None, None, 'Beverly Hills, CA', 'SOBONFF12A6D4F84D8', 'Tonight Will Be Alright', 307.3824, 1986)
[2025-07-25T07:10:18.237+0000] {sql.py:496} INFO - Rows affected: 1
[2025-07-25T07:10:18.414+0000] {base.py:84} INFO - Using connection ID 'postgres_default' for task execution.
[2025-07-25T07:10:18.464+0000] {sql.py:487} INFO - Running statement: 
    INSERT INTO public.staging_songs (
        num_songs, artist_id, artist_name, artist_latitude, artist_longitude, artist_location, song_id, title, duration, "year"
    ) VALUES (%s,%s,%s,%s,%s,%s,%s,%s,%s,%s);
    , parameters: (1, 'ARD842G1187B997376', 'Blue Rodeo', 43.64856, -79.38533, 'Toronto, Ontario, Canada', 'SOHUOAP12A8AE488E9', 'Floating', 491.12771, 1987)
[2025-07-25T07:10:18.473+0000] {sql.py:496} INFO - Rows affected: 1
[2025-07-25T07:10:18.575+0000] {base.py:84} INFO - Using connection ID 'postgres_default' for task execution.
[2025-07-25T07:10:18.642+0000] {sql.py:487} INFO - Running statement: 
    INSERT INTO public.staging_songs (
        num_songs, artist_id, artist_name, artist_latitude, artist_longitude, artist_location, song_id, title, duration, "year"
    ) VALUES (%s,%s,%s,%s,%s,%s,%s,%s,%s,%s);
    , parameters: (1, 'ARIG6O41187B988BDD', 'Richard Souther', 37.16793, -95.84502, 'United States', 'SOUQQEA12A8C134B1B', 'High Tide', 228.5971, 0)
[2025-07-25T07:10:18.645+0000] {sql.py:496} INFO - Rows affected: 1
[2025-07-25T07:10:18.721+0000] {base.py:84} INFO - Using connection ID 'postgres_default' for task execution.
[2025-07-25T07:10:18.776+0000] {sql.py:487} INFO - Running statement: 
    INSERT INTO public.staging_songs (
        num_songs, artist_id, artist_name, artist_latitude, artist_longitude, artist_location, song_id, title, duration, "year"
    ) VALUES (%s,%s,%s,%s,%s,%s,%s,%s,%s,%s);
    , parameters: (1, 'AR1ZHYZ1187FB3C717', 'Faiz Ali Faiz', None, None, '', 'SOILPQQ12AB017E82A', 'Sohna Nee Sohna Data', 599.24853, 0)
[2025-07-25T07:10:18.816+0000] {sql.py:496} INFO - Rows affected: 1
[2025-07-25T07:10:18.881+0000] {base.py:84} INFO - Using connection ID 'postgres_default' for task execution.
[2025-07-25T07:10:18.924+0000] {sql.py:487} INFO - Running statement: 
    INSERT INTO public.staging_songs (
        num_songs, artist_id, artist_name, artist_latitude, artist_longitude, artist_location, song_id, title, duration, "year"
    ) VALUES (%s,%s,%s,%s,%s,%s,%s,%s,%s,%s);
    , parameters: (1, 'ARYKCQI1187FB3B18F', 'Tesla', None, None, '', 'SOXLBJT12A8C140925', 'Caught In A Dream', 290.29832, 2004)
[2025-07-25T07:10:18.929+0000] {sql.py:496} INFO - Rows affected: 1
[2025-07-25T07:10:19.070+0000] {base.py:84} INFO - Using connection ID 'postgres_default' for task execution.
[2025-07-25T07:10:19.137+0000] {sql.py:487} INFO - Running statement: 
    INSERT INTO public.staging_songs (
        num_songs, artist_id, artist_name, artist_latitude, artist_longitude, artist_location, song_id, title, duration, "year"
    ) VALUES (%s,%s,%s,%s,%s,%s,%s,%s,%s,%s);
    , parameters: (1, 'ARNPAGP1241B9C7FD4', 'lextrical', None, None, '', 'SOZVMJI12AB01808AF', 'Synthetic Dream', 165.69424, 0)
[2025-07-25T07:10:19.140+0000] {sql.py:496} INFO - Rows affected: 1
[2025-07-25T07:10:19.206+0000] {base.py:84} INFO - Using connection ID 'postgres_default' for task execution.
[2025-07-25T07:10:19.239+0000] {sql.py:487} INFO - Running statement: 
    INSERT INTO public.staging_songs (
        num_songs, artist_id, artist_name, artist_latitude, artist_longitude, artist_location, song_id, title, duration, "year"
    ) VALUES (%s,%s,%s,%s,%s,%s,%s,%s,%s,%s);
    , parameters: (1, 'ARQGYP71187FB44566', 'Jimmy Wakely', 34.31109, -94.02978, 'Mineola, AR', 'SOWTBJW12AC468AC6E', 'Broken-Down Merry-Go-Round', 151.84934, 0)
[2025-07-25T07:10:19.242+0000] {sql.py:496} INFO - Rows affected: 1
[2025-07-25T07:10:19.307+0000] {base.py:84} INFO - Using connection ID 'postgres_default' for task execution.
[2025-07-25T07:10:19.329+0000] {sql.py:487} INFO - Running statement: 
    INSERT INTO public.staging_songs (
        num_songs, artist_id, artist_name, artist_latitude, artist_longitude, artist_location, song_id, title, duration, "year"
    ) VALUES (%s,%s,%s,%s,%s,%s,%s,%s,%s,%s);
    , parameters: (1, 'ARI3BMM1187FB4255E', 'Alice Stuart', 38.8991, -77.029, 'Washington', 'SOBEBDG12A58A76D60', 'Kassie Jones', 220.78649, 0)
[2025-07-25T07:10:19.334+0000] {sql.py:496} INFO - Rows affected: 1
[2025-07-25T07:10:19.425+0000] {base.py:84} INFO - Using connection ID 'postgres_default' for task execution.
[2025-07-25T07:10:19.471+0000] {sql.py:487} INFO - Running statement: 
    INSERT INTO public.staging_songs (
        num_songs, artist_id, artist_name, artist_latitude, artist_longitude, artist_location, song_id, title, duration, "year"
    ) VALUES (%s,%s,%s,%s,%s,%s,%s,%s,%s,%s);
    , parameters: (1, 'AR5KOSW1187FB35FF4', 'Elena', 49.80388, 15.47491, 'Dubai UAE', 'SOZCTXZ12AB0182364', 'Setanta matins', 269.58322, 0)
[2025-07-25T07:10:19.480+0000] {sql.py:496} INFO - Rows affected: 1
[2025-07-25T07:10:19.619+0000] {base.py:84} INFO - Using connection ID 'postgres_default' for task execution.
[2025-07-25T07:10:19.685+0000] {sql.py:487} INFO - Running statement: 
    INSERT INTO public.staging_songs (
        num_songs, artist_id, artist_name, artist_latitude, artist_longitude, artist_location, song_id, title, duration, "year"
    ) VALUES (%s,%s,%s,%s,%s,%s,%s,%s,%s,%s);
    , parameters: (1, 'ARMAC4T1187FB3FA4C', 'The Dillinger Escape Plan', 40.82624, -74.47995, 'Morris Plains, NJ', 'SOBBUGU12A8C13E95D', 'Setting Fire to Sleeping Giants', 207.77751, 2004)
[2025-07-25T07:10:19.722+0000] {sql.py:496} INFO - Rows affected: 1
[2025-07-25T07:10:19.871+0000] {base.py:84} INFO - Using connection ID 'postgres_default' for task execution.
[2025-07-25T07:10:19.944+0000] {sql.py:487} INFO - Running statement: 
    INSERT INTO public.staging_songs (
        num_songs, artist_id, artist_name, artist_latitude, artist_longitude, artist_location, song_id, title, duration, "year"
    ) VALUES (%s,%s,%s,%s,%s,%s,%s,%s,%s,%s);
    , parameters: (1, 'AR47JEX1187B995D81', 'SUE THOMPSON', 37.83721, -94.35868, 'Nevada, MO', 'SOBLGCN12AB0183212', 'James (Hold The Ladder Steady)', 124.86485, 1985)
[2025-07-25T07:10:19.951+0000] {sql.py:496} INFO - Rows affected: 1
[2025-07-25T07:10:20.068+0000] {base.py:84} INFO - Using connection ID 'postgres_default' for task execution.
[2025-07-25T07:10:20.166+0000] {sql.py:487} INFO - Running statement: 
    INSERT INTO public.staging_songs (
        num_songs, artist_id, artist_name, artist_latitude, artist_longitude, artist_location, song_id, title, duration, "year"
    ) VALUES (%s,%s,%s,%s,%s,%s,%s,%s,%s,%s);
    , parameters: (1, 'ARGIWFO1187B9B55B7', 'Five Bolt Main', None, None, '', 'SOPSWQW12A6D4F8781', 'Made Like This (Live)', 225.09669, 0)
[2025-07-25T07:10:20.179+0000] {sql.py:496} INFO - Rows affected: 1
[2025-07-25T07:10:20.321+0000] {base.py:84} INFO - Using connection ID 'postgres_default' for task execution.
[2025-07-25T07:10:20.364+0000] {sql.py:487} INFO - Running statement: 
    INSERT INTO public.staging_songs (
        num_songs, artist_id, artist_name, artist_latitude, artist_longitude, artist_location, song_id, title, duration, "year"
    ) VALUES (%s,%s,%s,%s,%s,%s,%s,%s,%s,%s);
    , parameters: (1, 'ARNTLGG11E2835DDB9', 'Clp', None, None, '', 'SOZQDIU12A58A7BCF6', 'Superconfidential', 338.31138, 0)
[2025-07-25T07:10:20.370+0000] {sql.py:496} INFO - Rows affected: 1
[2025-07-25T07:10:20.479+0000] {base.py:84} INFO - Using connection ID 'postgres_default' for task execution.
[2025-07-25T07:10:20.556+0000] {sql.py:487} INFO - Running statement: 
    INSERT INTO public.staging_songs (
        num_songs, artist_id, artist_name, artist_latitude, artist_longitude, artist_location, song_id, title, duration, "year"
    ) VALUES (%s,%s,%s,%s,%s,%s,%s,%s,%s,%s);
    , parameters: (1, 'ARDNS031187B9924F0', 'Tim Wilson', 32.67828, -83.22295, 'Georgia', 'SONYPOM12A8C13B2D7', 'I Think My Wife Is Running Around On Me (Taco Hell)', 186.48771, 2005)
[2025-07-25T07:10:20.561+0000] {sql.py:496} INFO - Rows affected: 1
[2025-07-25T07:10:20.639+0000] {base.py:84} INFO - Using connection ID 'postgres_default' for task execution.
[2025-07-25T07:10:20.679+0000] {sql.py:487} INFO - Running statement: 
    INSERT INTO public.staging_songs (
        num_songs, artist_id, artist_name, artist_latitude, artist_longitude, artist_location, song_id, title, duration, "year"
    ) VALUES (%s,%s,%s,%s,%s,%s,%s,%s,%s,%s);
    , parameters: (1, 'AROUOZZ1187B9ABE51', 'Willie Bobo', 40.79195, -73.94512, 'New York, NY [Spanish Harlem]', 'SOBZBAZ12A6D4F8742', 'Spanish Grease', 168.25424, 1997)
[2025-07-25T07:10:20.694+0000] {sql.py:496} INFO - Rows affected: 1
[2025-07-25T07:10:20.833+0000] {base.py:84} INFO - Using connection ID 'postgres_default' for task execution.
[2025-07-25T07:10:20.870+0000] {sql.py:487} INFO - Running statement: 
    INSERT INTO public.staging_songs (
        num_songs, artist_id, artist_name, artist_latitude, artist_longitude, artist_location, song_id, title, duration, "year"
    ) VALUES (%s,%s,%s,%s,%s,%s,%s,%s,%s,%s);
    , parameters: (1, 'ARH4Z031187B9A71F2', 'Faye Adams', 40.73197, -74.17418, 'Newark, NJ', 'SOVYKGO12AB0187199', 'Crazy Mixed Up World', 156.39465, 1961)
[2025-07-25T07:10:20.887+0000] {sql.py:496} INFO - Rows affected: 1
[2025-07-25T07:10:20.924+0000] {base.py:84} INFO - Using connection ID 'postgres_default' for task execution.
[2025-07-25T07:10:20.953+0000] {sql.py:487} INFO - Running statement: 
    INSERT INTO public.staging_songs (
        num_songs, artist_id, artist_name, artist_latitude, artist_longitude, artist_location, song_id, title, duration, "year"
    ) VALUES (%s,%s,%s,%s,%s,%s,%s,%s,%s,%s);
    , parameters: (1, 'ARB29H41187B98F0EF', 'Terry Callier', 41.88415, -87.63241, 'Chicago', 'SOGNCJP12A58A80271', 'Do You Finally Need A Friend', 342.56934, 1972)
[2025-07-25T07:10:20.973+0000] {sql.py:496} INFO - Rows affected: 1
[2025-07-25T07:10:21.021+0000] {base.py:84} INFO - Using connection ID 'postgres_default' for task execution.
[2025-07-25T07:10:21.047+0000] {sql.py:487} INFO - Running statement: 
    INSERT INTO public.staging_songs (
        num_songs, artist_id, artist_name, artist_latitude, artist_longitude, artist_location, song_id, title, duration, "year"
    ) VALUES (%s,%s,%s,%s,%s,%s,%s,%s,%s,%s);
    , parameters: (1, 'AR1Y2PT1187FB5B9CE', 'John Wesley', 27.94017, -82.32547, 'Brandon', 'SOLLHMX12AB01846DC', 'The Emperor Falls', 484.62322, 0)
[2025-07-25T07:10:21.051+0000] {sql.py:496} INFO - Rows affected: 1
[2025-07-25T07:10:21.087+0000] {base.py:84} INFO - Using connection ID 'postgres_default' for task execution.
[2025-07-25T07:10:21.108+0000] {sql.py:487} INFO - Running statement: 
    INSERT INTO public.staging_songs (
        num_songs, artist_id, artist_name, artist_latitude, artist_longitude, artist_location, song_id, title, duration, "year"
    ) VALUES (%s,%s,%s,%s,%s,%s,%s,%s,%s,%s);
    , parameters: (1, 'ARAJPHH1187FB5566A', 'The Shangri-Las', 40.7038, -73.83168, 'Queens, NY', 'SOYTPEP12AB0180E7B', 'Twist and Shout', 164.80608, 1964)
[2025-07-25T07:10:21.113+0000] {sql.py:496} INFO - Rows affected: 1
[2025-07-25T07:10:21.175+0000] {base.py:84} INFO - Using connection ID 'postgres_default' for task execution.
[2025-07-25T07:10:21.196+0000] {sql.py:487} INFO - Running statement: 
    INSERT INTO public.staging_songs (
        num_songs, artist_id, artist_name, artist_latitude, artist_longitude, artist_location, song_id, title, duration, "year"
    ) VALUES (%s,%s,%s,%s,%s,%s,%s,%s,%s,%s);
    , parameters: (1, 'AR0RCMP1187FB3F427', 'Billie Jo Spears', 30.08615, -94.10158, 'Beaumont, TX', 'SOGXHEG12AB018653E', 'It Makes No Difference Now', 133.32853, 1992)
[2025-07-25T07:10:21.200+0000] {sql.py:496} INFO - Rows affected: 1
[2025-07-25T07:10:21.250+0000] {base.py:84} INFO - Using connection ID 'postgres_default' for task execution.
[2025-07-25T07:10:21.290+0000] {sql.py:487} INFO - Running statement: 
    INSERT INTO public.staging_songs (
        num_songs, artist_id, artist_name, artist_latitude, artist_longitude, artist_location, song_id, title, duration, "year"
    ) VALUES (%s,%s,%s,%s,%s,%s,%s,%s,%s,%s);
    , parameters: (1, 'AREBBGV1187FB523D2', "Mike Jones (Featuring CJ_ Mello & Lil' Bran)", None, None, 'Houston, TX', 'SOOLYAZ12A6701F4A6', 'Laws Patrolling (Album Version)', 173.66159, 0)
[2025-07-25T07:10:21.293+0000] {sql.py:496} INFO - Rows affected: 1
[2025-07-25T07:10:21.355+0000] {base.py:84} INFO - Using connection ID 'postgres_default' for task execution.
[2025-07-25T07:10:21.389+0000] {sql.py:487} INFO - Running statement: 
    INSERT INTO public.staging_songs (
        num_songs, artist_id, artist_name, artist_latitude, artist_longitude, artist_location, song_id, title, duration, "year"
    ) VALUES (%s,%s,%s,%s,%s,%s,%s,%s,%s,%s);
    , parameters: (1, 'ARGUVEV1187B98BA17', 'Sierra Maestra', None, None, '', 'SOGOSOV12AF72A285E', '¿Dónde va Chichi?', 313.12934, 1997)
[2025-07-25T07:10:21.419+0000] {sql.py:496} INFO - Rows affected: 1
[2025-07-25T07:10:21.509+0000] {base.py:84} INFO - Using connection ID 'postgres_default' for task execution.
[2025-07-25T07:10:21.520+0000] {sql.py:487} INFO - Running statement: 
    INSERT INTO public.staging_songs (
        num_songs, artist_id, artist_name, artist_latitude, artist_longitude, artist_location, song_id, title, duration, "year"
    ) VALUES (%s,%s,%s,%s,%s,%s,%s,%s,%s,%s);
    , parameters: (1, 'ARD7TVE1187B99BFB1', 'Casual', None, None, 'California - LA', 'SOQLGFP12A58A7800E', 'OAKtown', 259.44771, 0)
[2025-07-25T07:10:21.523+0000] {sql.py:496} INFO - Rows affected: 1
[2025-07-25T07:10:21.588+0000] {base.py:84} INFO - Using connection ID 'postgres_default' for task execution.
[2025-07-25T07:10:21.608+0000] {sql.py:487} INFO - Running statement: 
    INSERT INTO public.staging_songs (
        num_songs, artist_id, artist_name, artist_latitude, artist_longitude, artist_location, song_id, title, duration, "year"
    ) VALUES (%s,%s,%s,%s,%s,%s,%s,%s,%s,%s);
    , parameters: (1, 'AR3JMC51187B9AE49D', 'Backstreet Boys', 28.53823, -81.37739, 'Orlando, FL', 'SOPVXLX12A8C1402D5', 'Larger Than Life', 236.25098, 1999)
[2025-07-25T07:10:21.610+0000] {sql.py:496} INFO - Rows affected: 1
[2025-07-25T07:10:21.649+0000] {base.py:84} INFO - Using connection ID 'postgres_default' for task execution.
[2025-07-25T07:10:21.701+0000] {sql.py:487} INFO - Running statement: 
    INSERT INTO public.staging_songs (
        num_songs, artist_id, artist_name, artist_latitude, artist_longitude, artist_location, song_id, title, duration, "year"
    ) VALUES (%s,%s,%s,%s,%s,%s,%s,%s,%s,%s);
    , parameters: (1, 'ARPBNLO1187FB3D52F', 'Tiny Tim', 40.71455, -74.00712, 'New York, NY', 'SOAOIBZ12AB01815BE', 'I Hold Your Hand In Mine [Live At Royal Albert Hall]', 43.36281, 2000)
[2025-07-25T07:10:21.709+0000] {sql.py:496} INFO - Rows affected: 1
[2025-07-25T07:10:21.792+0000] {base.py:84} INFO - Using connection ID 'postgres_default' for task execution.
[2025-07-25T07:10:21.815+0000] {sql.py:487} INFO - Running statement: 
    INSERT INTO public.staging_songs (
        num_songs, artist_id, artist_name, artist_latitude, artist_longitude, artist_location, song_id, title, duration, "year"
    ) VALUES (%s,%s,%s,%s,%s,%s,%s,%s,%s,%s);
    , parameters: (1, 'AR9AWNF1187B9AB0B4', 'Kenny G featuring Daryl Hall', None, None, 'Seattle, Washington USA', 'SOZHPGD12A8C1394FE', 'Baby Come To Me', 236.93016, 0)
[2025-07-25T07:10:21.826+0000] {sql.py:496} INFO - Rows affected: 1
[2025-07-25T07:10:21.900+0000] {base.py:84} INFO - Using connection ID 'postgres_default' for task execution.
[2025-07-25T07:10:21.942+0000] {sql.py:487} INFO - Running statement: 
    INSERT INTO public.staging_songs (
        num_songs, artist_id, artist_name, artist_latitude, artist_longitude, artist_location, song_id, title, duration, "year"
    ) VALUES (%s,%s,%s,%s,%s,%s,%s,%s,%s,%s);
    , parameters: (1, 'AROGWRA122988FEE45', 'Christos Dantis', None, None, '', 'SOSLAVG12A8C13397F', 'Den Pai Alo', 243.82649, 0)
[2025-07-25T07:10:21.951+0000] {sql.py:496} INFO - Rows affected: 1
[2025-07-25T07:10:22.025+0000] {base.py:84} INFO - Using connection ID 'postgres_default' for task execution.
[2025-07-25T07:10:22.057+0000] {sql.py:487} INFO - Running statement: 
    INSERT INTO public.staging_songs (
        num_songs, artist_id, artist_name, artist_latitude, artist_longitude, artist_location, song_id, title, duration, "year"
    ) VALUES (%s,%s,%s,%s,%s,%s,%s,%s,%s,%s);
    , parameters: (1, 'ARMBR4Y1187B9990EB', 'David Martin', 37.77916, -122.42005, 'California - SF', 'SOTTDKS12AB018D69B', 'It Wont Be Christmas', 241.47546, 0)
[2025-07-25T07:10:22.061+0000] {sql.py:496} INFO - Rows affected: 1
[2025-07-25T07:10:22.101+0000] {base.py:84} INFO - Using connection ID 'postgres_default' for task execution.
[2025-07-25T07:10:22.142+0000] {sql.py:487} INFO - Running statement: 
    INSERT INTO public.staging_songs (
        num_songs, artist_id, artist_name, artist_latitude, artist_longitude, artist_location, song_id, title, duration, "year"
    ) VALUES (%s,%s,%s,%s,%s,%s,%s,%s,%s,%s);
    , parameters: (1, 'ARQ9BO41187FB5CF1F', 'John Davis', 40.99471, -77.60454, 'Pennsylvania', 'SOMVWWT12A58A7AE05', 'Knocked Out Of The Park', 183.17016, 0)
[2025-07-25T07:10:22.145+0000] {sql.py:496} INFO - Rows affected: 1
[2025-07-25T07:10:22.216+0000] {base.py:84} INFO - Using connection ID 'postgres_default' for task execution.
[2025-07-25T07:10:22.281+0000] {sql.py:487} INFO - Running statement: 
    INSERT INTO public.staging_songs (
        num_songs, artist_id, artist_name, artist_latitude, artist_longitude, artist_location, song_id, title, duration, "year"
    ) VALUES (%s,%s,%s,%s,%s,%s,%s,%s,%s,%s);
    , parameters: (1, 'ARKULSX1187FB45F84', 'Trafik', 39.49974, -111.54732, 'Utah', 'SOQVMXR12A81C21483', 'Salt In NYC', 424.12363, 0)
[2025-07-25T07:10:22.287+0000] {sql.py:496} INFO - Rows affected: 1
[2025-07-25T07:10:22.364+0000] {base.py:84} INFO - Using connection ID 'postgres_default' for task execution.
[2025-07-25T07:10:22.399+0000] {sql.py:487} INFO - Running statement: 
    INSERT INTO public.staging_songs (
        num_songs, artist_id, artist_name, artist_latitude, artist_longitude, artist_location, song_id, title, duration, "year"
    ) VALUES (%s,%s,%s,%s,%s,%s,%s,%s,%s,%s);
    , parameters: (1, 'ARI2JSK1187FB496EF', 'Nick Ingman;Gavyn Wright', 51.50632, -0.12714, 'London, England', 'SODUJBS12A8C132150', 'Wessex Loses a Bride', 111.62077, 0)
[2025-07-25T07:10:22.404+0000] {sql.py:496} INFO - Rows affected: 1
[2025-07-25T07:10:22.474+0000] {base.py:84} INFO - Using connection ID 'postgres_default' for task execution.
[2025-07-25T07:10:22.500+0000] {sql.py:487} INFO - Running statement: 
    INSERT INTO public.staging_songs (
        num_songs, artist_id, artist_name, artist_latitude, artist_longitude, artist_location, song_id, title, duration, "year"
    ) VALUES (%s,%s,%s,%s,%s,%s,%s,%s,%s,%s);
    , parameters: (1, 'AREDBBQ1187B98AFF5', 'Eddie Calvert', None, None, '', 'SOBBXLX12A58A79DDA', 'Erica (2005 Digital Remaster)', 138.63138, 0)
[2025-07-25T07:10:22.504+0000] {sql.py:496} INFO - Rows affected: 1
[2025-07-25T07:10:22.559+0000] {base.py:84} INFO - Using connection ID 'postgres_default' for task execution.
[2025-07-25T07:10:22.578+0000] {sql.py:487} INFO - Running statement: 
    INSERT INTO public.staging_songs (
        num_songs, artist_id, artist_name, artist_latitude, artist_longitude, artist_location, song_id, title, duration, "year"
    ) VALUES (%s,%s,%s,%s,%s,%s,%s,%s,%s,%s);
    , parameters: (1, 'AR7ZKHQ1187B98DD73', 'Glad', None, None, '', 'SOTUKVB12AB0181477', 'Blessed Assurance', 270.602, 1993)
[2025-07-25T07:10:22.581+0000] {sql.py:496} INFO - Rows affected: 1
[2025-07-25T07:10:22.629+0000] {base.py:84} INFO - Using connection ID 'postgres_default' for task execution.
[2025-07-25T07:10:22.662+0000] {sql.py:487} INFO - Running statement: 
    INSERT INTO public.staging_songs (
        num_songs, artist_id, artist_name, artist_latitude, artist_longitude, artist_location, song_id, title, duration, "year"
    ) VALUES (%s,%s,%s,%s,%s,%s,%s,%s,%s,%s);
    , parameters: (1, 'ARBGXIG122988F409D', 'Steel Rain', 37.77916, -122.42005, 'California - SF', 'SOOJPRH12A8C141995', 'Loaded Like A Gun', 173.19138, 0)
[2025-07-25T07:10:22.669+0000] {sql.py:496} INFO - Rows affected: 1
[2025-07-25T07:10:22.728+0000] {base.py:84} INFO - Using connection ID 'postgres_default' for task execution.
[2025-07-25T07:10:22.773+0000] {sql.py:487} INFO - Running statement: 
    INSERT INTO public.staging_songs (
        num_songs, artist_id, artist_name, artist_latitude, artist_longitude, artist_location, song_id, title, duration, "year"
    ) VALUES (%s,%s,%s,%s,%s,%s,%s,%s,%s,%s);
    , parameters: (1, 'AR7SMBG1187B9B9066', 'Los Manolos', None, None, '', 'SOBCOSW12A8C13D398', 'Rumba De Barcelona', 218.38322, 0)
[2025-07-25T07:10:22.780+0000] {sql.py:496} INFO - Rows affected: 1
[2025-07-25T07:10:22.830+0000] {base.py:84} INFO - Using connection ID 'postgres_default' for task execution.
[2025-07-25T07:10:22.854+0000] {sql.py:487} INFO - Running statement: 
    INSERT INTO public.staging_songs (
        num_songs, artist_id, artist_name, artist_latitude, artist_longitude, artist_location, song_id, title, duration, "year"
    ) VALUES (%s,%s,%s,%s,%s,%s,%s,%s,%s,%s);
    , parameters: (1, 'ARGCY1Y1187B9A4FA5', 'Gloriana', 36.16778, -86.77836, 'Nashville, TN.', 'SOQOTLQ12AB01868D0', 'Clementina Santafè', 153.33832, 0)
[2025-07-25T07:10:22.857+0000] {sql.py:496} INFO - Rows affected: 1
[2025-07-25T07:10:22.905+0000] {base.py:84} INFO - Using connection ID 'postgres_default' for task execution.
[2025-07-25T07:10:22.949+0000] {sql.py:487} INFO - Running statement: 
    INSERT INTO public.staging_songs (
        num_songs, artist_id, artist_name, artist_latitude, artist_longitude, artist_location, song_id, title, duration, "year"
    ) VALUES (%s,%s,%s,%s,%s,%s,%s,%s,%s,%s);
    , parameters: (1, 'AR36F9J1187FB406F1', 'Bombay Rockers', 56.27609, 9.51695, 'Denmark', 'SOBKWDJ12A8C13B2F3', 'Wild Rose (Back 2 Basics Mix)', 230.71302, 0)
[2025-07-25T07:10:22.953+0000] {sql.py:496} INFO - Rows affected: 1
[2025-07-25T07:10:23.024+0000] {base.py:84} INFO - Using connection ID 'postgres_default' for task execution.
[2025-07-25T07:10:23.062+0000] {sql.py:487} INFO - Running statement: 
    INSERT INTO public.staging_songs (
        num_songs, artist_id, artist_name, artist_latitude, artist_longitude, artist_location, song_id, title, duration, "year"
    ) VALUES (%s,%s,%s,%s,%s,%s,%s,%s,%s,%s);
    , parameters: (1, 'ARNNKDK1187B98BBD5', 'Jinx', 45.80726, 15.9676, 'Zagreb Croatia', 'SOFNOQK12AB01840FC', 'Kutt Free (DJ Volume Remix)', 407.37914, 0)
[2025-07-25T07:10:23.075+0000] {sql.py:496} INFO - Rows affected: 1
[2025-07-25T07:10:23.157+0000] {base.py:84} INFO - Using connection ID 'postgres_default' for task execution.
[2025-07-25T07:10:23.223+0000] {sql.py:487} INFO - Running statement: 
    INSERT INTO public.staging_songs (
        num_songs, artist_id, artist_name, artist_latitude, artist_longitude, artist_location, song_id, title, duration, "year"
    ) VALUES (%s,%s,%s,%s,%s,%s,%s,%s,%s,%s);
    , parameters: (1, 'AR62SOJ1187FB47BB5', 'Chase & Status', None, None, '', 'SOGVQGJ12AB017F169', 'Ten Tonne', 337.68444, 2005)
[2025-07-25T07:10:23.234+0000] {sql.py:496} INFO - Rows affected: 1
[2025-07-25T07:10:23.326+0000] {base.py:84} INFO - Using connection ID 'postgres_default' for task execution.
[2025-07-25T07:10:23.374+0000] {sql.py:487} INFO - Running statement: 
    INSERT INTO public.staging_songs (
        num_songs, artist_id, artist_name, artist_latitude, artist_longitude, artist_location, song_id, title, duration, "year"
    ) VALUES (%s,%s,%s,%s,%s,%s,%s,%s,%s,%s);
    , parameters: (1, 'ARBEBBY1187B9B43DB', 'Tom Petty', None, None, 'Gainesville, FL', 'SOFFKZS12AB017F194', 'A Higher Place (Album Version)', 236.17261, 1994)
[2025-07-25T07:10:23.389+0000] {sql.py:496} INFO - Rows affected: 1
[2025-07-25T07:10:23.459+0000] {base.py:84} INFO - Using connection ID 'postgres_default' for task execution.
[2025-07-25T07:10:23.499+0000] {sql.py:487} INFO - Running statement: 
    INSERT INTO public.staging_songs (
        num_songs, artist_id, artist_name, artist_latitude, artist_longitude, artist_location, song_id, title, duration, "year"
    ) VALUES (%s,%s,%s,%s,%s,%s,%s,%s,%s,%s);
    , parameters: (1, 'ARDR4AC1187FB371A1', 'Montserrat Caballé;Placido Domingo;Vicente Sardinero;Judith Blegen;Sherrill Milnes;Georg Solti', None, None, '', 'SOBAYLL12A8C138AF9', 'Sono andati? Fingevo di dormire', 511.16363, 0)
[2025-07-25T07:10:23.546+0000] {sql.py:496} INFO - Rows affected: 1
[2025-07-25T07:10:23.616+0000] {base.py:84} INFO - Using connection ID 'postgres_default' for task execution.
[2025-07-25T07:10:23.658+0000] {sql.py:487} INFO - Running statement: 
    INSERT INTO public.staging_songs (
        num_songs, artist_id, artist_name, artist_latitude, artist_longitude, artist_location, song_id, title, duration, "year"
    ) VALUES (%s,%s,%s,%s,%s,%s,%s,%s,%s,%s);
    , parameters: (1, 'ARAGB2O1187FB3A161', 'Pucho & His Latin Soul Brothers', None, None, '', 'SOLEYHO12AB0188A85', 'Got My Mojo Workin', 338.23302, 0)
[2025-07-25T07:10:23.660+0000] {sql.py:496} INFO - Rows affected: 1
[2025-07-25T07:10:23.731+0000] {base.py:84} INFO - Using connection ID 'postgres_default' for task execution.
[2025-07-25T07:10:23.789+0000] {sql.py:487} INFO - Running statement: 
    INSERT INTO public.staging_songs (
        num_songs, artist_id, artist_name, artist_latitude, artist_longitude, artist_location, song_id, title, duration, "year"
    ) VALUES (%s,%s,%s,%s,%s,%s,%s,%s,%s,%s);
    , parameters: (1, 'AREDL271187FB40F44', 'Soul Mekanik', None, None, '', 'SOPEGZN12AB0181B3D', 'Get Your Head Stuck On Your Neck', 45.66159, 0)
[2025-07-25T07:10:23.792+0000] {sql.py:496} INFO - Rows affected: 1
[2025-07-25T07:10:23.885+0000] {base.py:84} INFO - Using connection ID 'postgres_default' for task execution.
[2025-07-25T07:10:23.905+0000] {sql.py:487} INFO - Running statement: 
    INSERT INTO public.staging_songs (
        num_songs, artist_id, artist_name, artist_latitude, artist_longitude, artist_location, song_id, title, duration, "year"
    ) VALUES (%s,%s,%s,%s,%s,%s,%s,%s,%s,%s);
    , parameters: (1, 'ARP6N5A1187B99D1A3', 'Mitch Ryder', None, None, 'Hamtramck, MI', 'SOXILUQ12A58A7C72A', 'Jenny Take a Ride', 207.43791, 2004)
[2025-07-25T07:10:23.911+0000] {sql.py:496} INFO - Rows affected: 1
[2025-07-25T07:10:23.996+0000] {base.py:84} INFO - Using connection ID 'postgres_default' for task execution.
[2025-07-25T07:10:24.019+0000] {sql.py:487} INFO - Running statement: 
    INSERT INTO public.staging_songs (
        num_songs, artist_id, artist_name, artist_latitude, artist_longitude, artist_location, song_id, title, duration, "year"
    ) VALUES (%s,%s,%s,%s,%s,%s,%s,%s,%s,%s);
    , parameters: (1, 'ARGSAFR1269FB35070', 'Blingtones', None, None, '', 'SOTCKKY12AB018A141', 'Sonnerie lalaleulé hi houuu', 29.54404, 0)
[2025-07-25T07:10:24.022+0000] {sql.py:496} INFO - Rows affected: 1
[2025-07-25T07:10:24.115+0000] {base.py:84} INFO - Using connection ID 'postgres_default' for task execution.
[2025-07-25T07:10:24.168+0000] {sql.py:487} INFO - Running statement: 
    INSERT INTO public.staging_songs (
        num_songs, artist_id, artist_name, artist_latitude, artist_longitude, artist_location, song_id, title, duration, "year"
    ) VALUES (%s,%s,%s,%s,%s,%s,%s,%s,%s,%s);
    , parameters: (1, 'ARULZCI1241B9C8611', 'Luna Orbit Project', None, None, '', 'SOSWKAV12AB018FC91', 'Midnight Star', 335.51628, 0)
[2025-07-25T07:10:24.176+0000] {sql.py:496} INFO - Rows affected: 1
[2025-07-25T07:10:24.233+0000] {base.py:84} INFO - Using connection ID 'postgres_default' for task execution.
[2025-07-25T07:10:24.263+0000] {sql.py:487} INFO - Running statement: 
    INSERT INTO public.staging_songs (
        num_songs, artist_id, artist_name, artist_latitude, artist_longitude, artist_location, song_id, title, duration, "year"
    ) VALUES (%s,%s,%s,%s,%s,%s,%s,%s,%s,%s);
    , parameters: (1, 'AR0IAWL1187B9A96D0', 'Danilo Perez', 8.4177, -80.11278, 'Panama', 'SONSKXP12A8C13A2C9', 'Native Soul', 197.19791, 2003)
[2025-07-25T07:10:24.267+0000] {sql.py:496} INFO - Rows affected: 1
[2025-07-25T07:10:24.357+0000] {base.py:84} INFO - Using connection ID 'postgres_default' for task execution.
[2025-07-25T07:10:24.391+0000] {sql.py:487} INFO - Running statement: 
    INSERT INTO public.staging_songs (
        num_songs, artist_id, artist_name, artist_latitude, artist_longitude, artist_location, song_id, title, duration, "year"
    ) VALUES (%s,%s,%s,%s,%s,%s,%s,%s,%s,%s);
    , parameters: (1, 'ARJIE2Y1187B994AB7', 'Line Renaud', None, None, '', 'SOUPIRU12A6D4FA1E1', 'Der Kleine Dompfaff', 152.92036, 0)
[2025-07-25T07:10:24.395+0000] {sql.py:496} INFO - Rows affected: 1
[2025-07-25T07:10:24.461+0000] {base.py:84} INFO - Using connection ID 'postgres_default' for task execution.
[2025-07-25T07:10:24.488+0000] {sql.py:487} INFO - Running statement: 
    INSERT INTO public.staging_songs (
        num_songs, artist_id, artist_name, artist_latitude, artist_longitude, artist_location, song_id, title, duration, "year"
    ) VALUES (%s,%s,%s,%s,%s,%s,%s,%s,%s,%s);
    , parameters: (1, 'ARLTWXK1187FB5A3F8', 'King Curtis', 32.74863, -97.32925, 'Fort Worth, TX', 'SODREIN12A58A7F2E5', 'A Whiter Shade Of Pale (Live @ Fillmore West)', 326.00771, 0)
[2025-07-25T07:10:24.495+0000] {sql.py:496} INFO - Rows affected: 1
[2025-07-25T07:10:24.601+0000] {base.py:84} INFO - Using connection ID 'postgres_default' for task execution.
[2025-07-25T07:10:24.631+0000] {sql.py:487} INFO - Running statement: 
    INSERT INTO public.staging_songs (
        num_songs, artist_id, artist_name, artist_latitude, artist_longitude, artist_location, song_id, title, duration, "year"
    ) VALUES (%s,%s,%s,%s,%s,%s,%s,%s,%s,%s);
    , parameters: (1, 'ARNF6401187FB57032', 'Sophie B. Hawkins', 40.79086, -73.96644, 'New York, NY [Manhattan]', 'SONWXQJ12A8C134D94', 'The Ballad Of Sleeping Beauty', 305.162, 1994)
[2025-07-25T07:10:24.635+0000] {sql.py:496} INFO - Rows affected: 1
[2025-07-25T07:10:24.681+0000] {base.py:84} INFO - Using connection ID 'postgres_default' for task execution.
[2025-07-25T07:10:24.705+0000] {sql.py:487} INFO - Running statement: 
    INSERT INTO public.staging_songs (
        num_songs, artist_id, artist_name, artist_latitude, artist_longitude, artist_location, song_id, title, duration, "year"
    ) VALUES (%s,%s,%s,%s,%s,%s,%s,%s,%s,%s);
    , parameters: (1, 'ARPFHN61187FB575F6', 'Lupe Fiasco', 41.88415, -87.63241, 'Chicago, IL', 'SOWQTQZ12A58A7B63E', 'Streets On Fire (Explicit Album Version)', 279.97995, 0)
[2025-07-25T07:10:24.707+0000] {sql.py:496} INFO - Rows affected: 1
[2025-07-25T07:10:24.818+0000] {base.py:84} INFO - Using connection ID 'postgres_default' for task execution.
[2025-07-25T07:10:24.841+0000] {sql.py:487} INFO - Running statement: 
    INSERT INTO public.staging_songs (
        num_songs, artist_id, artist_name, artist_latitude, artist_longitude, artist_location, song_id, title, duration, "year"
    ) VALUES (%s,%s,%s,%s,%s,%s,%s,%s,%s,%s);
    , parameters: (1, 'AR051KA1187B98B2FF', 'Wilks', None, None, '', 'SOLYIBD12A8C135045', 'Music is what we love', 261.51138, 0)
[2025-07-25T07:10:24.844+0000] {sql.py:496} INFO - Rows affected: 1
[2025-07-25T07:10:24.921+0000] {base.py:84} INFO - Using connection ID 'postgres_default' for task execution.
[2025-07-25T07:10:24.954+0000] {sql.py:487} INFO - Running statement: 
    INSERT INTO public.staging_songs (
        num_songs, artist_id, artist_name, artist_latitude, artist_longitude, artist_location, song_id, title, duration, "year"
    ) VALUES (%s,%s,%s,%s,%s,%s,%s,%s,%s,%s);
    , parameters: (1, 'AR8IEZO1187B99055E', 'Marc Shaiman', None, None, '', 'SOINLJW12A8C13314C', 'City Slickers', 149.86404, 2008)
[2025-07-25T07:10:24.960+0000] {sql.py:496} INFO - Rows affected: 1
[2025-07-25T07:10:25.018+0000] {base.py:84} INFO - Using connection ID 'postgres_default' for task execution.
[2025-07-25T07:10:25.052+0000] {sql.py:487} INFO - Running statement: 
    INSERT INTO public.staging_songs (
        num_songs, artist_id, artist_name, artist_latitude, artist_longitude, artist_location, song_id, title, duration, "year"
    ) VALUES (%s,%s,%s,%s,%s,%s,%s,%s,%s,%s);
    , parameters: (1, 'AR558FS1187FB45658', '40 Grit', None, None, '', 'SOGDBUF12A8C140FAA', 'Intro', 75.67628, 2003)
[2025-07-25T07:10:25.056+0000] {sql.py:496} INFO - Rows affected: 1
[2025-07-25T07:10:25.153+0000] {base.py:84} INFO - Using connection ID 'postgres_default' for task execution.
[2025-07-25T07:10:25.208+0000] {sql.py:487} INFO - Running statement: 
    INSERT INTO public.staging_songs (
        num_songs, artist_id, artist_name, artist_latitude, artist_longitude, artist_location, song_id, title, duration, "year"
    ) VALUES (%s,%s,%s,%s,%s,%s,%s,%s,%s,%s);
    , parameters: (1, 'ARVBRGZ1187FB4675A', 'Gwen Stefani', None, None, '', 'SORRZGD12A6310DBC3', 'Harajuku Girls', 290.55955, 2004)
[2025-07-25T07:10:25.221+0000] {sql.py:496} INFO - Rows affected: 1
[2025-07-25T07:10:25.272+0000] {base.py:84} INFO - Using connection ID 'postgres_default' for task execution.
[2025-07-25T07:10:25.315+0000] {sql.py:487} INFO - Running statement: 
    INSERT INTO public.staging_songs (
        num_songs, artist_id, artist_name, artist_latitude, artist_longitude, artist_location, song_id, title, duration, "year"
    ) VALUES (%s,%s,%s,%s,%s,%s,%s,%s,%s,%s);
    , parameters: (1, 'ARWB3G61187FB49404', 'Steve Morse', None, None, 'Hamilton, Ohio', 'SODAUVL12A8C13D184', 'Prognosis', 363.85914, 2000)
[2025-07-25T07:10:25.328+0000] {sql.py:496} INFO - Rows affected: 1
[2025-07-25T07:10:25.426+0000] {base.py:84} INFO - Using connection ID 'postgres_default' for task execution.
[2025-07-25T07:10:25.459+0000] {sql.py:487} INFO - Running statement: 
    INSERT INTO public.staging_songs (
        num_songs, artist_id, artist_name, artist_latitude, artist_longitude, artist_location, song_id, title, duration, "year"
    ) VALUES (%s,%s,%s,%s,%s,%s,%s,%s,%s,%s);
    , parameters: (1, 'AREVWGE1187B9B890A', 'Bitter End', -13.442, -41.9952, 'Noci (BA)', 'SOFCHDR12AB01866EF', 'Living Hell', 282.43546, 0)
[2025-07-25T07:10:25.466+0000] {sql.py:496} INFO - Rows affected: 1
[2025-07-25T07:10:25.490+0000] {python.py:237} INFO - Done. Returned value was: None
[2025-07-25T07:10:25.493+0000] {taskinstance.py:441} INFO - ::group::Post task execution logs
[2025-07-25T07:10:25.532+0000] {taskinstance.py:1206} INFO - Marking task as SUCCESS. dag_id=tunestream_etl_pipeline, task_id=Stage_songs, run_id=scheduled__2025-07-24T03:00:00+00:00, execution_date=20250724T030000, start_date=20250725T071014, end_date=20250725T071025
[2025-07-25T07:10:25.633+0000] {local_task_job_runner.py:240} INFO - Task exited with return code 0
[2025-07-25T07:10:25.677+0000] {warnings.py:109} WARNING - /home/***/.local/lib/python3.10/site-packages/***/models/baseoperator.py:1297: AirflowProviderDeprecationWarning: Call to deprecated class PostgresOperator. (Please use `***.providers.common.sql.operators.sql.SQLExecuteQueryOperator`.Also, you can provide `hook_params={'schema': <database>}`.)
  result = cls.__new__(cls)

[2025-07-25T07:10:25.738+0000] {taskinstance.py:3503} INFO - 0 downstream tasks scheduled from follow-on schedule check
[2025-07-25T07:10:25.750+0000] {local_task_job_runner.py:222} INFO - ::endgroup::
