[2025-07-25T07:25:11.784+0000] {local_task_job_runner.py:120} INFO - ::group::Pre task execution logs
[2025-07-25T07:25:11.829+0000] {taskinstance.py:2076} INFO - Dependencies all met for dep_context=non-requeueable deps ti=<TaskInstance: tunestream_etl_pipeline.Load_songplays_fact_table scheduled__2025-07-24T12:00:00+00:00 [queued]>
[2025-07-25T07:25:11.846+0000] {taskinstance.py:2076} INFO - Dependencies all met for dep_context=requeueable deps ti=<TaskInstance: tunestream_etl_pipeline.Load_songplays_fact_table scheduled__2025-07-24T12:00:00+00:00 [queued]>
[2025-07-25T07:25:11.847+0000] {taskinstance.py:2306} INFO - Starting attempt 3 of 4
[2025-07-25T07:25:11.874+0000] {taskinstance.py:2330} INFO - Executing <Task(PostgresOperator): Load_songplays_fact_table> on 2025-07-24 12:00:00+00:00
[2025-07-25T07:25:11.890+0000] {standard_task_runner.py:63} INFO - Started process 811 to run task
[2025-07-25T07:25:11.902+0000] {standard_task_runner.py:90} INFO - Running: ['***', 'tasks', 'run', 'tunestream_etl_pipeline', 'Load_songplays_fact_table', 'scheduled__2025-07-24T12:00:00+00:00', '--job-id', '166', '--raw', '--subdir', 'DAGS_FOLDER/final_exam_src.py', '--cfg-path', '/tmp/tmp4t6imic4']
[2025-07-25T07:25:11.918+0000] {standard_task_runner.py:91} INFO - Job 166: Subtask Load_songplays_fact_table
[2025-07-25T07:25:12.106+0000] {task_command.py:426} INFO - Running <TaskInstance: tunestream_etl_pipeline.Load_songplays_fact_table scheduled__2025-07-24T12:00:00+00:00 [running]> on host f0ac0c7b7f5e
[2025-07-25T07:25:12.298+0000] {taskinstance.py:2648} INFO - Exporting env vars: AIRFLOW_CTX_DAG_OWNER='QuangBLM1' AIRFLOW_CTX_DAG_ID='tunestream_etl_pipeline' AIRFLOW_CTX_TASK_ID='Load_songplays_fact_table' AIRFLOW_CTX_EXECUTION_DATE='2025-07-24T12:00:00+00:00' AIRFLOW_CTX_TRY_NUMBER='3' AIRFLOW_CTX_DAG_RUN_ID='scheduled__2025-07-24T12:00:00+00:00'
[2025-07-25T07:25:12.308+0000] {taskinstance.py:430} INFO - ::endgroup::
[2025-07-25T07:25:12.309+0000] {sql.py:276} INFO - Executing: 
        TRUNCATE TABLE songplays;
        INSERT INTO songplays (playid, start_time, userid, level, songid, artistid, sessionid, location, user_agent)
        SELECT
                md5(CAST(events.sessionid AS TEXT) || CAST(events.start_time AS TEXT)) as playid,
                events.start_time, 
                events.userid, 
                events."level", 
                songs.song_id, 
                songs.artist_id, 
                events.sessionid, 
                events.location, 
                events.useragent
                FROM (SELECT TIMESTAMP 'epoch' + ts/1000 * interval '1 second' AS start_time, *
            FROM staging_events
            WHERE page='NextSong') events
            LEFT JOIN staging_songs songs
            ON events.song = songs.title
                AND events.artist = songs.artist_name
                AND events.length = songs.duration;
    
[2025-07-25T07:25:12.338+0000] {base.py:84} INFO - Using connection ID 'postgres_default' for task execution.
[2025-07-25T07:25:12.363+0000] {base.py:84} INFO - Using connection ID 'postgres_default' for task execution.
[2025-07-25T07:25:12.381+0000] {sql.py:487} INFO - Running statement: 
        TRUNCATE TABLE songplays;
        INSERT INTO songplays (playid, start_time, userid, level, songid, artistid, sessionid, location, user_agent)
        SELECT
                md5(CAST(events.sessionid AS TEXT) || CAST(events.start_time AS TEXT)) as playid,
                events.start_time, 
                events.userid, 
                events."level", 
                songs.song_id, 
                songs.artist_id, 
                events.sessionid, 
                events.location, 
                events.useragent
                FROM (SELECT TIMESTAMP 'epoch' + ts/1000 * interval '1 second' AS start_time, *
            FROM staging_events
            WHERE page='NextSong') events
            LEFT JOIN staging_songs songs
            ON events.song = songs.title
                AND events.artist = songs.artist_name
                AND events.length = songs.duration;
    , parameters: None
[2025-07-25T07:25:12.441+0000] {taskinstance.py:441} INFO - ::group::Post task execution logs
[2025-07-25T07:25:12.443+0000] {taskinstance.py:2905} ERROR - Task failed with exception
Traceback (most recent call last):
  File "/home/airflow/.local/lib/python3.10/site-packages/airflow/models/taskinstance.py", line 465, in _execute_task
    result = _execute_callable(context=context, **execute_callable_kwargs)
  File "/home/airflow/.local/lib/python3.10/site-packages/airflow/models/taskinstance.py", line 432, in _execute_callable
    return execute_callable(context=context, **execute_callable_kwargs)
  File "/home/airflow/.local/lib/python3.10/site-packages/airflow/models/baseoperator.py", line 401, in wrapper
    return func(self, *args, **kwargs)
  File "/home/airflow/.local/lib/python3.10/site-packages/airflow/providers/common/sql/operators/sql.py", line 282, in execute
    output = hook.run(
  File "/home/airflow/.local/lib/python3.10/site-packages/airflow/providers/common/sql/hooks/sql.py", line 435, in run
    self._run_command(cur, sql_statement, parameters)
  File "/home/airflow/.local/lib/python3.10/site-packages/airflow/providers/common/sql/hooks/sql.py", line 492, in _run_command
    cur.execute(sql_statement)
psycopg2.errors.UniqueViolation: duplicate key value violates unique constraint "songplays_pkey"
DETAIL:  Key (playid)=(df375e11b1fcdda1dcbfcbfe1279c327) already exists.

[2025-07-25T07:25:12.464+0000] {taskinstance.py:1206} INFO - Marking task as UP_FOR_RETRY. dag_id=tunestream_etl_pipeline, task_id=Load_songplays_fact_table, run_id=scheduled__2025-07-24T12:00:00+00:00, execution_date=20250724T120000, start_date=20250725T072511, end_date=20250725T072512
[2025-07-25T07:25:12.495+0000] {standard_task_runner.py:110} ERROR - Failed to execute job 166 for task Load_songplays_fact_table (duplicate key value violates unique constraint "songplays_pkey"
DETAIL:  Key (playid)=(df375e11b1fcdda1dcbfcbfe1279c327) already exists.
; 811)
[2025-07-25T07:25:12.534+0000] {local_task_job_runner.py:240} INFO - Task exited with return code 1
[2025-07-25T07:25:12.567+0000] {warnings.py:109} WARNING - /home/***/.local/lib/python3.10/site-packages/***/models/baseoperator.py:1297: AirflowProviderDeprecationWarning: Call to deprecated class PostgresOperator. (Please use `***.providers.common.sql.operators.sql.SQLExecuteQueryOperator`.Also, you can provide `hook_params={'schema': <database>}`.)
  result = cls.__new__(cls)

[2025-07-25T07:25:12.608+0000] {taskinstance.py:3503} INFO - 0 downstream tasks scheduled from follow-on schedule check
[2025-07-25T07:25:12.616+0000] {local_task_job_runner.py:222} INFO - ::endgroup::
