[2025-07-25T07:25:31.482+0000] {local_task_job_runner.py:120} INFO - ::group::Pre task execution logs
[2025-07-25T07:25:31.737+0000] {taskinstance.py:2076} INFO - Dependencies all met for dep_context=non-requeueable deps ti=<TaskInstance: tunestream_etl_pipeline.Load_time_dim_table scheduled__2025-07-24T14:00:00+00:00 [queued]>
[2025-07-25T07:25:31.800+0000] {taskinstance.py:2076} INFO - Dependencies all met for dep_context=requeueable deps ti=<TaskInstance: tunestream_etl_pipeline.Load_time_dim_table scheduled__2025-07-24T14:00:00+00:00 [queued]>
[2025-07-25T07:25:31.823+0000] {taskinstance.py:2306} INFO - Starting attempt 1 of 4
[2025-07-25T07:25:32.025+0000] {taskinstance.py:2330} INFO - Executing <Task(PostgresOperator): Load_time_dim_table> on 2025-07-24 14:00:00+00:00
[2025-07-25T07:25:32.147+0000] {standard_task_runner.py:63} INFO - Started process 860 to run task
[2025-07-25T07:25:32.167+0000] {standard_task_runner.py:90} INFO - Running: ['***', 'tasks', 'run', 'tunestream_etl_pipeline', 'Load_time_dim_table', 'scheduled__2025-07-24T14:00:00+00:00', '--job-id', '181', '--raw', '--subdir', 'DAGS_FOLDER/final_exam_src.py', '--cfg-path', '/tmp/tmp3sgoym2i']
[2025-07-25T07:25:32.186+0000] {standard_task_runner.py:91} INFO - Job 181: Subtask Load_time_dim_table
[2025-07-25T07:25:32.591+0000] {task_command.py:426} INFO - Running <TaskInstance: tunestream_etl_pipeline.Load_time_dim_table scheduled__2025-07-24T14:00:00+00:00 [running]> on host f0ac0c7b7f5e
[2025-07-25T07:25:33.216+0000] {taskinstance.py:2648} INFO - Exporting env vars: AIRFLOW_CTX_DAG_OWNER='QuangBLM1' AIRFLOW_CTX_DAG_ID='tunestream_etl_pipeline' AIRFLOW_CTX_TASK_ID='Load_time_dim_table' AIRFLOW_CTX_EXECUTION_DATE='2025-07-24T14:00:00+00:00' AIRFLOW_CTX_TRY_NUMBER='1' AIRFLOW_CTX_DAG_RUN_ID='scheduled__2025-07-24T14:00:00+00:00'
[2025-07-25T07:25:33.230+0000] {taskinstance.py:430} INFO - ::endgroup::
[2025-07-25T07:25:33.240+0000] {sql.py:276} INFO - Executing: 
        TRUNCATE TABLE "time";
        INSERT INTO "time" (start_time, "hour", "day", week, "month", "year", weekday)
        SELECT 
            start_time, 
            extract(hour from start_time), 
            extract(day from start_time), 
            extract(week from start_time), 
            extract(month from start_time), 
            extract(year from start_time), 
            extract(dow from start_time)
        FROM (SELECT DISTINCT start_time FROM songplays) AS unique_songplays;
    
[2025-07-25T07:25:33.300+0000] {base.py:84} INFO - Using connection ID 'postgres_default' for task execution.
[2025-07-25T07:25:33.347+0000] {base.py:84} INFO - Using connection ID 'postgres_default' for task execution.
[2025-07-25T07:25:33.384+0000] {sql.py:487} INFO - Running statement: 
        TRUNCATE TABLE "time";
        INSERT INTO "time" (start_time, "hour", "day", week, "month", "year", weekday)
        SELECT 
            start_time, 
            extract(hour from start_time), 
            extract(day from start_time), 
            extract(week from start_time), 
            extract(month from start_time), 
            extract(year from start_time), 
            extract(dow from start_time)
        FROM (SELECT DISTINCT start_time FROM songplays) AS unique_songplays;
    , parameters: None
[2025-07-25T07:25:33.438+0000] {sql.py:496} INFO - Rows affected: 0
[2025-07-25T07:25:33.461+0000] {taskinstance.py:441} INFO - ::group::Post task execution logs
[2025-07-25T07:25:33.516+0000] {taskinstance.py:1206} INFO - Marking task as SUCCESS. dag_id=tunestream_etl_pipeline, task_id=Load_time_dim_table, run_id=scheduled__2025-07-24T14:00:00+00:00, execution_date=20250724T140000, start_date=20250725T072531, end_date=20250725T072533
[2025-07-25T07:25:33.714+0000] {local_task_job_runner.py:240} INFO - Task exited with return code 0
[2025-07-25T07:25:33.787+0000] {local_task_job_runner.py:222} INFO - ::endgroup::
