[2025-07-25T06:52:10.794+0000] {local_task_job_runner.py:120} INFO - ::group::Pre task execution logs
[2025-07-25T06:52:10.845+0000] {taskinstance.py:2076} INFO - Dependencies all met for dep_context=non-requeueable deps ti=<TaskInstance: tunestream_etl_pipeline.Load_user_dim_table manual__2025-07-25T06:48:52.471068+00:00 [queued]>
[2025-07-25T06:52:10.858+0000] {taskinstance.py:2076} INFO - Dependencies all met for dep_context=requeueable deps ti=<TaskInstance: tunestream_etl_pipeline.Load_user_dim_table manual__2025-07-25T06:48:52.471068+00:00 [queued]>
[2025-07-25T06:52:10.859+0000] {taskinstance.py:2306} INFO - Starting attempt 1 of 2
[2025-07-25T06:52:10.880+0000] {taskinstance.py:2330} INFO - Executing <Task(PostgresOperator): Load_user_dim_table> on 2025-07-25 06:48:52.471068+00:00
[2025-07-25T06:52:10.894+0000] {standard_task_runner.py:63} INFO - Started process 145 to run task
[2025-07-25T06:52:10.900+0000] {standard_task_runner.py:90} INFO - Running: ['***', 'tasks', 'run', 'tunestream_etl_pipeline', 'Load_user_dim_table', 'manual__2025-07-25T06:48:52.471068+00:00', '--job-id', '80', '--raw', '--subdir', 'DAGS_FOLDER/final_exam_src.py', '--cfg-path', '/tmp/tmp3qavs0eo']
[2025-07-25T06:52:10.906+0000] {standard_task_runner.py:91} INFO - Job 80: Subtask Load_user_dim_table
[2025-07-25T06:52:11.000+0000] {task_command.py:426} INFO - Running <TaskInstance: tunestream_etl_pipeline.Load_user_dim_table manual__2025-07-25T06:48:52.471068+00:00 [running]> on host f0ac0c7b7f5e
[2025-07-25T06:52:11.131+0000] {taskinstance.py:2648} INFO - Exporting env vars: AIRFLOW_CTX_DAG_OWNER='QuangBLM1' AIRFLOW_CTX_DAG_ID='tunestream_etl_pipeline' AIRFLOW_CTX_TASK_ID='Load_user_dim_table' AIRFLOW_CTX_EXECUTION_DATE='2025-07-25T06:48:52.471068+00:00' AIRFLOW_CTX_TRY_NUMBER='1' AIRFLOW_CTX_DAG_RUN_ID='manual__2025-07-25T06:48:52.471068+00:00'
[2025-07-25T06:52:11.134+0000] {taskinstance.py:430} INFO - ::endgroup::
[2025-07-25T06:52:11.135+0000] {sql.py:276} INFO - Executing: 
        TRUNCATE TABLE users;
        INSERT INTO users (userid, first_name, last_name, gender, "level")
        SELECT userid, firstname, lastname, gender, "level"
        FROM (
            SELECT 
                userid, 
                firstname, 
                lastname, 
                gender, 
                "level",
                ROW_NUMBER() OVER(PARTITION BY userid ORDER BY ts DESC) as rn
            FROM staging_events
            WHERE page = 'NextSong' AND userid IS NOT NULL
        ) tmp
        WHERE rn = 1;
    
[2025-07-25T06:52:11.152+0000] {base.py:84} INFO - Using connection ID 'postgres_default' for task execution.
[2025-07-25T06:52:11.167+0000] {base.py:84} INFO - Using connection ID 'postgres_default' for task execution.
[2025-07-25T06:52:11.176+0000] {sql.py:487} INFO - Running statement: 
        TRUNCATE TABLE users;
        INSERT INTO users (userid, first_name, last_name, gender, "level")
        SELECT userid, firstname, lastname, gender, "level"
        FROM (
            SELECT 
                userid, 
                firstname, 
                lastname, 
                gender, 
                "level",
                ROW_NUMBER() OVER(PARTITION BY userid ORDER BY ts DESC) as rn
            FROM staging_events
            WHERE page = 'NextSong' AND userid IS NOT NULL
        ) tmp
        WHERE rn = 1;
    , parameters: None
[2025-07-25T06:52:11.212+0000] {sql.py:496} INFO - Rows affected: 96
[2025-07-25T06:52:11.218+0000] {taskinstance.py:441} INFO - ::group::Post task execution logs
[2025-07-25T06:52:11.234+0000] {taskinstance.py:1206} INFO - Marking task as SUCCESS. dag_id=tunestream_etl_pipeline, task_id=Load_user_dim_table, run_id=manual__2025-07-25T06:48:52.471068+00:00, execution_date=20250725T064852, start_date=20250725T065210, end_date=20250725T065211
[2025-07-25T06:52:11.275+0000] {local_task_job_runner.py:240} INFO - Task exited with return code 0
[2025-07-25T06:52:11.290+0000] {local_task_job_runner.py:222} INFO - ::endgroup::
