[2025-07-25T07:25:32.653+0000] {local_task_job_runner.py:120} INFO - ::group::Pre task execution logs
[2025-07-25T07:25:32.781+0000] {taskinstance.py:2076} INFO - Dependencies all met for dep_context=non-requeueable deps ti=<TaskInstance: tunestream_etl_pipeline.Load_user_dim_table scheduled__2025-07-24T14:00:00+00:00 [queued]>
[2025-07-25T07:25:32.805+0000] {taskinstance.py:2076} INFO - Dependencies all met for dep_context=requeueable deps ti=<TaskInstance: tunestream_etl_pipeline.Load_user_dim_table scheduled__2025-07-24T14:00:00+00:00 [queued]>
[2025-07-25T07:25:32.816+0000] {taskinstance.py:2306} INFO - Starting attempt 1 of 4
[2025-07-25T07:25:32.899+0000] {taskinstance.py:2330} INFO - Executing <Task(PostgresOperator): Load_user_dim_table> on 2025-07-24 14:00:00+00:00
[2025-07-25T07:25:32.945+0000] {standard_task_runner.py:63} INFO - Started process 865 to run task
[2025-07-25T07:25:32.978+0000] {standard_task_runner.py:90} INFO - Running: ['***', 'tasks', 'run', 'tunestream_etl_pipeline', 'Load_user_dim_table', 'scheduled__2025-07-24T14:00:00+00:00', '--job-id', '184', '--raw', '--subdir', 'DAGS_FOLDER/final_exam_src.py', '--cfg-path', '/tmp/tmp64j1l31t']
[2025-07-25T07:25:33.005+0000] {standard_task_runner.py:91} INFO - Job 184: Subtask Load_user_dim_table
[2025-07-25T07:25:33.385+0000] {task_command.py:426} INFO - Running <TaskInstance: tunestream_etl_pipeline.Load_user_dim_table scheduled__2025-07-24T14:00:00+00:00 [running]> on host f0ac0c7b7f5e
[2025-07-25T07:25:33.876+0000] {taskinstance.py:2648} INFO - Exporting env vars: AIRFLOW_CTX_DAG_OWNER='QuangBLM1' AIRFLOW_CTX_DAG_ID='tunestream_etl_pipeline' AIRFLOW_CTX_TASK_ID='Load_user_dim_table' AIRFLOW_CTX_EXECUTION_DATE='2025-07-24T14:00:00+00:00' AIRFLOW_CTX_TRY_NUMBER='1' AIRFLOW_CTX_DAG_RUN_ID='scheduled__2025-07-24T14:00:00+00:00'
[2025-07-25T07:25:33.884+0000] {taskinstance.py:430} INFO - ::endgroup::
[2025-07-25T07:25:33.885+0000] {sql.py:276} INFO - Executing: 
        TRUNCATE TABLE users;
        INSERT INTO users (userid, first_name, last_name, gender, "level")
        SELECT userid, firstname, lastname, gender, "level"
        FROM (
            SELECT 
                userid, 
                firstname, 
                lastname, 
                gender, 
                "level",
                ROW_NUMBER() OVER(PARTITION BY userid ORDER BY ts DESC) as rn
            FROM staging_events
            WHERE page = 'NextSong' AND userid IS NOT NULL
        ) tmp
        WHERE rn = 1;
    
[2025-07-25T07:25:33.950+0000] {base.py:84} INFO - Using connection ID 'postgres_default' for task execution.
[2025-07-25T07:25:34.019+0000] {base.py:84} INFO - Using connection ID 'postgres_default' for task execution.
[2025-07-25T07:25:34.083+0000] {sql.py:487} INFO - Running statement: 
        TRUNCATE TABLE users;
        INSERT INTO users (userid, first_name, last_name, gender, "level")
        SELECT userid, firstname, lastname, gender, "level"
        FROM (
            SELECT 
                userid, 
                firstname, 
                lastname, 
                gender, 
                "level",
                ROW_NUMBER() OVER(PARTITION BY userid ORDER BY ts DESC) as rn
            FROM staging_events
            WHERE page = 'NextSong' AND userid IS NOT NULL
        ) tmp
        WHERE rn = 1;
    , parameters: None
[2025-07-25T07:25:34.182+0000] {sql.py:496} INFO - Rows affected: 14
[2025-07-25T07:25:34.196+0000] {taskinstance.py:441} INFO - ::group::Post task execution logs
[2025-07-25T07:25:34.262+0000] {taskinstance.py:1206} INFO - Marking task as SUCCESS. dag_id=tunestream_etl_pipeline, task_id=Load_user_dim_table, run_id=scheduled__2025-07-24T14:00:00+00:00, execution_date=20250724T140000, start_date=20250725T072532, end_date=20250725T072534
[2025-07-25T07:25:34.414+0000] {local_task_job_runner.py:240} INFO - Task exited with return code 0
[2025-07-25T07:25:34.478+0000] {local_task_job_runner.py:222} INFO - ::endgroup::
