[2025-07-25T02:00:23.644+0000] {local_task_job_runner.py:120} INFO - ::group::Pre task execution logs
[2025-07-25T02:00:23.738+0000] {taskinstance.py:2076} INFO - Dependencies all met for dep_context=non-requeueable deps ti=<TaskInstance: tunestream_etl_pipeline.Load_song_dim_table manual__2025-07-25T01:56:10.906355+00:00 [queued]>
[2025-07-25T02:00:23.774+0000] {taskinstance.py:2076} INFO - Dependencies all met for dep_context=requeueable deps ti=<TaskInstance: tunestream_etl_pipeline.Load_song_dim_table manual__2025-07-25T01:56:10.906355+00:00 [queued]>
[2025-07-25T02:00:23.776+0000] {taskinstance.py:2306} INFO - Starting attempt 1 of 2
[2025-07-25T02:00:23.822+0000] {taskinstance.py:2330} INFO - Executing <Task(PostgresOperator): Load_song_dim_table> on 2025-07-25 01:56:10.906355+00:00
[2025-07-25T02:00:23.856+0000] {standard_task_runner.py:63} INFO - Started process 154 to run task
[2025-07-25T02:00:23.870+0000] {standard_task_runner.py:90} INFO - Running: ['***', 'tasks', 'run', 'tunestream_etl_pipeline', 'Load_song_dim_table', 'manual__2025-07-25T01:56:10.906355+00:00', '--job-id', '59', '--raw', '--subdir', 'DAGS_FOLDER/final_exam_src.py', '--cfg-path', '/tmp/tmpdv8vlqd3']
[2025-07-25T02:00:23.882+0000] {standard_task_runner.py:91} INFO - Job 59: Subtask Load_song_dim_table
[2025-07-25T02:00:24.176+0000] {task_command.py:426} INFO - Running <TaskInstance: tunestream_etl_pipeline.Load_song_dim_table manual__2025-07-25T01:56:10.906355+00:00 [running]> on host f09e52be76ce
[2025-07-25T02:00:24.458+0000] {taskinstance.py:2648} INFO - Exporting env vars: AIRFLOW_CTX_DAG_OWNER='QuangBLM1' AIRFLOW_CTX_DAG_ID='tunestream_etl_pipeline' AIRFLOW_CTX_TASK_ID='Load_song_dim_table' AIRFLOW_CTX_EXECUTION_DATE='2025-07-25T01:56:10.906355+00:00' AIRFLOW_CTX_TRY_NUMBER='1' AIRFLOW_CTX_DAG_RUN_ID='manual__2025-07-25T01:56:10.906355+00:00'
[2025-07-25T02:00:24.469+0000] {taskinstance.py:430} INFO - ::endgroup::
[2025-07-25T02:00:24.470+0000] {sql.py:276} INFO - Executing: 
        TRUNCATE TABLE songs;
        INSERT INTO songs (songid, title, artistid, "year", duration)
        SELECT distinct song_id, title, artist_id, "year", duration
        FROM staging_songs;
    
[2025-07-25T02:00:24.499+0000] {base.py:84} INFO - Using connection ID 'postgres_default' for task execution.
[2025-07-25T02:00:24.521+0000] {base.py:84} INFO - Using connection ID 'postgres_default' for task execution.
[2025-07-25T02:00:24.535+0000] {sql.py:487} INFO - Running statement: 
        TRUNCATE TABLE songs;
        INSERT INTO songs (songid, title, artistid, "year", duration)
        SELECT distinct song_id, title, artist_id, "year", duration
        FROM staging_songs;
    , parameters: None
[2025-07-25T02:00:24.570+0000] {sql.py:496} INFO - Rows affected: 71
[2025-07-25T02:00:24.582+0000] {taskinstance.py:441} INFO - ::group::Post task execution logs
[2025-07-25T02:00:24.610+0000] {taskinstance.py:1206} INFO - Marking task as SUCCESS. dag_id=tunestream_etl_pipeline, task_id=Load_song_dim_table, run_id=manual__2025-07-25T01:56:10.906355+00:00, execution_date=20250725T015610, start_date=20250725T020023, end_date=20250725T020024
[2025-07-25T02:00:24.733+0000] {local_task_job_runner.py:240} INFO - Task exited with return code 0
[2025-07-25T02:00:24.772+0000] {warnings.py:109} WARNING - /home/***/.local/lib/python3.10/site-packages/***/models/baseoperator.py:1297: AirflowProviderDeprecationWarning: Call to deprecated class PostgresOperator. (Please use `***.providers.common.sql.operators.sql.SQLExecuteQueryOperator`.Also, you can provide `hook_params={'schema': <database>}`.)
  result = cls.__new__(cls)

[2025-07-25T02:00:24.812+0000] {taskinstance.py:3503} INFO - 0 downstream tasks scheduled from follow-on schedule check
[2025-07-25T02:00:24.818+0000] {local_task_job_runner.py:222} INFO - ::endgroup::
