[2025-07-25T06:52:13.607+0000] {local_task_job_runner.py:120} INFO - ::group::Pre task execution logs
[2025-07-25T06:52:13.637+0000] {taskinstance.py:2076} INFO - Dependencies all met for dep_context=non-requeueable deps ti=<TaskInstance: tunestream_etl_pipeline.Run_data_quality_checks manual__2025-07-25T06:48:52.471068+00:00 [queued]>
[2025-07-25T06:52:13.648+0000] {taskinstance.py:2076} INFO - Dependencies all met for dep_context=requeueable deps ti=<TaskInstance: tunestream_etl_pipeline.Run_data_quality_checks manual__2025-07-25T06:48:52.471068+00:00 [queued]>
[2025-07-25T06:52:13.649+0000] {taskinstance.py:2306} INFO - Starting attempt 1 of 2
[2025-07-25T06:52:13.667+0000] {taskinstance.py:2330} INFO - Executing <Task(PythonOperator): Run_data_quality_checks> on 2025-07-25 06:48:52.471068+00:00
[2025-07-25T06:52:13.677+0000] {standard_task_runner.py:63} INFO - Started process 149 to run task
[2025-07-25T06:52:13.681+0000] {standard_task_runner.py:90} INFO - Running: ['***', 'tasks', 'run', 'tunestream_etl_pipeline', 'Run_data_quality_checks', 'manual__2025-07-25T06:48:52.471068+00:00', '--job-id', '82', '--raw', '--subdir', 'DAGS_FOLDER/final_exam_src.py', '--cfg-path', '/tmp/tmpseu29osl']
[2025-07-25T06:52:13.685+0000] {standard_task_runner.py:91} INFO - Job 82: Subtask Run_data_quality_checks
[2025-07-25T06:52:13.762+0000] {task_command.py:426} INFO - Running <TaskInstance: tunestream_etl_pipeline.Run_data_quality_checks manual__2025-07-25T06:48:52.471068+00:00 [running]> on host f0ac0c7b7f5e
[2025-07-25T06:52:13.859+0000] {taskinstance.py:2648} INFO - Exporting env vars: AIRFLOW_CTX_DAG_OWNER='QuangBLM1' AIRFLOW_CTX_DAG_ID='tunestream_etl_pipeline' AIRFLOW_CTX_TASK_ID='Run_data_quality_checks' AIRFLOW_CTX_EXECUTION_DATE='2025-07-25T06:48:52.471068+00:00' AIRFLOW_CTX_TRY_NUMBER='1' AIRFLOW_CTX_DAG_RUN_ID='manual__2025-07-25T06:48:52.471068+00:00'
[2025-07-25T06:52:13.862+0000] {taskinstance.py:430} INFO - ::endgroup::
[2025-07-25T06:52:13.875+0000] {base.py:84} INFO - Using connection ID 'postgres_default' for task execution.
[2025-07-25T06:52:13.882+0000] {sql.py:487} INFO - Running statement: SELECT COUNT(*) FROM songplays, parameters: None
[2025-07-25T06:52:13.886+0000] {sql.py:496} INFO - Rows affected: 1
[2025-07-25T06:52:13.887+0000] {logging_mixin.py:188} INFO - Data quality check passed for songplays with 6820 records.
[2025-07-25T06:52:13.898+0000] {base.py:84} INFO - Using connection ID 'postgres_default' for task execution.
[2025-07-25T06:52:13.904+0000] {sql.py:487} INFO - Running statement: SELECT COUNT(*) FROM users, parameters: None
[2025-07-25T06:52:13.906+0000] {sql.py:496} INFO - Rows affected: 1
[2025-07-25T06:52:13.908+0000] {logging_mixin.py:188} INFO - Data quality check passed for users with 96 records.
[2025-07-25T06:52:13.917+0000] {base.py:84} INFO - Using connection ID 'postgres_default' for task execution.
[2025-07-25T06:52:13.924+0000] {sql.py:487} INFO - Running statement: SELECT COUNT(*) FROM artists, parameters: None
[2025-07-25T06:52:13.927+0000] {sql.py:496} INFO - Rows affected: 1
[2025-07-25T06:52:13.928+0000] {logging_mixin.py:188} INFO - Data quality check passed for artists with 69 records.
[2025-07-25T06:52:13.939+0000] {base.py:84} INFO - Using connection ID 'postgres_default' for task execution.
[2025-07-25T06:52:13.946+0000] {sql.py:487} INFO - Running statement: SELECT COUNT(*) FROM time, parameters: None
[2025-07-25T06:52:13.948+0000] {sql.py:496} INFO - Rows affected: 1
[2025-07-25T06:52:13.949+0000] {logging_mixin.py:188} INFO - Data quality check passed for time with 6813 records.
[2025-07-25T06:52:13.958+0000] {base.py:84} INFO - Using connection ID 'postgres_default' for task execution.
[2025-07-25T06:52:13.964+0000] {sql.py:487} INFO - Running statement: SELECT COUNT(*) FROM songs, parameters: None
[2025-07-25T06:52:13.966+0000] {sql.py:496} INFO - Rows affected: 1
[2025-07-25T06:52:13.967+0000] {logging_mixin.py:188} INFO - Data quality check passed for songs with 71 records.
[2025-07-25T06:52:13.968+0000] {python.py:237} INFO - Done. Returned value was: None
[2025-07-25T06:52:13.969+0000] {taskinstance.py:441} INFO - ::group::Post task execution logs
[2025-07-25T06:52:13.982+0000] {taskinstance.py:1206} INFO - Marking task as SUCCESS. dag_id=tunestream_etl_pipeline, task_id=Run_data_quality_checks, run_id=manual__2025-07-25T06:48:52.471068+00:00, execution_date=20250725T064852, start_date=20250725T065213, end_date=20250725T065213
[2025-07-25T06:52:14.015+0000] {local_task_job_runner.py:240} INFO - Task exited with return code 0
[2025-07-25T06:52:14.037+0000] {taskinstance.py:3503} INFO - 0 downstream tasks scheduled from follow-on schedule check
[2025-07-25T06:52:14.041+0000] {local_task_job_runner.py:222} INFO - ::endgroup::
