[2025-07-25T09:03:22.494+0000] {local_task_job_runner.py:120} INFO - ::group::Pre task execution logs
[2025-07-25T09:03:22.523+0000] {taskinstance.py:2076} INFO - Dependencies all met for dep_context=non-requeueable deps ti=<TaskInstance: tunestream_etl_pipeline.Load_song_dim_table scheduled__2025-07-25T08:00:00+00:00 [queued]>
[2025-07-25T09:03:22.535+0000] {taskinstance.py:2076} INFO - Dependencies all met for dep_context=requeueable deps ti=<TaskInstance: tunestream_etl_pipeline.Load_song_dim_table scheduled__2025-07-25T08:00:00+00:00 [queued]>
[2025-07-25T09:03:22.536+0000] {taskinstance.py:2306} INFO - Starting attempt 1 of 4
[2025-07-25T09:03:22.559+0000] {taskinstance.py:2330} INFO - Executing <Task(PostgresOperator): Load_song_dim_table> on 2025-07-25 08:00:00+00:00
[2025-07-25T09:03:22.571+0000] {standard_task_runner.py:63} INFO - Started process 2344 to run task
[2025-07-25T09:03:22.576+0000] {standard_task_runner.py:90} INFO - Running: ['***', 'tasks', 'run', 'tunestream_etl_pipeline', 'Load_song_dim_table', 'scheduled__2025-07-25T08:00:00+00:00', '--job-id', '291', '--raw', '--subdir', 'DAGS_FOLDER/final_exam_src.py', '--cfg-path', '/tmp/tmpvg7dcyds']
[2025-07-25T09:03:22.580+0000] {standard_task_runner.py:91} INFO - Job 291: Subtask Load_song_dim_table
[2025-07-25T09:03:22.666+0000] {task_command.py:426} INFO - Running <TaskInstance: tunestream_etl_pipeline.Load_song_dim_table scheduled__2025-07-25T08:00:00+00:00 [running]> on host f0ac0c7b7f5e
[2025-07-25T09:03:22.781+0000] {taskinstance.py:2648} INFO - Exporting env vars: AIRFLOW_CTX_DAG_OWNER='QuangBLM1' AIRFLOW_CTX_DAG_ID='tunestream_etl_pipeline' AIRFLOW_CTX_TASK_ID='Load_song_dim_table' AIRFLOW_CTX_EXECUTION_DATE='2025-07-25T08:00:00+00:00' AIRFLOW_CTX_TRY_NUMBER='1' AIRFLOW_CTX_DAG_RUN_ID='scheduled__2025-07-25T08:00:00+00:00'
[2025-07-25T09:03:22.784+0000] {taskinstance.py:430} INFO - ::endgroup::
[2025-07-25T09:03:22.785+0000] {sql.py:276} INFO - Executing: 
        TRUNCATE TABLE songs;
        INSERT INTO songs (songid, title, artistid, "year", duration)
        SELECT distinct song_id, title, artist_id, "year", duration
        FROM staging_songs;
    
[2025-07-25T09:03:22.798+0000] {base.py:84} INFO - Using connection ID 'postgres_default' for task execution.
[2025-07-25T09:03:22.811+0000] {base.py:84} INFO - Using connection ID 'postgres_default' for task execution.
[2025-07-25T09:03:22.818+0000] {sql.py:487} INFO - Running statement: 
        TRUNCATE TABLE songs;
        INSERT INTO songs (songid, title, artistid, "year", duration)
        SELECT distinct song_id, title, artist_id, "year", duration
        FROM staging_songs;
    , parameters: None
[2025-07-25T09:03:22.840+0000] {sql.py:496} INFO - Rows affected: 71
[2025-07-25T09:03:22.847+0000] {taskinstance.py:441} INFO - ::group::Post task execution logs
[2025-07-25T09:03:22.859+0000] {taskinstance.py:1206} INFO - Marking task as SUCCESS. dag_id=tunestream_etl_pipeline, task_id=Load_song_dim_table, run_id=scheduled__2025-07-25T08:00:00+00:00, execution_date=20250725T080000, start_date=20250725T090322, end_date=20250725T090322
[2025-07-25T09:03:22.909+0000] {local_task_job_runner.py:240} INFO - Task exited with return code 0
[2025-07-25T09:03:22.925+0000] {warnings.py:109} WARNING - /home/***/.local/lib/python3.10/site-packages/***/models/baseoperator.py:1297: AirflowProviderDeprecationWarning: Call to deprecated class PostgresOperator. (Please use `***.providers.common.sql.operators.sql.SQLExecuteQueryOperator`.Also, you can provide `hook_params={'schema': <database>}`.)
  result = cls.__new__(cls)

[2025-07-25T09:03:22.944+0000] {taskinstance.py:3503} INFO - 1 downstream tasks scheduled from follow-on schedule check
[2025-07-25T09:03:22.960+0000] {local_task_job_runner.py:222} INFO - ::endgroup::
